#
# A fatal error has been detected by the Java Runtime Environment:
#
#  EXCEPTION_ACCESS_VIOLATION (0xc0000005) at pc=0x00007ff80769d770, pid=18464, tid=31044
#
# JRE version: OpenJDK Runtime Environment Temurin-17.0.7+7 (17.0.7+7) (build 17.0.7+7)
# Java VM: OpenJDK 64-Bit Server VM Temurin-17.0.7+7 (17.0.7+7, mixed mode, tiered, compressed oops, compressed class ptrs, g1 gc, windows-amd64)
# Problematic frame:
# C  [nvoglv64.dll+0x127d770]
#
# No core dump will be written. Minidumps are not enabled by default on client versions of Windows
#
# If you would like to submit a bug report, please visit:
#   https://github.com/adoptium/adoptium-support/issues
# The crash happened outside the Java Virtual Machine in native code.
# See problematic frame for where to report the bug.
#

---------------  S U M M A R Y ------------

Command Line: -Dfile.encoding=UTF-8 -XX:+ShowCodeDetailsInExceptionMessages main.Main

Host: Intel(R) Core(TM) i7-7700 CPU @ 3.60GHz, 8 cores, 23G,  Windows 10 , 64 bit Build 19041 (10.0.19041.5198)
Time: Fri Jan 31 16:51:02 2025 US Mountain Standard Time elapsed time: 2.415834 seconds (0d 0h 0m 2s)

---------------  T H R E A D  ---------------

Current thread (0x000001cc10f16380):  JavaThread "main" [_thread_in_native, id=31044, stack(0x00000049e9000000,0x00000049e9100000)]

Stack: [0x00000049e9000000,0x00000049e9100000],  sp=0x00000049e90fee18,  free space=1019k
Native frames: (J=compiled Java code, j=interpreted, Vv=VM code, C=native code)
C  [nvoglv64.dll+0x127d770]

Java frames: (J=compiled Java code, j=interpreted, Vv=VM code)
j  org.lwjgl.opengl.GL11C.nglDrawElements(IIIJ)V+0
j  org.lwjgl.opengl.GL11C.glDrawElements(IIIJ)V+4
j  org.lwjgl.opengl.GL11.glDrawElements(IIIJ)V+4
j  shadows.ShadowMapRenderer.renderShadowMapForLight(Lentities/Light;Ljava/util/List;)V+688
j  renderer.MasterRenderer.render(Ljava/util/List;Ljava/util/List;Lentities/Camera;)V+30
j  main.Main.loop()V+303
j  main.Main.run()V+5
j  main.Main.main([Ljava/lang/String;)V+7
v  ~StubRoutines::call_stub

siginfo: EXCEPTION_ACCESS_VIOLATION (0xc0000005), reading address 0x0000000000000000


Register to memory mapping:

RIP=0x00007ff80769d770 nvoglv64.dll
RAX=0x0000000000022006 is an unknown value
RBX=0x000001cc3f6c2888 points into unknown readable memory: 0x0000000400022006 | 06 20 02 00 04 00 00 00
RCX=0x000001cc3f6c28a4 points into unknown readable memory: f6 61 00 00
RDX=0x0 is NULL
RSP=0x00000049e90fee18 is pointing into the stack for thread: 0x000001cc10f16380
RBP=0x0000000000000044 is an unknown value
RSI=0x0000000000000006 is an unknown value
RDI=0x000001cc3aa0e080 points into unknown readable memory: 0x0000000000000000 | 00 00 00 00 00 00 00 00
R8 =0x0000000000000018 is an unknown value
R9 =0x000001cc3f6c2888 points into unknown readable memory: 0x0000000400022006 | 06 20 02 00 04 00 00 00
R10=0x0 is NULL
R11=0x000001cc3f6c28a4 points into unknown readable memory: f6 61 00 00
R12=0x0000000000000004 is an unknown value
R13=0x0000000000001405 is an unknown value
R14=0x0000000000000018 is an unknown value
R15=0x0 is NULL


Registers:
RAX=0x0000000000022006, RBX=0x000001cc3f6c2888, RCX=0x000001cc3f6c28a4, RDX=0x0000000000000000
RSP=0x00000049e90fee18, RBP=0x0000000000000044, RSI=0x0000000000000006, RDI=0x000001cc3aa0e080
R8 =0x0000000000000018, R9 =0x000001cc3f6c2888, R10=0x0000000000000000, R11=0x000001cc3f6c28a4
R12=0x0000000000000004, R13=0x0000000000001405, R14=0x0000000000000018, R15=0x0000000000000000
RIP=0x00007ff80769d770, EFLAGS=0x0000000000010283

Top of Stack: (sp=0x00000049e90fee18)
0x00000049e90fee18:   00007ff806ccc19c 00000008000cc250
0x00000049e90fee28:   000001cc35895b58 00000049e90fef40
0x00000049e90fee38:   00007fffc2e03d92 000000000017555d
0x00000049e90fee48:   000001cc1bb2bb65 000001cc10f16380
0x00000049e90fee58:   000001cc10f16380 000001cc35895b58
0x00000049e90fee68:   000001cc10f16380 000001cc1bb094fe
0x00000049e90fee78:   000001cc1bb0d48e 000001cc10f16380
0x00000049e90fee88:   000001cc35895b58 0000000000000000
0x00000049e90fee98:   000001cc1bb094fe 00000008000cc250
0x00000049e90feea8:   000001cc1bb0d621 00000049e90fef40
0x00000049e90feeb8:   00000049e90fef00 00000049e90fef80
0x00000049e90feec8:   000001cc35895b58 000001cc00001405
0x00000049e90feed8:   0000000000000000 3ff0000000000000
0x00000049e90feee8:   000001cc10f16380 000001cc1bb0d2f6
0x00000049e90feef8:   00000049e90feef8 000001cc35895b58
0x00000049e90fef08:   00000049e90fef80 000001cc358a01e8 

Instructions: (pc=0x00007ff80769d770)
0x00007ff80769d670:   33 c0 c3 1b c0 83 d8 ff c3 90 49 c1 e9 02 74 37
0x00007ff80769d680:   48 8b 01 48 3b 04 11 75 5b 48 8b 41 08 48 3b 44
0x00007ff80769d690:   11 08 75 4c 48 8b 41 10 48 3b 44 11 10 75 3d 48
0x00007ff80769d6a0:   8b 41 18 48 3b 44 11 18 75 2e 48 83 c1 20 49 ff
0x00007ff80769d6b0:   c9 75 cd 49 83 e0 1f 4d 8b c8 49 c1 e9 03 74 9b
0x00007ff80769d6c0:   48 8b 01 48 3b 04 11 75 1b 48 83 c1 08 49 ff c9
0x00007ff80769d6d0:   75 ee 49 83 e0 07 eb 83 48 83 c1 08 48 83 c1 08
0x00007ff80769d6e0:   48 83 c1 08 48 8b 0c 0a 48 0f c8 48 0f c9 48 3b
0x00007ff80769d6f0:   c1 1b c0 83 d8 ff c3 cc cc cc cc cc cc cc cc cc
0x00007ff80769d700:   cc cc cc cc cc cc 66 66 0f 1f 84 00 00 00 00 00
0x00007ff80769d710:   57 56 49 8b c3 48 8b f9 49 8b c8 49 8b f2 f3 a4
0x00007ff80769d720:   5e 5f c3 cc cc cc cc cc cc 0f 1f 80 00 00 00 00
0x00007ff80769d730:   4c 8b d9 4c 8b d2 49 83 f8 10 76 54 49 83 f8 20
0x00007ff80769d740:   76 2e 48 2b d1 73 0d 4b 8d 04 10 48 3b c8 0f 82
0x00007ff80769d750:   dc 02 00 00 49 81 f8 80 00 00 00 0f 86 0f 02 00
0x00007ff80769d760:   00 f6 05 18 e0 b7 01 02 0f 84 52 01 00 00 eb a0
0x00007ff80769d770:   0f 10 02 42 0f 10 4c 02 f0 0f 11 01 42 0f 11 4c
0x00007ff80769d780:   01 f0 48 8b c1 c3 66 66 0f 1f 84 00 00 00 00 00
0x00007ff80769d790:   48 8b c1 4c 8d 0d 66 28 d8 fe 43 8b 8c 81 10 7a
0x00007ff80769d7a0:   f6 02 49 03 c9 ff e1 66 0f 1f 84 00 00 00 00 00
0x00007ff80769d7b0:   c3 0f b7 0a 66 89 08 c3 48 8b 0a 48 89 08 c3 0f
0x00007ff80769d7c0:   b7 0a 44 0f b6 42 02 66 89 08 44 88 40 02 c3 0f
0x00007ff80769d7d0:   b6 0a 88 08 c3 f3 0f 6f 02 f3 0f 7f 00 c3 66 90
0x00007ff80769d7e0:   4c 8b 02 0f b7 4a 08 44 0f b6 4a 0a 4c 89 00 66
0x00007ff80769d7f0:   89 48 08 44 88 48 0a c3 8b 0a 89 08 c3 0f 1f 00
0x00007ff80769d800:   8b 0a 44 0f b6 42 04 89 08 44 88 40 04 c3 66 90
0x00007ff80769d810:   8b 0a 44 0f b7 42 04 89 08 66 44 89 40 04 c3 90
0x00007ff80769d820:   8b 0a 44 0f b7 42 04 44 0f b6 4a 06 89 08 66 44
0x00007ff80769d830:   89 40 04 44 88 48 06 c3 4c 8b 02 8b 4a 08 44 0f
0x00007ff80769d840:   b6 4a 0c 4c 89 00 89 48 08 44 88 48 0c c3 66 90
0x00007ff80769d850:   4c 8b 02 0f b6 4a 08 4c 89 00 88 48 08 c3 66 90
0x00007ff80769d860:   4c 8b 02 0f b7 4a 08 4c 89 00 66 89 48 08 c3 90 


Stack slot to memory mapping:
stack at sp + 0 slots: 0x00007ff806ccc19c nvoglv64.dll
stack at sp + 1 slots: 0x00000008000cc250 is a pointer to class: 
org.lwjgl.system.MemoryStack {0x00000008000cc258}
 - instance size:     5
 - klass size:        181
 - access:            public synchronized 
 - state:             fully_initialized
 - name:              'org/lwjgl/system/MemoryStack'
 - super:             'org/lwjgl/system/Pointer$Default'
 - sub:               'org/lwjgl/system/MemoryStack$DebugMemoryStack'   
 - arrays:            NULL
 - methods:           Array<T>(0x000001cc356334c0)
 - method ordering:   Array<T>(0x000001cc35000018)
 - default_methods:   Array<T>(0x0000000000000000)
 - local interfaces:  Array<T>(0x000001cc356333f0)
 - trans. interfaces: Array<T>(0x000001cc35640478)
 - constants:         constant pool [810]/operands[7] {0x000001cc35631938} for 'org/lwjgl/system/MemoryStack' cache=0x000001cc35640dd8
 - class loader data:  loader data: 0x000001cc3487de00 for instance a 'jdk/internal/loader/ClassLoaders$AppClassLoader'{0x00000006814013f0}
 - source file:       'MemoryStack.java'
 - class annotations:       Array<T>(0x0000000000000000)
 - class type annotations:  Array<T>(0x0000000000000000)
 - field annotations:       Array<T>(0x000001cc35633410)
 - field type annotations:  Array<T>(0x0000000000000000)
 - inner classes:     Array<T>(0x000001cc35640430)
 - nest members:     Array<T>(0x000001cc35000028)
 - permitted subclasses:     Array<T>(0x000001cc35000028)
 - java mirror:       a 'java/lang/Class'{0x0000000681479c58} = 'org/lwjgl/system/MemoryStack'
 - vtable length      115  (start addr: 0x00000008000cc418)
 - itable length      8 (start addr: 0x00000008000cc7b0)
 - ---- static fields (2 words):
 - private static final 'DEFAULT_STACK_SIZE' 'I' @116 
 - private static final 'DEFAULT_STACK_FRAMES' 'I' @120 
 - private static final 'TLS' 'Ljava/lang/ThreadLocal;' @112 
 - ---- non-static fields (7 words):
 - protected 'address' 'J' @16 
 - private final 'size' 'I' @12 
 - private 'pointer' 'I' @24 
 - protected 'frameIndex' 'I' @28 
 - private final 'container' 'Ljava/nio/ByteBuffer;' @32 
 - private 'frames' '[I' @36 
 - non-static oop maps: 32-36 
stack at sp + 2 slots: {method} {0x000001cc35895b60} 'nglDrawElements' '(IIIJ)V' in 'org/lwjgl/opengl/GL11C'
stack at sp + 3 slots: 0x00000049e90fef40 is pointing into the stack for thread: 0x000001cc10f16380
stack at sp + 4 slots: 0x00007fffc2e03d92 jvm.dll
stack at sp + 5 slots: 0x000000000017555d is an unknown value
stack at sp + 6 slots: 0x000001cc1bb2bb65 is at code_begin+4453 in 
[CodeBlob (0x000001cc1bb2a990)]
Framesize: 0
BufferBlob (0x000001cc1bb2a990) used for native signature handlers
stack at sp + 7 slots: 0x000001cc10f16380 is a thread


---------------  P R O C E S S  ---------------

Threads class SMR info:
_java_thread_list=0x000001cc3fb2c970, length=12, elements={
0x000001cc10f16380, 0x000001cc347776c0, 0x000001cc347786c0, 0x000001cc34783960,
0x000001cc34784220, 0x000001cc34784ae0, 0x000001cc347c1420, 0x000001cc347d3170,
0x000001cc347d5740, 0x000001cc347d7c60, 0x000001cc3494af70, 0x000001cc34955880
}

Java Threads: ( => current thread )
=>0x000001cc10f16380 JavaThread "main" [_thread_in_native, id=31044, stack(0x00000049e9000000,0x00000049e9100000)]
  0x000001cc347776c0 JavaThread "Reference Handler" daemon [_thread_blocked, id=30712, stack(0x00000049e9700000,0x00000049e9800000)]
  0x000001cc347786c0 JavaThread "Finalizer" daemon [_thread_blocked, id=29980, stack(0x00000049e9800000,0x00000049e9900000)]
  0x000001cc34783960 JavaThread "Signal Dispatcher" daemon [_thread_blocked, id=25604, stack(0x00000049e9900000,0x00000049e9a00000)]
  0x000001cc34784220 JavaThread "Attach Listener" daemon [_thread_blocked, id=22864, stack(0x00000049e9a00000,0x00000049e9b00000)]
  0x000001cc34784ae0 JavaThread "Service Thread" daemon [_thread_blocked, id=29896, stack(0x00000049e9b00000,0x00000049e9c00000)]
  0x000001cc347c1420 JavaThread "Monitor Deflation Thread" daemon [_thread_blocked, id=12232, stack(0x00000049e9c00000,0x00000049e9d00000)]
  0x000001cc347d3170 JavaThread "C2 CompilerThread0" daemon [_thread_blocked, id=31304, stack(0x00000049e9d00000,0x00000049e9e00000)]
  0x000001cc347d5740 JavaThread "C1 CompilerThread0" daemon [_thread_blocked, id=23068, stack(0x00000049e9e00000,0x00000049e9f00000)]
  0x000001cc347d7c60 JavaThread "Sweeper thread" daemon [_thread_blocked, id=24272, stack(0x00000049e9f00000,0x00000049ea000000)]
  0x000001cc3494af70 JavaThread "Notification Thread" daemon [_thread_blocked, id=24592, stack(0x00000049ea000000,0x00000049ea100000)]
  0x000001cc34955880 JavaThread "Common-Cleaner" daemon [_thread_blocked, id=25724, stack(0x00000049ea200000,0x00000049ea300000)]

Other Threads:
  0x000001cc34726590 VMThread "VM Thread" [stack: 0x00000049e9600000,0x00000049e9700000] [id=20792]
  0x000001cc3487f000 WatcherThread [stack: 0x00000049ea100000,0x00000049ea200000] [id=15020]
  0x000001cc10fa2ca0 GCTaskThread "GC Thread#0" [stack: 0x00000049e9100000,0x00000049e9200000] [id=11452]
  0x000001cc3fb52d60 GCTaskThread "GC Thread#1" [stack: 0x00000049eab00000,0x00000049eac00000] [id=14764]
  0x000001cc3fd26670 GCTaskThread "GC Thread#2" [stack: 0x00000049eac00000,0x00000049ead00000] [id=27260]
  0x000001cc3fd26920 GCTaskThread "GC Thread#3" [stack: 0x00000049ead00000,0x00000049eae00000] [id=26800]
  0x000001cc3fb49f40 GCTaskThread "GC Thread#4" [stack: 0x00000049eae00000,0x00000049eaf00000] [id=27564]
  0x000001cc3fb4a1f0 GCTaskThread "GC Thread#5" [stack: 0x00000049eaf00000,0x00000049eb000000] [id=19580]
  0x000001cc3fd935a0 GCTaskThread "GC Thread#6" [stack: 0x00000049eb000000,0x00000049eb100000] [id=29300]
  0x000001cc3fb4dc30 GCTaskThread "GC Thread#7" [stack: 0x00000049eb100000,0x00000049eb200000] [id=27536]
  0x000001cc10fafab0 ConcurrentGCThread "G1 Main Marker" [stack: 0x00000049e9200000,0x00000049e9300000] [id=28304]
  0x000001cc10fb0b70 ConcurrentGCThread "G1 Conc#0" [stack: 0x00000049e9300000,0x00000049e9400000] [id=14548]
  0x000001cc10fde800 ConcurrentGCThread "G1 Refine#0" [stack: 0x00000049e9400000,0x00000049e9500000] [id=28252]
  0x000001cc345c32f0 ConcurrentGCThread "G1 Service" [stack: 0x00000049e9500000,0x00000049e9600000] [id=26092]

Threads with active compile tasks:

VM state: not at safepoint (normal execution)

VM Mutex/Monitor currently owned by a thread: None

Heap address: 0x0000000680800000, size: 6136 MB, Compressed Oops mode: Zero based, Oop shift amount: 3

CDS archive(s) not mapped
Compressed class space mapped at: 0x0000000800000000-0x0000000840000000, reserved size: 1073741824
Narrow klass base: 0x0000000800000000, Narrow klass shift: 0, Narrow klass range: 0x40000000

GC Precious Log:
 CPUs: 8 total, 8 available
 Memory: 24540M
 Large Page Support: Disabled
 NUMA Support: Disabled
 Compressed Oops: Enabled (Zero based)
 Heap Region Size: 4M
 Heap Min Capacity: 8M
 Heap Initial Capacity: 384M
 Heap Max Capacity: 6136M
 Pre-touch: Disabled
 Parallel Workers: 8
 Concurrent Workers: 2
 Concurrent Refinement Workers: 8
 Periodic GC: Disabled

Heap:
 garbage-first heap   total 393216K, used 35791K [0x0000000680800000, 0x0000000800000000)
  region size 4096K, 7 young (28672K), 1 survivors (4096K)
 Metaspace       used 12879K, committed 13056K, reserved 1114112K
  class space    used 857K, committed 960K, reserved 1048576K

Heap Regions: E=young(eden), S=young(survivor), O=old, HS=humongous(starts), HC=humongous(continues), CS=collection set, F=free, OA=open archive, CA=closed archive, TAMS=top-at-mark-start (previous, next)
|   0|0x0000000680800000, 0x0000000680c00000, 0x0000000680c00000|100%|HS|  |TAMS 0x0000000680800000, 0x0000000680800000| Complete 
|   1|0x0000000680c00000, 0x0000000681000000, 0x0000000681000000|100%|HC|  |TAMS 0x0000000680c00000, 0x0000000680c00000| Complete 
|   2|0x0000000681000000, 0x0000000681400000, 0x0000000681400000|100%|HC|  |TAMS 0x0000000681000000, 0x0000000681000000| Complete 
|   3|0x0000000681400000, 0x0000000681630c00, 0x0000000681800000| 54%| O|  |TAMS 0x0000000681400000, 0x0000000681400000| Untracked 
|   4|0x0000000681800000, 0x0000000681800000, 0x0000000681c00000|  0%| F|  |TAMS 0x0000000681800000, 0x0000000681800000| Untracked 
|   5|0x0000000681c00000, 0x0000000681c00000, 0x0000000682000000|  0%| F|  |TAMS 0x0000000681c00000, 0x0000000681c00000| Untracked 
|   6|0x0000000682000000, 0x0000000682000000, 0x0000000682400000|  0%| F|  |TAMS 0x0000000682000000, 0x0000000682000000| Untracked 
|   7|0x0000000682400000, 0x0000000682400000, 0x0000000682800000|  0%| F|  |TAMS 0x0000000682400000, 0x0000000682400000| Untracked 
|   8|0x0000000682800000, 0x0000000682800000, 0x0000000682c00000|  0%| F|  |TAMS 0x0000000682800000, 0x0000000682800000| Untracked 
|   9|0x0000000682c00000, 0x0000000682c00000, 0x0000000683000000|  0%| F|  |TAMS 0x0000000682c00000, 0x0000000682c00000| Untracked 
|  10|0x0000000683000000, 0x0000000683000000, 0x0000000683400000|  0%| F|  |TAMS 0x0000000683000000, 0x0000000683000000| Untracked 
|  11|0x0000000683400000, 0x0000000683400000, 0x0000000683800000|  0%| F|  |TAMS 0x0000000683400000, 0x0000000683400000| Untracked 
|  12|0x0000000683800000, 0x0000000683800000, 0x0000000683c00000|  0%| F|  |TAMS 0x0000000683800000, 0x0000000683800000| Untracked 
|  13|0x0000000683c00000, 0x0000000683c00000, 0x0000000684000000|  0%| F|  |TAMS 0x0000000683c00000, 0x0000000683c00000| Untracked 
|  14|0x0000000684000000, 0x0000000684000000, 0x0000000684400000|  0%| F|  |TAMS 0x0000000684000000, 0x0000000684000000| Untracked 
|  15|0x0000000684400000, 0x0000000684400000, 0x0000000684800000|  0%| F|  |TAMS 0x0000000684400000, 0x0000000684400000| Untracked 
|  16|0x0000000684800000, 0x0000000684800000, 0x0000000684c00000|  0%| F|  |TAMS 0x0000000684800000, 0x0000000684800000| Untracked 
|  17|0x0000000684c00000, 0x0000000684c00000, 0x0000000685000000|  0%| F|  |TAMS 0x0000000684c00000, 0x0000000684c00000| Untracked 
|  18|0x0000000685000000, 0x0000000685000000, 0x0000000685400000|  0%| F|  |TAMS 0x0000000685000000, 0x0000000685000000| Untracked 
|  19|0x0000000685400000, 0x0000000685400000, 0x0000000685800000|  0%| F|  |TAMS 0x0000000685400000, 0x0000000685400000| Untracked 
|  20|0x0000000685800000, 0x0000000685800000, 0x0000000685c00000|  0%| F|  |TAMS 0x0000000685800000, 0x0000000685800000| Untracked 
|  21|0x0000000685c00000, 0x0000000685c00000, 0x0000000686000000|  0%| F|  |TAMS 0x0000000685c00000, 0x0000000685c00000| Untracked 
|  22|0x0000000686000000, 0x0000000686000000, 0x0000000686400000|  0%| F|  |TAMS 0x0000000686000000, 0x0000000686000000| Untracked 
|  23|0x0000000686400000, 0x0000000686400000, 0x0000000686800000|  0%| F|  |TAMS 0x0000000686400000, 0x0000000686400000| Untracked 
|  24|0x0000000686800000, 0x0000000686800000, 0x0000000686c00000|  0%| F|  |TAMS 0x0000000686800000, 0x0000000686800000| Untracked 
|  25|0x0000000686c00000, 0x0000000686c00000, 0x0000000687000000|  0%| F|  |TAMS 0x0000000686c00000, 0x0000000686c00000| Untracked 
|  26|0x0000000687000000, 0x0000000687000000, 0x0000000687400000|  0%| F|  |TAMS 0x0000000687000000, 0x0000000687000000| Untracked 
|  27|0x0000000687400000, 0x0000000687400000, 0x0000000687800000|  0%| F|  |TAMS 0x0000000687400000, 0x0000000687400000| Untracked 
|  28|0x0000000687800000, 0x0000000687800000, 0x0000000687c00000|  0%| F|  |TAMS 0x0000000687800000, 0x0000000687800000| Untracked 
|  29|0x0000000687c00000, 0x0000000687c00000, 0x0000000688000000|  0%| F|  |TAMS 0x0000000687c00000, 0x0000000687c00000| Untracked 
|  30|0x0000000688000000, 0x0000000688000000, 0x0000000688400000|  0%| F|  |TAMS 0x0000000688000000, 0x0000000688000000| Untracked 
|  31|0x0000000688400000, 0x0000000688400000, 0x0000000688800000|  0%| F|  |TAMS 0x0000000688400000, 0x0000000688400000| Untracked 
|  32|0x0000000688800000, 0x0000000688800000, 0x0000000688c00000|  0%| F|  |TAMS 0x0000000688800000, 0x0000000688800000| Untracked 
|  33|0x0000000688c00000, 0x0000000688c00000, 0x0000000689000000|  0%| F|  |TAMS 0x0000000688c00000, 0x0000000688c00000| Untracked 
|  34|0x0000000689000000, 0x0000000689000000, 0x0000000689400000|  0%| F|  |TAMS 0x0000000689000000, 0x0000000689000000| Untracked 
|  35|0x0000000689400000, 0x0000000689400000, 0x0000000689800000|  0%| F|  |TAMS 0x0000000689400000, 0x0000000689400000| Untracked 
|  36|0x0000000689800000, 0x0000000689800000, 0x0000000689c00000|  0%| F|  |TAMS 0x0000000689800000, 0x0000000689800000| Untracked 
|  37|0x0000000689c00000, 0x0000000689c00000, 0x000000068a000000|  0%| F|  |TAMS 0x0000000689c00000, 0x0000000689c00000| Untracked 
|  38|0x000000068a000000, 0x000000068a000000, 0x000000068a400000|  0%| F|  |TAMS 0x000000068a000000, 0x000000068a000000| Untracked 
|  39|0x000000068a400000, 0x000000068a400000, 0x000000068a800000|  0%| F|  |TAMS 0x000000068a400000, 0x000000068a400000| Untracked 
|  40|0x000000068a800000, 0x000000068a800000, 0x000000068ac00000|  0%| F|  |TAMS 0x000000068a800000, 0x000000068a800000| Untracked 
|  41|0x000000068ac00000, 0x000000068ac00000, 0x000000068b000000|  0%| F|  |TAMS 0x000000068ac00000, 0x000000068ac00000| Untracked 
|  42|0x000000068b000000, 0x000000068b000000, 0x000000068b400000|  0%| F|  |TAMS 0x000000068b000000, 0x000000068b000000| Untracked 
|  43|0x000000068b400000, 0x000000068b400000, 0x000000068b800000|  0%| F|  |TAMS 0x000000068b400000, 0x000000068b400000| Untracked 
|  44|0x000000068b800000, 0x000000068b800000, 0x000000068bc00000|  0%| F|  |TAMS 0x000000068b800000, 0x000000068b800000| Untracked 
|  45|0x000000068bc00000, 0x000000068bc00000, 0x000000068c000000|  0%| F|  |TAMS 0x000000068bc00000, 0x000000068bc00000| Untracked 
|  46|0x000000068c000000, 0x000000068c000000, 0x000000068c400000|  0%| F|  |TAMS 0x000000068c000000, 0x000000068c000000| Untracked 
|  47|0x000000068c400000, 0x000000068c400000, 0x000000068c800000|  0%| F|  |TAMS 0x000000068c400000, 0x000000068c400000| Untracked 
|  48|0x000000068c800000, 0x000000068c800000, 0x000000068cc00000|  0%| F|  |TAMS 0x000000068c800000, 0x000000068c800000| Untracked 
|  49|0x000000068cc00000, 0x000000068cc00000, 0x000000068d000000|  0%| F|  |TAMS 0x000000068cc00000, 0x000000068cc00000| Untracked 
|  50|0x000000068d000000, 0x000000068d000000, 0x000000068d400000|  0%| F|  |TAMS 0x000000068d000000, 0x000000068d000000| Untracked 
|  51|0x000000068d400000, 0x000000068d400000, 0x000000068d800000|  0%| F|  |TAMS 0x000000068d400000, 0x000000068d400000| Untracked 
|  52|0x000000068d800000, 0x000000068d800000, 0x000000068dc00000|  0%| F|  |TAMS 0x000000068d800000, 0x000000068d800000| Untracked 
|  53|0x000000068dc00000, 0x000000068dc00000, 0x000000068e000000|  0%| F|  |TAMS 0x000000068dc00000, 0x000000068dc00000| Untracked 
|  54|0x000000068e000000, 0x000000068e000000, 0x000000068e400000|  0%| F|  |TAMS 0x000000068e000000, 0x000000068e000000| Untracked 
|  55|0x000000068e400000, 0x000000068e400000, 0x000000068e800000|  0%| F|  |TAMS 0x000000068e400000, 0x000000068e400000| Untracked 
|  56|0x000000068e800000, 0x000000068e800000, 0x000000068ec00000|  0%| F|  |TAMS 0x000000068e800000, 0x000000068e800000| Untracked 
|  57|0x000000068ec00000, 0x000000068ec00000, 0x000000068f000000|  0%| F|  |TAMS 0x000000068ec00000, 0x000000068ec00000| Untracked 
|  58|0x000000068f000000, 0x000000068f000000, 0x000000068f400000|  0%| F|  |TAMS 0x000000068f000000, 0x000000068f000000| Untracked 
|  59|0x000000068f400000, 0x000000068f400000, 0x000000068f800000|  0%| F|  |TAMS 0x000000068f400000, 0x000000068f400000| Untracked 
|  60|0x000000068f800000, 0x000000068f800000, 0x000000068fc00000|  0%| F|  |TAMS 0x000000068f800000, 0x000000068f800000| Untracked 
|  61|0x000000068fc00000, 0x000000068fc00000, 0x0000000690000000|  0%| F|  |TAMS 0x000000068fc00000, 0x000000068fc00000| Untracked 
|  62|0x0000000690000000, 0x0000000690000000, 0x0000000690400000|  0%| F|  |TAMS 0x0000000690000000, 0x0000000690000000| Untracked 
|  63|0x0000000690400000, 0x0000000690400000, 0x0000000690800000|  0%| F|  |TAMS 0x0000000690400000, 0x0000000690400000| Untracked 
|  64|0x0000000690800000, 0x0000000690800000, 0x0000000690c00000|  0%| F|  |TAMS 0x0000000690800000, 0x0000000690800000| Untracked 
|  65|0x0000000690c00000, 0x0000000690c00000, 0x0000000691000000|  0%| F|  |TAMS 0x0000000690c00000, 0x0000000690c00000| Untracked 
|  66|0x0000000691000000, 0x0000000691000000, 0x0000000691400000|  0%| F|  |TAMS 0x0000000691000000, 0x0000000691000000| Untracked 
|  67|0x0000000691400000, 0x0000000691400000, 0x0000000691800000|  0%| F|  |TAMS 0x0000000691400000, 0x0000000691400000| Untracked 
|  68|0x0000000691800000, 0x0000000691800000, 0x0000000691c00000|  0%| F|  |TAMS 0x0000000691800000, 0x0000000691800000| Untracked 
|  69|0x0000000691c00000, 0x0000000691c00000, 0x0000000692000000|  0%| F|  |TAMS 0x0000000691c00000, 0x0000000691c00000| Untracked 
|  70|0x0000000692000000, 0x0000000692000000, 0x0000000692400000|  0%| F|  |TAMS 0x0000000692000000, 0x0000000692000000| Untracked 
|  71|0x0000000692400000, 0x0000000692400000, 0x0000000692800000|  0%| F|  |TAMS 0x0000000692400000, 0x0000000692400000| Untracked 
|  72|0x0000000692800000, 0x0000000692800000, 0x0000000692c00000|  0%| F|  |TAMS 0x0000000692800000, 0x0000000692800000| Untracked 
|  73|0x0000000692c00000, 0x0000000692c00000, 0x0000000693000000|  0%| F|  |TAMS 0x0000000692c00000, 0x0000000692c00000| Untracked 
|  74|0x0000000693000000, 0x0000000693000000, 0x0000000693400000|  0%| F|  |TAMS 0x0000000693000000, 0x0000000693000000| Untracked 
|  75|0x0000000693400000, 0x0000000693400000, 0x0000000693800000|  0%| F|  |TAMS 0x0000000693400000, 0x0000000693400000| Untracked 
|  76|0x0000000693800000, 0x0000000693800000, 0x0000000693c00000|  0%| F|  |TAMS 0x0000000693800000, 0x0000000693800000| Untracked 
|  77|0x0000000693c00000, 0x0000000693c00000, 0x0000000694000000|  0%| F|  |TAMS 0x0000000693c00000, 0x0000000693c00000| Untracked 
|  78|0x0000000694000000, 0x0000000694000000, 0x0000000694400000|  0%| F|  |TAMS 0x0000000694000000, 0x0000000694000000| Untracked 
|  79|0x0000000694400000, 0x0000000694400000, 0x0000000694800000|  0%| F|  |TAMS 0x0000000694400000, 0x0000000694400000| Untracked 
|  80|0x0000000694800000, 0x0000000694800000, 0x0000000694c00000|  0%| F|  |TAMS 0x0000000694800000, 0x0000000694800000| Untracked 
|  81|0x0000000694c00000, 0x0000000694c00000, 0x0000000695000000|  0%| F|  |TAMS 0x0000000694c00000, 0x0000000694c00000| Untracked 
|  82|0x0000000695000000, 0x0000000695000000, 0x0000000695400000|  0%| F|  |TAMS 0x0000000695000000, 0x0000000695000000| Untracked 
|  83|0x0000000695400000, 0x0000000695400000, 0x0000000695800000|  0%| F|  |TAMS 0x0000000695400000, 0x0000000695400000| Untracked 
|  84|0x0000000695800000, 0x0000000695800000, 0x0000000695c00000|  0%| F|  |TAMS 0x0000000695800000, 0x0000000695800000| Untracked 
|  85|0x0000000695c00000, 0x0000000695c00000, 0x0000000696000000|  0%| F|  |TAMS 0x0000000695c00000, 0x0000000695c00000| Untracked 
|  86|0x0000000696000000, 0x0000000696000000, 0x0000000696400000|  0%| F|  |TAMS 0x0000000696000000, 0x0000000696000000| Untracked 
|  87|0x0000000696400000, 0x00000006964c3090, 0x0000000696800000| 19%| S|CS|TAMS 0x0000000696400000, 0x0000000696400000| Complete 
|  88|0x0000000696800000, 0x0000000696800000, 0x0000000696c00000|  0%| F|  |TAMS 0x0000000696800000, 0x0000000696800000| Untracked 
|  89|0x0000000696c00000, 0x0000000696c00000, 0x0000000697000000|  0%| F|  |TAMS 0x0000000696c00000, 0x0000000696c00000| Untracked 
|  90|0x0000000697000000, 0x0000000697200800, 0x0000000697400000| 50%| E|  |TAMS 0x0000000697000000, 0x0000000697000000| Complete 
|  91|0x0000000697400000, 0x0000000697800000, 0x0000000697800000|100%| E|CS|TAMS 0x0000000697400000, 0x0000000697400000| Complete 
|  92|0x0000000697800000, 0x0000000697c00000, 0x0000000697c00000|100%| E|CS|TAMS 0x0000000697800000, 0x0000000697800000| Complete 
|  93|0x0000000697c00000, 0x0000000698000000, 0x0000000698000000|100%| E|CS|TAMS 0x0000000697c00000, 0x0000000697c00000| Complete 
|  94|0x0000000698000000, 0x0000000698400000, 0x0000000698400000|100%| E|CS|TAMS 0x0000000698000000, 0x0000000698000000| Complete 
|  95|0x0000000698400000, 0x0000000698800000, 0x0000000698800000|100%| E|CS|TAMS 0x0000000698400000, 0x0000000698400000| Complete 

Card table byte_map: [0x000001cc24500000,0x000001cc25100000] _byte_map_base: 0x000001cc210fc000

Marking Bits (Prev, Next): (CMBitMap*) 0x000001cc10fa31c0, (CMBitMap*) 0x000001cc10fa3200
 Prev Bits: [0x000001cc25d00000, 0x000001cc2bce0000)
 Next Bits: [0x000001cc2bce0000, 0x000001cc31cc0000)

Polling page: 0x000001cc0ef10000

Metaspace:

Usage:
  Non-class:     11.74 MB used.
      Class:    857.20 KB used.
       Both:     12.58 MB used.

Virtual space:
  Non-class space:       64.00 MB reserved,      11.81 MB ( 18%) committed,  1 nodes.
      Class space:        1.00 GB reserved,     960.00 KB ( <1%) committed,  1 nodes.
             Both:        1.06 GB reserved,      12.75 MB (  1%) committed. 

Chunk freelists:
   Non-Class:  4.06 MB
       Class:  15.08 MB
        Both:  19.14 MB

MaxMetaspaceSize: unlimited
CompressedClassSpaceSize: 1.00 GB
Initial GC threshold: 21.00 MB
Current GC threshold: 21.00 MB
CDS: off
MetaspaceReclaimPolicy: balanced
 - commit_granule_bytes: 65536.
 - commit_granule_words: 8192.
 - virtual_space_node_default_size: 8388608.
 - enlarge_chunks_in_place: 1.
 - new_chunks_are_fully_committed: 0.
 - uncommit_free_chunks: 1.
 - use_allocation_guard: 0.
 - handle_deallocations: 1.


Internal statistics:

num_allocs_failed_limit: 0.
num_arena_births: 68.
num_arena_deaths: 0.
num_vsnodes_births: 2.
num_vsnodes_deaths: 0.
num_space_committed: 202.
num_space_uncommitted: 0.
num_chunks_returned_to_freelist: 0.
num_chunks_taken_from_freelist: 257.
num_chunk_merges: 0.
num_chunk_splits: 175.
num_chunks_enlarged: 136.
num_inconsistent_stats: 0.

CodeHeap 'non-profiled nmethods': size=120000Kb used=436Kb max_used=436Kb free=119563Kb
 bounds [0x000001cc1c0a0000, 0x000001cc1c310000, 0x000001cc235d0000]
CodeHeap 'profiled nmethods': size=120000Kb used=1588Kb max_used=1588Kb free=118411Kb
 bounds [0x000001cc145d0000, 0x000001cc14840000, 0x000001cc1bb00000]
CodeHeap 'non-nmethods': size=5760Kb used=1685Kb max_used=1741Kb free=4074Kb
 bounds [0x000001cc1bb00000, 0x000001cc1bd70000, 0x000001cc1c0a0000]
 total_blobs=2081 nmethods=938 adapters=1056
 compilation: enabled
              stopped_count=0, restarted_count=0
 full_count=0

Compilation events (20 events):
Event: 2.373 Thread 0x000001cc347d3170  929       4       java.util.Random::nextInt (74 bytes)
Event: 2.375 Thread 0x000001cc347d3170 nmethod 929 0x000001cc1c10b610 code [0x000001cc1c10b7a0, 0x000001cc1c10b958]
Event: 2.375 Thread 0x000001cc347d3170  930       4       java.util.Random::next (47 bytes)
Event: 2.376 Thread 0x000001cc347d3170 nmethod 930 0x000001cc1c10bb10 code [0x000001cc1c10bc80, 0x000001cc1c10bd78]
Event: 2.378 Thread 0x000001cc347d3170  931       4       entities.Entity::<init> (56 bytes)
Event: 2.382 Thread 0x000001cc347d5740  932       3       java.lang.System$2::findBootstrapClassOrNull (5 bytes)
Event: 2.382 Thread 0x000001cc347d5740 nmethod 932 0x000001cc1475a090 code [0x000001cc1475a240, 0x000001cc1475a458]
Event: 2.382 Thread 0x000001cc347d5740  933       3       java.lang.ClassLoader::findBootstrapClassOrNull (14 bytes)
Event: 2.382 Thread 0x000001cc347d5740 nmethod 933 0x000001cc1475a590 code [0x000001cc1475a740, 0x000001cc1475a8f8]
Event: 2.383 Thread 0x000001cc347d3170 nmethod 931 0x000001cc1c10be90 code [0x000001cc1c10c020, 0x000001cc1c10c4d8]
Event: 2.383 Thread 0x000001cc347d3170  934       4       java.lang.StringBuilder::append (8 bytes)
Event: 2.390 Thread 0x000001cc347d3170 nmethod 934 0x000001cc1c10c690 code [0x000001cc1c10c840, 0x000001cc1c10cf48]
Event: 2.394 Thread 0x000001cc347d5740  935       3       sun.net.util.URLUtil::urlNoFragString (114 bytes)
Event: 2.395 Thread 0x000001cc347d5740 nmethod 935 0x000001cc1475a990 code [0x000001cc1475acc0, 0x000001cc1475bd48]
Event: 2.399 Thread 0x000001cc347d5740  936       3       java.lang.ClassLoader::loadClass (7 bytes)
Event: 2.399 Thread 0x000001cc347d5740 nmethod 936 0x000001cc1475c310 code [0x000001cc1475c4c0, 0x000001cc1475c688]
Event: 2.399 Thread 0x000001cc347d5740  937       3       jdk.internal.loader.BuiltinClassLoader::loadClass (22 bytes)
Event: 2.399 Thread 0x000001cc347d5740 nmethod 937 0x000001cc1475c710 code [0x000001cc1475c8c0, 0x000001cc1475cb78]
Event: 2.399 Thread 0x000001cc347d5740  938       3       jdk.internal.loader.ClassLoaders$BootClassLoader::loadClassOrNull (10 bytes)
Event: 2.399 Thread 0x000001cc347d5740 nmethod 938 0x000001cc1475cc90 code [0x000001cc1475ce60, 0x000001cc1475d0f8]

GC Heap History (4 events):
Event: 2.103 GC heap before
{Heap before GC invocations=0 (full 0):
 garbage-first heap   total 393216K, used 32768K [0x0000000680800000, 0x0000000800000000)
  region size 4096K, 5 young (20480K), 0 survivors (0K)
 Metaspace       used 12728K, committed 12928K, reserved 1114112K
  class space    used 853K, committed 960K, reserved 1048576K
}
Event: 2.106 GC heap after
{Heap after GC invocations=1 (full 0):
 garbage-first heap   total 393216K, used 14663K [0x0000000680800000, 0x0000000800000000)
  region size 4096K, 1 young (4096K), 1 survivors (4096K)
 Metaspace       used 12728K, committed 12928K, reserved 1114112K
  class space    used 853K, committed 960K, reserved 1048576K
}
Event: 2.149 GC heap before
{Heap before GC invocations=1 (full 0):
 garbage-first heap   total 393216K, used 43335K [0x0000000680800000, 0x0000000800000000)
  region size 4096K, 8 young (32768K), 1 survivors (4096K)
 Metaspace       used 12747K, committed 12992K, reserved 1114112K
  class space    used 853K, committed 960K, reserved 1048576K
}
Event: 2.151 GC heap after
{Heap after GC invocations=2 (full 0):
 garbage-first heap   total 393216K, used 15311K [0x0000000680800000, 0x0000000800000000)
  region size 4096K, 1 young (4096K), 1 survivors (4096K)
 Metaspace       used 12747K, committed 12992K, reserved 1114112K
  class space    used 853K, committed 960K, reserved 1048576K
}

Dll operation events (9 events):
Event: 0.006 Loaded shared library C:\Users\alex\.p2\pool\plugins\org.eclipse.justj.openjdk.hotspot.jre.full.win32.x86_64_17.0.7.v20230425-1502\jre\bin\java.dll
Event: 0.113 Loaded shared library C:\Users\alex\.p2\pool\plugins\org.eclipse.justj.openjdk.hotspot.jre.full.win32.x86_64_17.0.7.v20230425-1502\jre\bin\net.dll
Event: 0.115 Loaded shared library C:\Users\alex\.p2\pool\plugins\org.eclipse.justj.openjdk.hotspot.jre.full.win32.x86_64_17.0.7.v20230425-1502\jre\bin\nio.dll
Event: 0.120 Loaded shared library C:\Users\alex\.p2\pool\plugins\org.eclipse.justj.openjdk.hotspot.jre.full.win32.x86_64_17.0.7.v20230425-1502\jre\bin\zip.dll
Event: 0.183 Loaded shared library C:\Users\alex\.p2\pool\plugins\org.eclipse.justj.openjdk.hotspot.jre.full.win32.x86_64_17.0.7.v20230425-1502\jre\bin\jimage.dll
Event: 0.206 Loaded shared library C:\Users\alex\AppData\Local\Temp\lwjgl_alex\3.3.4+7\x64\lwjgl.dll
Event: 0.592 Loaded shared library C:\Users\alex\AppData\Local\Temp\lwjgl_alex\3.3.4+7\x64\lwjgl_opengl.dll
Event: 0.676 Loaded shared library C:\Users\alex\.p2\pool\plugins\org.eclipse.justj.openjdk.hotspot.jre.full.win32.x86_64_17.0.7.v20230425-1502\jre\bin\verify.dll
Event: 0.890 Loaded shared library C:\Users\alex\AppData\Local\Temp\lwjgl_alex\3.3.4+7\x64\lwjgl_stb.dll

Deoptimization events (20 events):
Event: 0.602 Thread 0x000001cc10f16380 DEOPT PACKING pc=0x000001cc1c0c1ce0 sp=0x00000049e90fed30
Event: 0.602 Thread 0x000001cc10f16380 DEOPT UNPACKING pc=0x000001cc1bb569a3 sp=0x00000049e90feca8 mode 2
Event: 0.609 Thread 0x000001cc10f16380 Uncommon trap: trap_request=0xffffff54 fr.pc=0x000001cc1c0c3b5c relative=0x000000000000005c
Event: 0.609 Thread 0x000001cc10f16380 Uncommon trap: reason=speculate_null_assert action=make_not_entrant pc=0x000001cc1c0c3b5c method=sun.misc.Unsafe.getLong(Ljava/lang/Object;J)J @ 5 c2
Event: 0.609 Thread 0x000001cc10f16380 DEOPT PACKING pc=0x000001cc1c0c3b5c sp=0x00000049e90fee90
Event: 0.609 Thread 0x000001cc10f16380 DEOPT UNPACKING pc=0x000001cc1bb569a3 sp=0x00000049e90fee18 mode 2
Event: 2.099 Thread 0x000001cc10f16380 DEOPT PACKING pc=0x000001cc146029be sp=0x00000049e90fe9d0
Event: 2.099 Thread 0x000001cc10f16380 DEOPT UNPACKING pc=0x000001cc1bb57143 sp=0x00000049e90fde70 mode 0
Event: 2.102 Thread 0x000001cc10f16380 DEOPT PACKING pc=0x000001cc146029be sp=0x00000049e90fe9d0
Event: 2.102 Thread 0x000001cc10f16380 DEOPT UNPACKING pc=0x000001cc1bb57143 sp=0x00000049e90fde70 mode 0
Event: 2.103 Thread 0x000001cc10f16380 DEOPT PACKING pc=0x000001cc146029be sp=0x00000049e90fe9d0
Event: 2.103 Thread 0x000001cc10f16380 DEOPT UNPACKING pc=0x000001cc1bb57143 sp=0x00000049e90fde70 mode 0
Event: 2.170 Thread 0x000001cc10f16380 Uncommon trap: trap_request=0xffffffcc fr.pc=0x000001cc1c0ef2c8 relative=0x0000000000001f68
Event: 2.170 Thread 0x000001cc10f16380 Uncommon trap: reason=intrinsic_or_type_checked_inlining action=make_not_entrant pc=0x000001cc1c0ef2c8 method=java.util.ArrayList$SubList.toArray([Ljava/lang/Object;)[Ljava/lang/Object; @ 58 c2
Event: 2.170 Thread 0x000001cc10f16380 DEOPT PACKING pc=0x000001cc1c0ef2c8 sp=0x00000049e90fedb0
Event: 2.170 Thread 0x000001cc10f16380 DEOPT UNPACKING pc=0x000001cc1bb569a3 sp=0x00000049e90fed00 mode 2
Event: 2.399 Thread 0x000001cc10f16380 Uncommon trap: trap_request=0xffffff45 fr.pc=0x000001cc1c0ff3e0 relative=0x0000000000000060
Event: 2.399 Thread 0x000001cc10f16380 Uncommon trap: reason=unstable_if action=reinterpret pc=0x000001cc1c0ff3e0 method=java.util.ArrayList$Itr.hasNext()Z @ 11 c2
Event: 2.399 Thread 0x000001cc10f16380 DEOPT PACKING pc=0x000001cc1c0ff3e0 sp=0x00000049e90ff100
Event: 2.399 Thread 0x000001cc10f16380 DEOPT UNPACKING pc=0x000001cc1bb569a3 sp=0x00000049e90ff098 mode 2

Classes unloaded (0 events):
No events

Classes redefined (0 events):
No events

Internal exceptions (20 events):
Event: 0.174 Thread 0x000001cc10f16380 Exception <a 'java/lang/NoSuchMethodError'{0x00000006986d44c0}: 'java.lang.Object java.lang.invoke.DirectMethodHandle$Holder.invokeStatic(java.lang.Object, java.lang.Object, int)'> (0x00000006986d44c0) 
thrown [s\src\hotspot\share\interpreter\linkResolver.cpp, line 759]
Event: 0.176 Thread 0x000001cc10f16380 Exception <a 'java/lang/NoSuchMethodError'{0x00000006986e0230}: 'void java.lang.invoke.DelegatingMethodHandle$Holder.delegate(java.lang.Object, java.lang.Object, int, java.lang.Object)'> (0x00000006986e0230) 
thrown [s\src\hotspot\share\interpreter\linkResolver.cpp, line 759]
Event: 0.176 Thread 0x000001cc10f16380 Exception <a 'java/lang/NoSuchMethodError'{0x00000006986e4470}: 'int java.lang.invoke.DirectMethodHandle$Holder.invokeSpecial(java.lang.Object, java.lang.Object, java.lang.Object)'> (0x00000006986e4470) 
thrown [s\src\hotspot\share\interpreter\linkResolver.cpp, line 759]
Event: 0.211 Thread 0x000001cc10f16380 Exception <a 'sun/nio/fs/WindowsException'{0x0000000698763eb8}> (0x0000000698763eb8) 
thrown [s\src\hotspot\share\prims\jni.cpp, line 516]
Event: 0.211 Thread 0x000001cc10f16380 Exception <a 'sun/nio/fs/WindowsException'{0x00000006987643f8}> (0x00000006987643f8) 
thrown [s\src\hotspot\share\prims\jni.cpp, line 516]
Event: 0.228 Thread 0x000001cc10f16380 Exception <a 'sun/nio/fs/WindowsException'{0x0000000698050500}> (0x0000000698050500) 
thrown [s\src\hotspot\share\prims\jni.cpp, line 516]
Event: 0.228 Thread 0x000001cc10f16380 Exception <a 'sun/nio/fs/WindowsException'{0x0000000698050858}> (0x0000000698050858) 
thrown [s\src\hotspot\share\prims\jni.cpp, line 516]
Event: 0.233 Thread 0x000001cc10f16380 Exception <a 'java/lang/NoSuchMethodError'{0x000000069806ae30}: 'java.lang.Object java.lang.invoke.DirectMethodHandle$Holder.invokeStaticInit(java.lang.Object)'> (0x000000069806ae30) 
thrown [s\src\hotspot\share\interpreter\linkResolver.cpp, line 759]
Event: 0.237 Thread 0x000001cc10f16380 Exception <a 'java/lang/NoSuchMethodError'{0x000000069809fd08}: 'int java.lang.invoke.DirectMethodHandle$Holder.invokeStaticInit(java.lang.Object, java.lang.Object, int, long)'> (0x000000069809fd08) 
thrown [s\src\hotspot\share\interpreter\linkResolver.cpp, line 759]
Event: 0.237 Thread 0x000001cc10f16380 Exception <a 'java/lang/NoSuchMethodError'{0x00000006980a55d0}: 'java.lang.Object java.lang.invoke.DirectMethodHandle$Holder.newInvokeSpecial(java.lang.Object, java.lang.Object, int)'> (0x00000006980a55d0) 
thrown [s\src\hotspot\share\interpreter\linkResolver.cpp, line 759]
Event: 0.239 Thread 0x000001cc10f16380 Exception <a 'java/lang/NoSuchMethodError'{0x00000006980b4628}: 'int java.lang.invoke.DirectMethodHandle$Holder.invokeStaticInit(java.lang.Object, java.lang.Object, long, long)'> (0x00000006980b4628) 
thrown [s\src\hotspot\share\interpreter\linkResolver.cpp, line 759]
Event: 0.239 Thread 0x000001cc10f16380 Exception <a 'java/lang/NoSuchMethodError'{0x00000006980ba828}: 'java.lang.Object java.lang.invoke.DirectMethodHandle$Holder.newInvokeSpecial(java.lang.Object, java.lang.Object, long)'> (0x00000006980ba828) 
thrown [s\src\hotspot\share\interpreter\linkResolver.cpp, line 759]
Event: 0.239 Thread 0x000001cc10f16380 Exception <a 'java/lang/NoSuchMethodError'{0x00000006980beb18}: 'java.lang.Object java.lang.invoke.Invokers$Holder.linkToTargetMethod(java.lang.Object, long, java.lang.Object)'> (0x00000006980beb18) 
thrown [s\src\hotspot\share\interpreter\linkResolver.cpp, line 759]
Event: 0.240 Thread 0x000001cc10f16380 Exception <a 'java/lang/NoSuchMethodError'{0x00000006980c6230}: 'int java.lang.invoke.DirectMethodHandle$Holder.invokeStaticInit(java.lang.Object, java.lang.Object, java.lang.Object, long)'> (0x00000006980c6230) 
thrown [s\src\hotspot\share\interpreter\linkResolver.cpp, line 759]
Event: 0.590 Thread 0x000001cc10f16380 Exception <a 'sun/nio/fs/WindowsException'{0x0000000698162da0}> (0x0000000698162da0) 
thrown [s\src\hotspot\share\prims\jni.cpp, line 516]
Event: 0.590 Thread 0x000001cc10f16380 Exception <a 'sun/nio/fs/WindowsException'{0x0000000698163130}> (0x0000000698163130) 
thrown [s\src\hotspot\share\prims\jni.cpp, line 516]
Event: 0.595 Thread 0x000001cc10f16380 Exception <a 'sun/nio/fs/WindowsException'{0x0000000698170240}> (0x0000000698170240) 
thrown [s\src\hotspot\share\prims\jni.cpp, line 516]
Event: 0.595 Thread 0x000001cc10f16380 Exception <a 'sun/nio/fs/WindowsException'{0x0000000698170510}> (0x0000000698170510) 
thrown [s\src\hotspot\share\prims\jni.cpp, line 516]
Event: 0.889 Thread 0x000001cc10f16380 Exception <a 'sun/nio/fs/WindowsException'{0x00000006978bd320}> (0x00000006978bd320) 
thrown [s\src\hotspot\share\prims\jni.cpp, line 516]
Event: 0.889 Thread 0x000001cc10f16380 Exception <a 'sun/nio/fs/WindowsException'{0x00000006978bd690}> (0x00000006978bd690) 
thrown [s\src\hotspot\share\prims\jni.cpp, line 516]

VM Operations (8 events):
Event: 0.126 Executing VM operation: HandshakeAllThreads
Event: 0.126 Executing VM operation: HandshakeAllThreads done
Event: 1.127 Executing VM operation: Cleanup
Event: 1.127 Executing VM operation: Cleanup done
Event: 2.103 Executing VM operation: G1CollectForAllocation
Event: 2.106 Executing VM operation: G1CollectForAllocation done
Event: 2.149 Executing VM operation: G1CollectForAllocation
Event: 2.151 Executing VM operation: G1CollectForAllocation done

Events (20 events):
Event: 1.070 loading class jdk/internal/math/FloatingDecimal$BinaryToASCIIBuffer
Event: 1.070 loading class jdk/internal/math/FloatingDecimal$BinaryToASCIIBuffer done
Event: 1.070 loading class jdk/internal/math/FloatingDecimal$1
Event: 1.070 loading class jdk/internal/math/FloatingDecimal$1 done
Event: 1.070 loading class jdk/internal/math/FloatingDecimal$PreparedASCIIToBinaryBuffer
Event: 1.070 loading class jdk/internal/math/FloatingDecimal$ASCIIToBinaryConverter
Event: 1.070 loading class jdk/internal/math/FloatingDecimal$ASCIIToBinaryConverter done
Event: 1.070 loading class jdk/internal/math/FloatingDecimal$PreparedASCIIToBinaryBuffer done
Event: 1.070 loading class jdk/internal/math/FloatingDecimal$ASCIIToBinaryBuffer
Event: 1.070 loading class jdk/internal/math/FloatingDecimal$ASCIIToBinaryBuffer done
Event: 1.081 Thread 0x000001cc3fb776a0 Thread added: 0x000001cc3fb776a0
Event: 1.101 Thread 0x000001cc3fccd3b0 Thread added: 0x000001cc3fccd3b0
Event: 1.276 Thread 0x000001cc3fccd3b0 Thread exited: 0x000001cc3fccd3b0
Event: 1.276 Thread 0x000001cc3fb776a0 Thread exited: 0x000001cc3fb776a0
Event: 2.099 loading class jdk/internal/math/FDBigInteger
Event: 2.100 loading class jdk/internal/math/FDBigInteger done
Event: 2.100 Thread 0x000001cc3fccd380 Thread added: 0x000001cc3fccd380
Event: 2.101 Thread 0x000001cc3fd3c180 Thread added: 0x000001cc3fd3c180
Event: 2.371 Thread 0x000001cc3fd3c180 Thread exited: 0x000001cc3fd3c180
Event: 2.371 Thread 0x000001cc3fccd380 Thread exited: 0x000001cc3fccd380


Dynamic libraries:
0x00007ff7162f0000 - 0x00007ff7162fe000 	C:\Users\alex\.p2\pool\plugins\org.eclipse.justj.openjdk.hotspot.jre.full.win32.x86_64_17.0.7.v20230425-1502\jre\bin\javaw.exe
0x00007ff8645f0000 - 0x00007ff8647e8000 	C:\WINDOWS\SYSTEM32\ntdll.dll
0x00007ff863b20000 - 0x00007ff863be2000 	C:\WINDOWS\System32\KERNEL32.DLL
0x00007ff862060000 - 0x00007ff86235f000 	C:\WINDOWS\System32\KERNELBASE.dll
0x00007ff861f60000 - 0x00007ff862060000 	C:\WINDOWS\System32\ucrtbase.dll
0x00007ff84aaa0000 - 0x00007ff84aab7000 	C:\Users\alex\.p2\pool\plugins\org.eclipse.justj.openjdk.hotspot.jre.full.win32.x86_64_17.0.7.v20230425-1502\jre\bin\jli.dll
0x00007ff84aa80000 - 0x00007ff84aa99000 	C:\Users\alex\.p2\pool\plugins\org.eclipse.justj.openjdk.hotspot.jre.full.win32.x86_64_17.0.7.v20230425-1502\jre\bin\VCRUNTIME140.dll
0x00007ff863610000 - 0x00007ff8637ad000 	C:\WINDOWS\System32\USER32.dll
0x00007ff862550000 - 0x00007ff862572000 	C:\WINDOWS\System32\win32u.dll
0x00007ff861130000 - 0x00007ff8613ca000 	C:\WINDOWS\WinSxS\amd64_microsoft.windows.common-controls_6595b64144ccf1df_6.0.19041.4355_none_60b8b9eb71f62e16\COMCTL32.dll
0x00007ff863cc0000 - 0x00007ff863ceb000 	C:\WINDOWS\System32\GDI32.dll
0x00007ff862900000 - 0x00007ff86299e000 	C:\WINDOWS\System32\msvcrt.dll
0x00007ff8625d0000 - 0x00007ff8626e7000 	C:\WINDOWS\System32\gdi32full.dll
0x00007ff861d70000 - 0x00007ff861e0d000 	C:\WINDOWS\System32\msvcp_win.dll
0x00007ff863560000 - 0x00007ff86358f000 	C:\WINDOWS\System32\IMM32.DLL
0x00007ff85ec20000 - 0x00007ff85ec2c000 	C:\Users\alex\.p2\pool\plugins\org.eclipse.justj.openjdk.hotspot.jre.full.win32.x86_64_17.0.7.v20230425-1502\jre\bin\vcruntime140_1.dll
0x00007ff82ead0000 - 0x00007ff82eb61000 	C:\Users\alex\.p2\pool\plugins\org.eclipse.justj.openjdk.hotspot.jre.full.win32.x86_64_17.0.7.v20230425-1502\jre\bin\msvcp140.dll
0x00007fffc2a80000 - 0x00007fffc36c8000 	C:\Users\alex\.p2\pool\plugins\org.eclipse.justj.openjdk.hotspot.jre.full.win32.x86_64_17.0.7.v20230425-1502\jre\bin\server\jvm.dll
0x00007ff863cf0000 - 0x00007ff863da1000 	C:\WINDOWS\System32\ADVAPI32.dll
0x00007ff863230000 - 0x00007ff8632cf000 	C:\WINDOWS\System32\sechost.dll
0x00007ff862f00000 - 0x00007ff863023000 	C:\WINDOWS\System32\RPCRT4.dll
0x00007ff861e80000 - 0x00007ff861ea7000 	C:\WINDOWS\System32\bcrypt.dll
0x00007ff857c40000 - 0x00007ff857c49000 	C:\WINDOWS\SYSTEM32\WSOCK32.dll
0x00007ff851210000 - 0x00007ff851237000 	C:\WINDOWS\SYSTEM32\WINMM.dll
0x00007ff8592a0000 - 0x00007ff8592aa000 	C:\WINDOWS\SYSTEM32\VERSION.dll
0x00007ff864540000 - 0x00007ff8645ab000 	C:\WINDOWS\System32\WS2_32.dll
0x00007ff85f590000 - 0x00007ff85f5a2000 	C:\WINDOWS\SYSTEM32\kernel.appcore.dll
0x00007ff857c30000 - 0x00007ff857c3a000 	C:\Users\alex\.p2\pool\plugins\org.eclipse.justj.openjdk.hotspot.jre.full.win32.x86_64_17.0.7.v20230425-1502\jre\bin\jimage.dll
0x00007ff861770000 - 0x00007ff861954000 	C:\WINDOWS\SYSTEM32\DBGHELP.DLL
0x00007ff861500000 - 0x00007ff861534000 	C:\WINDOWS\SYSTEM32\dbgcore.DLL
0x00007ff862360000 - 0x00007ff8623e2000 	C:\WINDOWS\System32\bcryptPrimitives.dll
0x00007ff857bc0000 - 0x00007ff857be5000 	C:\Users\alex\.p2\pool\plugins\org.eclipse.justj.openjdk.hotspot.jre.full.win32.x86_64_17.0.7.v20230425-1502\jre\bin\java.dll
0x00007ff850e70000 - 0x00007ff850e88000 	C:\Users\alex\.p2\pool\plugins\org.eclipse.justj.openjdk.hotspot.jre.full.win32.x86_64_17.0.7.v20230425-1502\jre\bin\zip.dll
0x00007ff863dd0000 - 0x00007ff86453e000 	C:\WINDOWS\System32\SHELL32.dll
0x00007ff85f790000 - 0x00007ff85ff34000 	C:\WINDOWS\SYSTEM32\windows.storage.dll
0x00007ff8637b0000 - 0x00007ff863b05000 	C:\WINDOWS\System32\combase.dll
0x00007ff861090000 - 0x00007ff8610bf000 	C:\WINDOWS\SYSTEM32\Wldp.dll
0x00007ff862e30000 - 0x00007ff862efd000 	C:\WINDOWS\System32\OLEAUT32.dll
0x00007ff8634b0000 - 0x00007ff86355d000 	C:\WINDOWS\System32\SHCORE.dll
0x00007ff863c60000 - 0x00007ff863cb5000 	C:\WINDOWS\System32\shlwapi.dll
0x00007ff861ca0000 - 0x00007ff861cc4000 	C:\WINDOWS\SYSTEM32\profapi.dll
0x00007ff8507c0000 - 0x00007ff8507d9000 	C:\Users\alex\.p2\pool\plugins\org.eclipse.justj.openjdk.hotspot.jre.full.win32.x86_64_17.0.7.v20230425-1502\jre\bin\net.dll
0x00007ff859960000 - 0x00007ff859a6d000 	C:\WINDOWS\SYSTEM32\WINHTTP.dll
0x00007ff860f60000 - 0x00007ff860fca000 	C:\WINDOWS\system32\mswsock.dll
0x00007ff84bb50000 - 0x00007ff84bb65000 	C:\Users\alex\.p2\pool\plugins\org.eclipse.justj.openjdk.hotspot.jre.full.win32.x86_64_17.0.7.v20230425-1502\jre\bin\nio.dll
0x00007ff8172d0000 - 0x00007ff81734b000 	C:\Users\alex\AppData\Local\Temp\lwjgl_alex\3.3.4+7\x64\lwjgl.dll
0x00007ff8170f0000 - 0x00007ff817175000 	C:\Users\alex\AppData\Local\Temp\lwjgl_alex\3.3.4+7\x64\glfw.dll
0x00007ff8225c0000 - 0x00007ff822605000 	C:\WINDOWS\SYSTEM32\dinput8.dll
0x00007ff84a340000 - 0x00007ff84a351000 	C:\WINDOWS\SYSTEM32\xinput1_4.dll
0x00007ff862580000 - 0x00007ff8625ce000 	C:\WINDOWS\System32\cfgmgr32.dll
0x00007ff861b00000 - 0x00007ff861b33000 	C:\WINDOWS\SYSTEM32\DEVOBJ.dll
0x00007ff85f380000 - 0x00007ff85f3af000 	C:\WINDOWS\SYSTEM32\dwmapi.dll
0x00007ff855dd0000 - 0x00007ff855f22000 	C:\WINDOWS\SYSTEM32\inputhost.dll
0x00007ff85d310000 - 0x00007ff85d467000 	C:\WINDOWS\SYSTEM32\wintypes.dll
0x00007ff85e280000 - 0x00007ff85e372000 	C:\WINDOWS\SYSTEM32\CoreMessaging.dll
0x00007ff85d180000 - 0x00007ff85d276000 	C:\WINDOWS\SYSTEM32\PROPSYS.dll
0x00007ff85d600000 - 0x00007ff85d95b000 	C:\WINDOWS\SYSTEM32\CoreUIComponents.dll
0x00007ff861aa0000 - 0x00007ff861ad3000 	C:\WINDOWS\SYSTEM32\ntmarta.dll
0x00007ff85f0f0000 - 0x00007ff85f18e000 	C:\WINDOWS\system32\uxtheme.dll
0x00007ff863030000 - 0x00007ff863145000 	C:\WINDOWS\System32\MSCTF.dll
0x00007ff8100f0000 - 0x00007ff810218000 	C:\WINDOWS\SYSTEM32\opengl32.dll
0x00007ff847bb0000 - 0x00007ff847bdc000 	C:\WINDOWS\SYSTEM32\GLU32.dll
0x00007ff863400000 - 0x00007ff8634a9000 	C:\WINDOWS\System32\clbcatq.dll
0x00007ff806420000 - 0x00007ff8093df000 	C:\WINDOWS\System32\DriverStore\FileRepository\nvgbdi.inf_amd64_4a2574804558c4b2\nvoglv64.dll
0x00007ff8629b0000 - 0x00007ff862e21000 	C:\WINDOWS\System32\SETUPAPI.dll
0x00007ff8632d0000 - 0x00007ff8633fb000 	C:\WINDOWS\System32\ole32.dll
0x00007ff85cb20000 - 0x00007ff85cb34000 	C:\WINDOWS\SYSTEM32\WTSAPI32.dll
0x00007ff861050000 - 0x00007ff86105c000 	C:\WINDOWS\SYSTEM32\CRYPTBASE.DLL
0x00007ff8614e0000 - 0x00007ff8614f2000 	C:\WINDOWS\SYSTEM32\msasn1.dll
0x00007ff8591b0000 - 0x00007ff8591e1000 	C:\WINDOWS\SYSTEM32\cryptnet.dll
0x00007ff8623f0000 - 0x00007ff86254c000 	C:\WINDOWS\System32\CRYPT32.dll
0x00007ff856170000 - 0x00007ff8562b7000 	C:\WINDOWS\SYSTEM32\drvstore.dll
0x00007ff861e10000 - 0x00007ff861e79000 	C:\WINDOWS\System32\WINTRUST.dll
0x00007ff85da30000 - 0x00007ff85da6b000 	C:\WINDOWS\SYSTEM32\dxcore.dll
0x00007fffee8a0000 - 0x00007fffeeb65000 	C:\WINDOWS\system32\nvspcap64.dll
0x00007ff861960000 - 0x00007ff8619ab000 	C:\WINDOWS\SYSTEM32\powrprof.dll
0x00007ff8614c0000 - 0x00007ff8614d2000 	C:\WINDOWS\SYSTEM32\UMPDC.dll
0x00007ff8603f0000 - 0x00007ff86044b000 	C:\WINDOWS\SYSTEM32\WINSTA.dll
0x00007ff855f30000 - 0x00007ff856029000 	C:\WINDOWS\SYSTEM32\textinputframework.dll
0x00007ff817080000 - 0x00007ff8170e1000 	C:\Users\alex\AppData\Local\Temp\lwjgl_alex\3.3.4+7\x64\lwjgl_opengl.dll
0x00007ff857ba0000 - 0x00007ff857bb0000 	C:\Users\alex\.p2\pool\plugins\org.eclipse.justj.openjdk.hotspot.jre.full.win32.x86_64_17.0.7.v20230425-1502\jre\bin\verify.dll
0x00007ff816bf0000 - 0x00007ff816c90000 	C:\Users\alex\AppData\Local\Temp\lwjgl_alex\3.3.4+7\x64\lwjgl_stb.dll

dbghelp: loaded successfully - version: 4.0.5 - missing functions: none
symbol engine: initialized successfully - sym options: 0x614 - pdb path: .;C:\Users\alex\.p2\pool\plugins\org.eclipse.justj.openjdk.hotspot.jre.full.win32.x86_64_17.0.7.v20230425-1502\jre\bin;C:\WINDOWS\SYSTEM32;C:\WINDOWS\WinSxS\amd64_microsoft.windows.common-controls_6595b64144ccf1df_6.0.19041.4355_none_60b8b9eb71f62e16;C:\Users\alex\.p2\pool\plugins\org.eclipse.justj.openjdk.hotspot.jre.full.win32.x86_64_17.0.7.v20230425-1502\jre\bin\server;C:\Users\alex\AppData\Local\Temp\lwjgl_alex\3.3.4+7\x64;C:\WINDOWS\System32\DriverStore\FileRepository\nvgbdi.inf_amd64_4a2574804558c4b2

VM Arguments:
jvm_args: -Dfile.encoding=UTF-8 -XX:+ShowCodeDetailsInExceptionMessages 
java_command: main.Main
java_class_path (initial): D:\Code Space\Java\CurrentRenderingPipeline\bin;D:\Code Space\Java\CurrentRenderingPipeline\lib\jars\jbullet.jar;D:\Code Space\Java\CurrentRenderingPipeline\lib\jars\jinput-2.0.10.jar;D:\Code Space\Java\CurrentRenderingPipeline\lib\jars\joml-1.10.7.jar;D:\Code Space\Java\CurrentRenderingPipeline\lib\jars\joml-1.10.7-javadoc.jar;D:\Code Space\Java\CurrentRenderingPipeline\lib\jars\joml-1.10.7-sources.jar;D:\Code Space\Java\CurrentRenderingPipeline\lib\jars\lwjgl_util.jar;D:\Code Space\Java\CurrentRenderingPipeline\lib\jars\lwjgl.jar;D:\Code Space\Java\CurrentRenderingPipeline\lib\jars\lwjgl-assimp.jar;D:\Code Space\Java\CurrentRenderingPipeline\lib\jars\lwjgl-assimp-javadoc.jar;D:\Code Space\Java\CurrentRenderingPipeline\lib\jars\lwjgl-assimp-natives-windows.jar;D:\Code Space\Java\CurrentRenderingPipeline\lib\jars\lwjgl-assimp-sources.jar;D:\Code Space\Java\CurrentRenderingPipeline\lib\jars\lwjgl-glfw.jar;D:\Code Space\Java\CurrentRenderingPipeline\lib\jars\lwjgl-glfw-javadoc.jar;D:\Code Space\Java\CurrentRenderingPipeline\lib\jars\lwjgl-glfw-natives-windows.jar;D:\Code Space\Java\CurrentRenderingPipeline\lib\jars\lwjgl-glfw-sources.jar;D:\Code Space\Java\CurrentRenderingPipeline\lib\jars\lwjgl-javadoc.jar;D:\Code Space\Java\CurrentRenderingPipeline\lib\jars\lwjgl-natives-windows.jar;D:\Code Space\Java\CurrentRenderingPipeline\lib\jars\lwjgl-openal.jar;D:\Code Space\Java\CurrentRenderingPipeline\lib\jars\lwjgl-openal-javadoc.jar;D:\Code Space\Java\CurrentRenderingPipeline\lib\jars\lwjgl-openal-natives-windows.jar;D:\Code Space\Java\CurrentRenderingPipeline\lib\jars\lwjgl-openal-sources.jar;D:\Code Space\Java\CurrentRenderingPipeline\lib\jars\lwjgl-opengl.jar;D:\Code Space\Java\CurrentRenderingPipeline\lib\jars\lwjgl-opengl-javadoc.jar;D:\Code Space\Java\CurrentRenderingPipeline\lib\jars\lwjgl-opengl-natives-windows.jar;D:\Code Space\Java\CurrentRenderingPipeline\lib\jars\lwjgl-opengl-sources.jar;D:\Code Space\Java\CurrentRenderingPipeline
Launcher Type: SUN_STANDARD

[Global flags]
     intx CICompilerCount                          = 4                                         {product} {ergonomic}
     uint ConcGCThreads                            = 2                                         {product} {ergonomic}
     uint G1ConcRefinementThreads                  = 8                                         {product} {ergonomic}
   size_t G1HeapRegionSize                         = 4194304                                   {product} {ergonomic}
    uintx GCDrainStackTargetSize                   = 64                                        {product} {ergonomic}
   size_t InitialHeapSize                          = 402653184                                 {product} {ergonomic}
   size_t MarkStackSize                            = 4194304                                   {product} {ergonomic}
   size_t MaxHeapSize                              = 6434062336                                {product} {ergonomic}
   size_t MaxNewSize                               = 3858759680                                {product} {ergonomic}
   size_t MinHeapDeltaBytes                        = 4194304                                   {product} {ergonomic}
   size_t MinHeapSize                              = 8388608                                   {product} {ergonomic}
    uintx NonNMethodCodeHeapSize                   = 5839372                                {pd product} {ergonomic}
    uintx NonProfiledCodeHeapSize                  = 122909434                              {pd product} {ergonomic}
    uintx ProfiledCodeHeapSize                     = 122909434                              {pd product} {ergonomic}
    uintx ReservedCodeCacheSize                    = 251658240                              {pd product} {ergonomic}
     bool SegmentedCodeCache                       = true                                      {product} {ergonomic}
     bool ShowCodeDetailsInExceptionMessages       = true                                   {manageable} {command line}
   size_t SoftMaxHeapSize                          = 6434062336                             {manageable} {ergonomic}
     bool UseCompressedClassPointers               = true                           {product lp64_product} {ergonomic}
     bool UseCompressedOops                        = true                           {product lp64_product} {ergonomic}
     bool UseG1GC                                  = true                                      {product} {ergonomic}
     bool UseLargePagesIndividualAllocation        = false                                  {pd product} {ergonomic}

Logging:
Log output configuration:
 #0: stdout all=warning uptime,level,tags
 #1: stderr all=off uptime,level,tags

Environment Variables:
JAVA_HOME=C:\Program Files\Java\jre1.8.0_281\lib
CLASSPATH=C:\Users\Sunbond\Documents\apache-tomcat-8.5.65\lib\servlet-api.jar
PATH=C:/Users/alex/.p2/pool/plugins/org.eclipse.justj.openjdk.hotspot.jre.full.win32.x86_64_17.0.7.v20230425-1502/jre/bin/server;C:/Users/alex/.p2/pool/plugins/org.eclipse.justj.openjdk.hotspot.jre.full.win32.x86_64_17.0.7.v20230425-1502/jre/bin;C:\Python312\Scripts\;C:\Python312\;C:\Program Files\Eclipse Adoptium\jdk-21.0.1.12-hotspot\bin;C:\Python311\Scripts\;C:\Python311\;C:\Program Files\Zulu\zulu-17\bin\;C:\Program Files\Eclipse Foundation\jdk-8.0.302.8-hotspot\bin;C:\PROGRAM FILES (X86)\COMMON FILES\ORACLE\JAVA\JAVAPATH;C:\WINDOWS\SYSTEM32;C:\WINDOWS;C:\WINDOWS\SYSTEM32\WBEM;C:\WINDOWS\SYSTEM32\WINDOWSPOWERSHELL\V1.0\;C:\WINDOWS\SYSTEM32\OPENSSH\;C:\PROGRAM FILES\NVIDIA CORPORATION\NVIDIA NVDLISR;C:\PROGRAM FILES (X86)\NVIDIA CORPORATION\PHYSX\COMMON;C:\PROGRAM FILES\DOTNET\;C:\USERDATA\GIT\CMD;C:\PROGRAM FILES\MICROSOFT SQL SERVER\130\TOOLS\BINN\;C:\PROGRAM FILES\MICROSOFT SQL SERVER\CLIENT SDK\ODBC\170\TOOLS\BINN\;C:\PROGRAM FILES\AZURE DATA STUDIO\BIN;C:\PROGRAM FILES (X86)\MICROSOFT SQL SERVER\150\DTS\BINN\;C:\PROGRAM FILES (X86)\MICROSOFT SQL SERVER\150\TOOLS\BINN\;C:\PROGRAM FILES\MICROSOFT SQL SERVER\150\TOOLS\BINN\;C:\PROGRAM FILES\MICROSOFT SQL SERVER\150\DTS\BINN\;C:\PROGRAM FILES\MICROSOFT SQL SERVER\120\TOOLS\BINN\;C:\MAMP\BIN\PHP\PHP7.4.1\PHP.EXE;C:\MAMP\BIN\PHP\PHP7.4.1\;C:\ProgramData\chocolatey\bin;C:\UserData\Git\cmd;C:\Program Files\sfdx\bin;C:\Program Files\Java\jdk1.8.0_281\lib;C:\Program Files\Java\jre1.8.0_281\lib;C:\MinGW\bin;D:\Code Space\NodeJS\;D:\Android Studio\SDKs\platform-tools;D:\Android Studio\SDKs\emulator;C:\Users\alex\AppData\Local\Microsoft\WindowsApps;C:\Users\alex\AppData\Local\Programs\Microsoft VS Code\bin;C:\Users\alex\AppData\Local\sfdx\client\bin;C:\Users\alex\AppData\Local\GitHubDesktop\bin;C:\Users\alex\.dotnet\tools;C:\Program Files\Java\jre1.8.0_281\lib;C:\Program Files\Java\jdk1.8.0_281\lib;C:\MinGW\bin;C:\Program Files\heroku\bin;C:\Users\alex\AppData\Local\sf\client\bin;C:\Program Files\sf\bin;C:\Users\alex\AppDat
USERNAME=alex
OS=Windows_NT
PROCESSOR_IDENTIFIER=Intel64 Family 6 Model 158 Stepping 9, GenuineIntel
TMP=C:\Users\alex\AppData\Local\Temp
TEMP=C:\Users\alex\AppData\Local\Temp



---------------  S Y S T E M  ---------------

OS:
 Windows 10 , 64 bit Build 19041 (10.0.19041.5198)
OS uptime: 2 days 7:57 hours

CPU: total 8 (initial active 8) (4 cores per cpu, 2 threads per core) family 6 model 158 stepping 9 microcode 0xb4, cx8, cmov, fxsr, ht, mmx, 3dnowpref, sse, sse2, sse3, ssse3, sse4.1, sse4.2, popcnt, lzcnt, tsc, tscinvbit, avx, avx2, aes, erms, clmul, bmi1, bmi2, rtm, adx, fma, vzeroupper, clflush, clflushopt

Memory: 4k page, system-wide physical 24540M (3811M free)
TotalPageFile size 53212M (AvailPageFile size 12795M)
current process WorkingSet (physical memory assigned to process): 244M, peak: 407M
current process commit charge ("private bytes"): 974M, peak: 974M

vm_info: OpenJDK 64-Bit Server VM (17.0.7+7) for windows-amd64 JRE (17.0.7+7), built on Apr 18 2023 22:10:42 by "temurin" with MS VC++ 16.7 (VS2019)

END.
