#
# A fatal error has been detected by the Java Runtime Environment:
#
#  EXCEPTION_ACCESS_VIOLATION (0xc0000005) at pc=0x00007ffcba1cd770, pid=16148, tid=22652
#
# JRE version: OpenJDK Runtime Environment Temurin-17.0.7+7 (17.0.7+7) (build 17.0.7+7)
# Java VM: OpenJDK 64-Bit Server VM Temurin-17.0.7+7 (17.0.7+7, mixed mode, tiered, compressed oops, compressed class ptrs, g1 gc, windows-amd64)
# Problematic frame:
# C  [nvoglv64.dll+0x127d770]
#
# No core dump will be written. Minidumps are not enabled by default on client versions of Windows
#
# If you would like to submit a bug report, please visit:
#   https://github.com/adoptium/adoptium-support/issues
# The crash happened outside the Java Virtual Machine in native code.
# See problematic frame for where to report the bug.
#

---------------  S U M M A R Y ------------

Command Line: -Dfile.encoding=UTF-8 -XX:+ShowCodeDetailsInExceptionMessages main.Main

Host: Intel(R) Core(TM) i7-7700 CPU @ 3.60GHz, 8 cores, 23G,  Windows 10 , 64 bit Build 19041 (10.0.19041.5198)
Time: Mon Feb 10 10:38:40 2025 US Mountain Standard Time elapsed time: 7.393971 seconds (0d 0h 0m 7s)

---------------  T H R E A D  ---------------

Current thread (0x00000240ba5e7e10):  JavaThread "main" [_thread_in_native, id=22652, stack(0x000000e53e600000,0x000000e53e700000)]

Stack: [0x000000e53e600000,0x000000e53e700000],  sp=0x000000e53e6fee48,  free space=1019k
Native frames: (J=compiled Java code, j=interpreted, Vv=VM code, C=native code)
C  [nvoglv64.dll+0x127d770]

Java frames: (J=compiled Java code, j=interpreted, Vv=VM code)
j  org.lwjgl.opengl.GL11C.nglDrawElements(IIIJ)V+0
j  org.lwjgl.opengl.GL11C.glDrawElements(IIIJ)V+4
j  org.lwjgl.opengl.GL11.glDrawElements(IIIJ)V+4
j  shadows.ShadowRenderer.renderShadowMap(Ljava/util/List;Lorg/joml/Matrix4f;)V+115
j  main.Main.loop()V+335
j  main.Main.run()V+5
j  main.Main.main([Ljava/lang/String;)V+7
v  ~StubRoutines::call_stub

siginfo: EXCEPTION_ACCESS_VIOLATION (0xc0000005), reading address 0x0000000000000000


Register to memory mapping:

RIP=0x00007ffcba1cd770 nvoglv64.dll
RAX=0x0000000000022006 is an unknown value
RBX=0x00000240eadce88c points into unknown readable memory: 06 20 02 00
RCX=0x00000240eadce8a8 points into unknown readable memory: 0x000000000000900f | 0f 90 00 00 00 00 00 00
RDX=0x0 is NULL
RSP=0x000000e53e6fee48 is pointing into the stack for thread: 0x00000240ba5e7e10
RBP=0x0000000000000044 is an unknown value
RSI=0x0000000000000006 is an unknown value
RDI=0x00000240e5f00080 points into unknown readable memory: 0x0000000000000000 | 00 00 00 00 00 00 00 00
R8 =0x0000000000000018 is an unknown value
R9 =0x00000240eadce88c points into unknown readable memory: 06 20 02 00
R10=0x0 is NULL
R11=0x00000240eadce8a8 points into unknown readable memory: 0x000000000000900f | 0f 90 00 00 00 00 00 00
R12=0x0000000000000004 is an unknown value
R13=0x0000000000001405 is an unknown value
R14=0x0000000000000018 is an unknown value
R15=0x0 is NULL


Registers:
RAX=0x0000000000022006, RBX=0x00000240eadce88c, RCX=0x00000240eadce8a8, RDX=0x0000000000000000
RSP=0x000000e53e6fee48, RBP=0x0000000000000044, RSI=0x0000000000000006, RDI=0x00000240e5f00080
R8 =0x0000000000000018, R9 =0x00000240eadce88c, R10=0x0000000000000000, R11=0x00000240eadce8a8
R12=0x0000000000000004, R13=0x0000000000001405, R14=0x0000000000000018, R15=0x0000000000000000
RIP=0x00007ffcba1cd770, EFLAGS=0x0000000000010283

Top of Stack: (sp=0x000000e53e6fee48)
0x000000e53e6fee48:   00007ffcb97fc19c 00000008000cc250
0x000000e53e6fee58:   00000240e08b55e0 000000e53e6fef78
0x000000e53e6fee68:   00007ffcdb533d92 000000000017555d
0x000000e53e6fee78:   00000240c69cbb9f 00000240ba5e7e10
0x000000e53e6fee88:   00000240ba5e7e10 00000240e08b55e0
0x000000e53e6fee98:   00000240ba5e7e10 00000240c69a94fe
0x000000e53e6feea8:   00000240c69ad48e 00000240ba5e7e10
0x000000e53e6feeb8:   00000240e08b55e0 0000000000000000
0x000000e53e6feec8:   00000240c69a94fe 00000008000cc250
0x000000e53e6feed8:   00000240c69ad621 000000e53e6fef78
0x000000e53e6feee8:   000000e53e6fef00 000000e53e6fefb8
0x000000e53e6feef8:   00000240e08b55e0 0000024000001405
0x000000e53e6fef08:   0000000000000000 3ff0000000000000
0x000000e53e6fef18:   00000240ba5e7e10 00000008000cc250
0x000000e53e6fef28:   00000240c69ad2f6 000000e53e6fef30
0x000000e53e6fef38:   00000240e08b55e0 000000e53e6fefb8 

Instructions: (pc=0x00007ffcba1cd770)
0x00007ffcba1cd670:   33 c0 c3 1b c0 83 d8 ff c3 90 49 c1 e9 02 74 37
0x00007ffcba1cd680:   48 8b 01 48 3b 04 11 75 5b 48 8b 41 08 48 3b 44
0x00007ffcba1cd690:   11 08 75 4c 48 8b 41 10 48 3b 44 11 10 75 3d 48
0x00007ffcba1cd6a0:   8b 41 18 48 3b 44 11 18 75 2e 48 83 c1 20 49 ff
0x00007ffcba1cd6b0:   c9 75 cd 49 83 e0 1f 4d 8b c8 49 c1 e9 03 74 9b
0x00007ffcba1cd6c0:   48 8b 01 48 3b 04 11 75 1b 48 83 c1 08 49 ff c9
0x00007ffcba1cd6d0:   75 ee 49 83 e0 07 eb 83 48 83 c1 08 48 83 c1 08
0x00007ffcba1cd6e0:   48 83 c1 08 48 8b 0c 0a 48 0f c8 48 0f c9 48 3b
0x00007ffcba1cd6f0:   c1 1b c0 83 d8 ff c3 cc cc cc cc cc cc cc cc cc
0x00007ffcba1cd700:   cc cc cc cc cc cc 66 66 0f 1f 84 00 00 00 00 00
0x00007ffcba1cd710:   57 56 49 8b c3 48 8b f9 49 8b c8 49 8b f2 f3 a4
0x00007ffcba1cd720:   5e 5f c3 cc cc cc cc cc cc 0f 1f 80 00 00 00 00
0x00007ffcba1cd730:   4c 8b d9 4c 8b d2 49 83 f8 10 76 54 49 83 f8 20
0x00007ffcba1cd740:   76 2e 48 2b d1 73 0d 4b 8d 04 10 48 3b c8 0f 82
0x00007ffcba1cd750:   dc 02 00 00 49 81 f8 80 00 00 00 0f 86 0f 02 00
0x00007ffcba1cd760:   00 f6 05 18 e0 b7 01 02 0f 84 52 01 00 00 eb a0
0x00007ffcba1cd770:   0f 10 02 42 0f 10 4c 02 f0 0f 11 01 42 0f 11 4c
0x00007ffcba1cd780:   01 f0 48 8b c1 c3 66 66 0f 1f 84 00 00 00 00 00
0x00007ffcba1cd790:   48 8b c1 4c 8d 0d 66 28 d8 fe 43 8b 8c 81 10 7a
0x00007ffcba1cd7a0:   f6 02 49 03 c9 ff e1 66 0f 1f 84 00 00 00 00 00
0x00007ffcba1cd7b0:   c3 0f b7 0a 66 89 08 c3 48 8b 0a 48 89 08 c3 0f
0x00007ffcba1cd7c0:   b7 0a 44 0f b6 42 02 66 89 08 44 88 40 02 c3 0f
0x00007ffcba1cd7d0:   b6 0a 88 08 c3 f3 0f 6f 02 f3 0f 7f 00 c3 66 90
0x00007ffcba1cd7e0:   4c 8b 02 0f b7 4a 08 44 0f b6 4a 0a 4c 89 00 66
0x00007ffcba1cd7f0:   89 48 08 44 88 48 0a c3 8b 0a 89 08 c3 0f 1f 00
0x00007ffcba1cd800:   8b 0a 44 0f b6 42 04 89 08 44 88 40 04 c3 66 90
0x00007ffcba1cd810:   8b 0a 44 0f b7 42 04 89 08 66 44 89 40 04 c3 90
0x00007ffcba1cd820:   8b 0a 44 0f b7 42 04 44 0f b6 4a 06 89 08 66 44
0x00007ffcba1cd830:   89 40 04 44 88 48 06 c3 4c 8b 02 8b 4a 08 44 0f
0x00007ffcba1cd840:   b6 4a 0c 4c 89 00 89 48 08 44 88 48 0c c3 66 90
0x00007ffcba1cd850:   4c 8b 02 0f b6 4a 08 4c 89 00 88 48 08 c3 66 90
0x00007ffcba1cd860:   4c 8b 02 0f b7 4a 08 4c 89 00 66 89 48 08 c3 90 


Stack slot to memory mapping:
stack at sp + 0 slots: 0x00007ffcb97fc19c nvoglv64.dll
stack at sp + 1 slots: 0x00000008000cc250 is a pointer to class: 
org.lwjgl.system.MemoryStack {0x00000008000cc258}
 - instance size:     5
 - klass size:        181
 - access:            public synchronized 
 - state:             fully_initialized
 - name:              'org/lwjgl/system/MemoryStack'
 - super:             'org/lwjgl/system/Pointer$Default'
 - sub:               'org/lwjgl/system/MemoryStack$DebugMemoryStack'   
 - arrays:            NULL
 - methods:           Array<T>(0x00000240e0632b38)
 - method ordering:   Array<T>(0x00000240e0000018)
 - default_methods:   Array<T>(0x0000000000000000)
 - local interfaces:  Array<T>(0x00000240e0639998)
 - trans. interfaces: Array<T>(0x00000240e06423f8)
 - constants:         constant pool [810]/operands[7] {0x00000240e0638008} for 'org/lwjgl/system/MemoryStack' cache=0x00000240e0642a30
 - class loader data:  loader data: 0x00000240e416e430 for instance a 'jdk/internal/loader/ClassLoaders$AppClassLoader'{0x0000000681401bf0}
 - source file:       'MemoryStack.java'
 - class annotations:       Array<T>(0x0000000000000000)
 - class type annotations:  Array<T>(0x0000000000000000)
 - field annotations:       Array<T>(0x00000240e06399b8)
 - field type annotations:  Array<T>(0x0000000000000000)
 - inner classes:     Array<T>(0x00000240e06423b0)
 - nest members:     Array<T>(0x00000240e0000028)
 - permitted subclasses:     Array<T>(0x00000240e0000028)
 - java mirror:       a 'java/lang/Class'{0x000000068141ed30} = 'org/lwjgl/system/MemoryStack'
 - vtable length      115  (start addr: 0x00000008000cc418)
 - itable length      8 (start addr: 0x00000008000cc7b0)
 - ---- static fields (2 words):
 - private static final 'DEFAULT_STACK_SIZE' 'I' @116 
 - private static final 'DEFAULT_STACK_FRAMES' 'I' @120 
 - private static final 'TLS' 'Ljava/lang/ThreadLocal;' @112 
 - ---- non-static fields (7 words):
 - protected 'address' 'J' @16 
 - private final 'size' 'I' @12 
 - private 'pointer' 'I' @24 
 - protected 'frameIndex' 'I' @28 
 - private final 'container' 'Ljava/nio/ByteBuffer;' @32 
 - private 'frames' '[I' @36 
 - non-static oop maps: 32-36 
stack at sp + 2 slots: {method} {0x00000240e08b55e8} 'nglDrawElements' '(IIIJ)V' in 'org/lwjgl/opengl/GL11C'
stack at sp + 3 slots: 0x000000e53e6fef78 is pointing into the stack for thread: 0x00000240ba5e7e10
stack at sp + 4 slots: 0x00007ffcdb533d92 jvm.dll
stack at sp + 5 slots: 0x000000000017555d is an unknown value
stack at sp + 6 slots: 0x00000240c69cbb9f is at code_begin+4511 in 
[CodeBlob (0x00000240c69ca990)]
Framesize: 0
BufferBlob (0x00000240c69ca990) used for native signature handlers
stack at sp + 7 slots: 0x00000240ba5e7e10 is a thread


---------------  P R O C E S S  ---------------

Threads class SMR info:
_java_thread_list=0x00000240eb0fafc0, length=12, elements={
0x00000240ba5e7e10, 0x00000240e4037d00, 0x00000240e4038f30, 0x00000240e407c2a0,
0x00000240e407de60, 0x00000240e4080820, 0x00000240e408c6e0, 0x00000240e408e790,
0x00000240e408f140, 0x00000240e409be40, 0x00000240e41fcf70, 0x00000240e4219430
}

Java Threads: ( => current thread )
=>0x00000240ba5e7e10 JavaThread "main" [_thread_in_native, id=22652, stack(0x000000e53e600000,0x000000e53e700000)]
  0x00000240e4037d00 JavaThread "Reference Handler" daemon [_thread_blocked, id=26088, stack(0x000000e53ed00000,0x000000e53ee00000)]
  0x00000240e4038f30 JavaThread "Finalizer" daemon [_thread_blocked, id=30648, stack(0x000000e53ee00000,0x000000e53ef00000)]
  0x00000240e407c2a0 JavaThread "Signal Dispatcher" daemon [_thread_blocked, id=31976, stack(0x000000e53ef00000,0x000000e53f000000)]
  0x00000240e407de60 JavaThread "Attach Listener" daemon [_thread_blocked, id=26748, stack(0x000000e53f000000,0x000000e53f100000)]
  0x00000240e4080820 JavaThread "Service Thread" daemon [_thread_blocked, id=13968, stack(0x000000e53f100000,0x000000e53f200000)]
  0x00000240e408c6e0 JavaThread "Monitor Deflation Thread" daemon [_thread_blocked, id=28396, stack(0x000000e53f200000,0x000000e53f300000)]
  0x00000240e408e790 JavaThread "C2 CompilerThread0" daemon [_thread_blocked, id=936, stack(0x000000e53f300000,0x000000e53f400000)]
  0x00000240e408f140 JavaThread "C1 CompilerThread0" daemon [_thread_blocked, id=26764, stack(0x000000e53f400000,0x000000e53f500000)]
  0x00000240e409be40 JavaThread "Sweeper thread" daemon [_thread_blocked, id=31440, stack(0x000000e53f500000,0x000000e53f600000)]
  0x00000240e41fcf70 JavaThread "Notification Thread" daemon [_thread_blocked, id=19904, stack(0x000000e53f600000,0x000000e53f700000)]
  0x00000240e4219430 JavaThread "Common-Cleaner" daemon [_thread_blocked, id=19448, stack(0x000000e53f800000,0x000000e53f900000)]

Other Threads:
  0x00000240dfd84180 VMThread "VM Thread" [stack: 0x000000e53ec00000,0x000000e53ed00000] [id=31876]
  0x00000240e41ff450 WatcherThread [stack: 0x000000e53f700000,0x000000e53f800000] [id=2072]
  0x00000240ba673130 GCTaskThread "GC Thread#0" [stack: 0x000000e53e700000,0x000000e53e800000] [id=10476]
  0x00000240eaf3d490 GCTaskThread "GC Thread#1" [stack: 0x000000e540000000,0x000000e540100000] [id=21572]
  0x00000240eb296370 GCTaskThread "GC Thread#2" [stack: 0x000000e540100000,0x000000e540200000] [id=29240]
  0x00000240eb2f2dc0 GCTaskThread "GC Thread#3" [stack: 0x000000e540200000,0x000000e540300000] [id=22404]
  0x00000240eb0346a0 GCTaskThread "GC Thread#4" [stack: 0x000000e540300000,0x000000e540400000] [id=23936]
  0x00000240eb305500 GCTaskThread "GC Thread#5" [stack: 0x000000e540400000,0x000000e540500000] [id=33036]
  0x00000240eb656080 GCTaskThread "GC Thread#6" [stack: 0x000000e540500000,0x000000e540600000] [id=28248]
  0x00000240eb656330 GCTaskThread "GC Thread#7" [stack: 0x000000e540600000,0x000000e540700000] [id=15840]
  0x00000240ba6807d0 ConcurrentGCThread "G1 Main Marker" [stack: 0x000000e53e800000,0x000000e53e900000] [id=1232]
  0x00000240ba6811e0 ConcurrentGCThread "G1 Conc#0" [stack: 0x000000e53e900000,0x000000e53ea00000] [id=24696]
  0x00000240ba6aeca0 ConcurrentGCThread "G1 Refine#0" [stack: 0x000000e53ea00000,0x000000e53eb00000] [id=32804]
  0x00000240dfc36900 ConcurrentGCThread "G1 Service" [stack: 0x000000e53eb00000,0x000000e53ec00000] [id=22168]

Threads with active compile tasks:

VM state: not at safepoint (normal execution)

VM Mutex/Monitor currently owned by a thread: None

Heap address: 0x0000000680800000, size: 6136 MB, Compressed Oops mode: Zero based, Oop shift amount: 3

CDS archive(s) not mapped
Compressed class space mapped at: 0x0000000800000000-0x0000000840000000, reserved size: 1073741824
Narrow klass base: 0x0000000800000000, Narrow klass shift: 0, Narrow klass range: 0x40000000

GC Precious Log:
 CPUs: 8 total, 8 available
 Memory: 24540M
 Large Page Support: Disabled
 NUMA Support: Disabled
 Compressed Oops: Enabled (Zero based)
 Heap Region Size: 4M
 Heap Min Capacity: 8M
 Heap Initial Capacity: 384M
 Heap Max Capacity: 6136M
 Pre-touch: Disabled
 Parallel Workers: 8
 Concurrent Workers: 2
 Concurrent Refinement Workers: 8
 Periodic GC: Disabled

Heap:
 garbage-first heap   total 393216K, used 258679K [0x0000000680800000, 0x0000000800000000)
  region size 4096K, 57 young (233472K), 4 survivors (16384K)
 Metaspace       used 12875K, committed 13056K, reserved 1114112K
  class space    used 859K, committed 960K, reserved 1048576K

Heap Regions: E=young(eden), S=young(survivor), O=old, HS=humongous(starts), HC=humongous(continues), CS=collection set, F=free, OA=open archive, CA=closed archive, TAMS=top-at-mark-start (previous, next)
|   0|0x0000000680800000, 0x0000000680c00000, 0x0000000680c00000|100%|HS|  |TAMS 0x0000000680800000, 0x0000000680800000| Complete 
|   1|0x0000000680c00000, 0x0000000681000000, 0x0000000681000000|100%|HC|  |TAMS 0x0000000680c00000, 0x0000000680c00000| Complete 
|   2|0x0000000681000000, 0x0000000681400000, 0x0000000681400000|100%|HC|  |TAMS 0x0000000681000000, 0x0000000681000000| Complete 
|   3|0x0000000681400000, 0x000000068162fc00, 0x0000000681800000| 54%| O|  |TAMS 0x0000000681400000, 0x0000000681400000| Untracked 
|   4|0x0000000681800000, 0x0000000681c00000, 0x0000000681c00000|100%|HS|  |TAMS 0x0000000681800000, 0x0000000681800000| Complete 
|   5|0x0000000681c00000, 0x0000000682000000, 0x0000000682000000|100%|HC|  |TAMS 0x0000000681c00000, 0x0000000681c00000| Complete 
|   6|0x0000000682000000, 0x0000000682400000, 0x0000000682400000|100%|HC|  |TAMS 0x0000000682000000, 0x0000000682000000| Complete 
|   7|0x0000000682400000, 0x0000000682800000, 0x0000000682800000|100%|HC|  |TAMS 0x0000000682400000, 0x0000000682400000| Complete 
|   8|0x0000000682800000, 0x0000000682800000, 0x0000000682c00000|  0%| F|  |TAMS 0x0000000682800000, 0x0000000682800000| Untracked 
|   9|0x0000000682c00000, 0x0000000682c00000, 0x0000000683000000|  0%| F|  |TAMS 0x0000000682c00000, 0x0000000682c00000| Untracked 
|  10|0x0000000683000000, 0x0000000683000000, 0x0000000683400000|  0%| F|  |TAMS 0x0000000683000000, 0x0000000683000000| Untracked 
|  11|0x0000000683400000, 0x0000000683400000, 0x0000000683800000|  0%| F|  |TAMS 0x0000000683400000, 0x0000000683400000| Untracked 
|  12|0x0000000683800000, 0x0000000683800000, 0x0000000683c00000|  0%| F|  |TAMS 0x0000000683800000, 0x0000000683800000| Untracked 
|  13|0x0000000683c00000, 0x0000000683c00000, 0x0000000684000000|  0%| F|  |TAMS 0x0000000683c00000, 0x0000000683c00000| Untracked 
|  14|0x0000000684000000, 0x0000000684000000, 0x0000000684400000|  0%| F|  |TAMS 0x0000000684000000, 0x0000000684000000| Untracked 
|  15|0x0000000684400000, 0x0000000684400000, 0x0000000684800000|  0%| F|  |TAMS 0x0000000684400000, 0x0000000684400000| Untracked 
|  16|0x0000000684800000, 0x0000000684800000, 0x0000000684c00000|  0%| F|  |TAMS 0x0000000684800000, 0x0000000684800000| Untracked 
|  17|0x0000000684c00000, 0x0000000684c00000, 0x0000000685000000|  0%| F|  |TAMS 0x0000000684c00000, 0x0000000684c00000| Untracked 
|  18|0x0000000685000000, 0x0000000685000000, 0x0000000685400000|  0%| F|  |TAMS 0x0000000685000000, 0x0000000685000000| Untracked 
|  19|0x0000000685400000, 0x0000000685400000, 0x0000000685800000|  0%| F|  |TAMS 0x0000000685400000, 0x0000000685400000| Untracked 
|  20|0x0000000685800000, 0x0000000685800000, 0x0000000685c00000|  0%| F|  |TAMS 0x0000000685800000, 0x0000000685800000| Untracked 
|  21|0x0000000685c00000, 0x0000000685c00000, 0x0000000686000000|  0%| F|  |TAMS 0x0000000685c00000, 0x0000000685c00000| Untracked 
|  22|0x0000000686000000, 0x0000000686000000, 0x0000000686400000|  0%| F|  |TAMS 0x0000000686000000, 0x0000000686000000| Untracked 
|  23|0x0000000686400000, 0x0000000686400000, 0x0000000686800000|  0%| F|  |TAMS 0x0000000686400000, 0x0000000686400000| Untracked 
|  24|0x0000000686800000, 0x0000000686800000, 0x0000000686c00000|  0%| F|  |TAMS 0x0000000686800000, 0x0000000686800000| Untracked 
|  25|0x0000000686c00000, 0x0000000686c00000, 0x0000000687000000|  0%| F|  |TAMS 0x0000000686c00000, 0x0000000686c00000| Untracked 
|  26|0x0000000687000000, 0x0000000687000000, 0x0000000687400000|  0%| F|  |TAMS 0x0000000687000000, 0x0000000687000000| Untracked 
|  27|0x0000000687400000, 0x0000000687400000, 0x0000000687800000|  0%| F|  |TAMS 0x0000000687400000, 0x0000000687400000| Untracked 
|  28|0x0000000687800000, 0x0000000687800000, 0x0000000687c00000|  0%| F|  |TAMS 0x0000000687800000, 0x0000000687800000| Untracked 
|  29|0x0000000687c00000, 0x0000000687c00000, 0x0000000688000000|  0%| F|  |TAMS 0x0000000687c00000, 0x0000000687c00000| Untracked 
|  30|0x0000000688000000, 0x0000000688000000, 0x0000000688400000|  0%| F|  |TAMS 0x0000000688000000, 0x0000000688000000| Untracked 
|  31|0x0000000688400000, 0x0000000688400000, 0x0000000688800000|  0%| F|  |TAMS 0x0000000688400000, 0x0000000688400000| Untracked 
|  32|0x0000000688800000, 0x0000000688800000, 0x0000000688c00000|  0%| F|  |TAMS 0x0000000688800000, 0x0000000688800000| Untracked 
|  33|0x0000000688c00000, 0x0000000688c00000, 0x0000000689000000|  0%| F|  |TAMS 0x0000000688c00000, 0x0000000688c00000| Untracked 
|  34|0x0000000689000000, 0x0000000689000000, 0x0000000689400000|  0%| F|  |TAMS 0x0000000689000000, 0x0000000689000000| Untracked 
|  35|0x0000000689400000, 0x000000068966e380, 0x0000000689800000| 60%| S|CS|TAMS 0x0000000689400000, 0x0000000689400000| Complete 
|  36|0x0000000689800000, 0x0000000689c00000, 0x0000000689c00000|100%| S|CS|TAMS 0x0000000689800000, 0x0000000689800000| Complete 
|  37|0x0000000689c00000, 0x0000000689c00000, 0x000000068a000000|  0%| F|  |TAMS 0x0000000689c00000, 0x0000000689c00000| Untracked 
|  38|0x000000068a000000, 0x000000068a000000, 0x000000068a400000|  0%| F|  |TAMS 0x000000068a000000, 0x000000068a000000| Untracked 
|  39|0x000000068a400000, 0x000000068a800000, 0x000000068a800000|100%| S|CS|TAMS 0x000000068a400000, 0x000000068a400000| Complete 
|  40|0x000000068a800000, 0x000000068ac00000, 0x000000068ac00000|100%| S|CS|TAMS 0x000000068a800000, 0x000000068a800000| Complete 
|  41|0x000000068ac00000, 0x000000068ac00000, 0x000000068b000000|  0%| F|  |TAMS 0x000000068ac00000, 0x000000068ac00000| Untracked 
|  42|0x000000068b000000, 0x000000068b000000, 0x000000068b400000|  0%| F|  |TAMS 0x000000068b000000, 0x000000068b000000| Untracked 
|  43|0x000000068b400000, 0x000000068b800000, 0x000000068b800000|100%| E|  |TAMS 0x000000068b400000, 0x000000068b400000| Complete 
|  44|0x000000068b800000, 0x000000068bc00000, 0x000000068bc00000|100%| E|CS|TAMS 0x000000068b800000, 0x000000068b800000| Complete 
|  45|0x000000068bc00000, 0x000000068c000000, 0x000000068c000000|100%| E|CS|TAMS 0x000000068bc00000, 0x000000068bc00000| Complete 
|  46|0x000000068c000000, 0x000000068c400000, 0x000000068c400000|100%| E|CS|TAMS 0x000000068c000000, 0x000000068c000000| Complete 
|  47|0x000000068c400000, 0x000000068c800000, 0x000000068c800000|100%| E|CS|TAMS 0x000000068c400000, 0x000000068c400000| Complete 
|  48|0x000000068c800000, 0x000000068cc00000, 0x000000068cc00000|100%| E|CS|TAMS 0x000000068c800000, 0x000000068c800000| Complete 
|  49|0x000000068cc00000, 0x000000068d000000, 0x000000068d000000|100%| E|CS|TAMS 0x000000068cc00000, 0x000000068cc00000| Complete 
|  50|0x000000068d000000, 0x000000068d400000, 0x000000068d400000|100%| E|CS|TAMS 0x000000068d000000, 0x000000068d000000| Complete 
|  51|0x000000068d400000, 0x000000068d800000, 0x000000068d800000|100%| E|CS|TAMS 0x000000068d400000, 0x000000068d400000| Complete 
|  52|0x000000068d800000, 0x000000068dc00000, 0x000000068dc00000|100%| E|CS|TAMS 0x000000068d800000, 0x000000068d800000| Complete 
|  53|0x000000068dc00000, 0x000000068e000000, 0x000000068e000000|100%| E|CS|TAMS 0x000000068dc00000, 0x000000068dc00000| Complete 
|  54|0x000000068e000000, 0x000000068e400000, 0x000000068e400000|100%| E|CS|TAMS 0x000000068e000000, 0x000000068e000000| Complete 
|  55|0x000000068e400000, 0x000000068e800000, 0x000000068e800000|100%| E|CS|TAMS 0x000000068e400000, 0x000000068e400000| Complete 
|  56|0x000000068e800000, 0x000000068ec00000, 0x000000068ec00000|100%| E|CS|TAMS 0x000000068e800000, 0x000000068e800000| Complete 
|  57|0x000000068ec00000, 0x000000068f000000, 0x000000068f000000|100%| E|CS|TAMS 0x000000068ec00000, 0x000000068ec00000| Complete 
|  58|0x000000068f000000, 0x000000068f400000, 0x000000068f400000|100%| E|CS|TAMS 0x000000068f000000, 0x000000068f000000| Complete 
|  59|0x000000068f400000, 0x000000068f800000, 0x000000068f800000|100%| E|CS|TAMS 0x000000068f400000, 0x000000068f400000| Complete 
|  60|0x000000068f800000, 0x000000068fc00000, 0x000000068fc00000|100%| E|CS|TAMS 0x000000068f800000, 0x000000068f800000| Complete 
|  61|0x000000068fc00000, 0x0000000690000000, 0x0000000690000000|100%| E|CS|TAMS 0x000000068fc00000, 0x000000068fc00000| Complete 
|  62|0x0000000690000000, 0x0000000690400000, 0x0000000690400000|100%| E|CS|TAMS 0x0000000690000000, 0x0000000690000000| Complete 
|  63|0x0000000690400000, 0x0000000690800000, 0x0000000690800000|100%| E|CS|TAMS 0x0000000690400000, 0x0000000690400000| Complete 
|  64|0x0000000690800000, 0x0000000690c00000, 0x0000000690c00000|100%| E|CS|TAMS 0x0000000690800000, 0x0000000690800000| Complete 
|  65|0x0000000690c00000, 0x0000000691000000, 0x0000000691000000|100%| E|CS|TAMS 0x0000000690c00000, 0x0000000690c00000| Complete 
|  66|0x0000000691000000, 0x0000000691400000, 0x0000000691400000|100%| E|CS|TAMS 0x0000000691000000, 0x0000000691000000| Complete 
|  67|0x0000000691400000, 0x0000000691800000, 0x0000000691800000|100%| E|CS|TAMS 0x0000000691400000, 0x0000000691400000| Complete 
|  68|0x0000000691800000, 0x0000000691c00000, 0x0000000691c00000|100%| E|CS|TAMS 0x0000000691800000, 0x0000000691800000| Complete 
|  69|0x0000000691c00000, 0x0000000692000000, 0x0000000692000000|100%| E|CS|TAMS 0x0000000691c00000, 0x0000000691c00000| Complete 
|  70|0x0000000692000000, 0x0000000692400000, 0x0000000692400000|100%| E|CS|TAMS 0x0000000692000000, 0x0000000692000000| Complete 
|  71|0x0000000692400000, 0x0000000692800000, 0x0000000692800000|100%| E|CS|TAMS 0x0000000692400000, 0x0000000692400000| Complete 
|  72|0x0000000692800000, 0x0000000692c00000, 0x0000000692c00000|100%| E|CS|TAMS 0x0000000692800000, 0x0000000692800000| Complete 
|  73|0x0000000692c00000, 0x0000000693000000, 0x0000000693000000|100%| E|CS|TAMS 0x0000000692c00000, 0x0000000692c00000| Complete 
|  74|0x0000000693000000, 0x0000000693400000, 0x0000000693400000|100%| E|CS|TAMS 0x0000000693000000, 0x0000000693000000| Complete 
|  75|0x0000000693400000, 0x0000000693800000, 0x0000000693800000|100%| E|CS|TAMS 0x0000000693400000, 0x0000000693400000| Complete 
|  76|0x0000000693800000, 0x0000000693c00000, 0x0000000693c00000|100%| E|CS|TAMS 0x0000000693800000, 0x0000000693800000| Complete 
|  77|0x0000000693c00000, 0x0000000694000000, 0x0000000694000000|100%| E|CS|TAMS 0x0000000693c00000, 0x0000000693c00000| Complete 
|  78|0x0000000694000000, 0x0000000694400000, 0x0000000694400000|100%| E|CS|TAMS 0x0000000694000000, 0x0000000694000000| Complete 
|  79|0x0000000694400000, 0x0000000694800000, 0x0000000694800000|100%| E|CS|TAMS 0x0000000694400000, 0x0000000694400000| Complete 
|  80|0x0000000694800000, 0x0000000694c00000, 0x0000000694c00000|100%| E|CS|TAMS 0x0000000694800000, 0x0000000694800000| Complete 
|  81|0x0000000694c00000, 0x0000000695000000, 0x0000000695000000|100%| E|CS|TAMS 0x0000000694c00000, 0x0000000694c00000| Complete 
|  82|0x0000000695000000, 0x0000000695400000, 0x0000000695400000|100%| E|CS|TAMS 0x0000000695000000, 0x0000000695000000| Complete 
|  83|0x0000000695400000, 0x0000000695800000, 0x0000000695800000|100%| E|CS|TAMS 0x0000000695400000, 0x0000000695400000| Complete 
|  84|0x0000000695800000, 0x0000000695c00000, 0x0000000695c00000|100%| E|CS|TAMS 0x0000000695800000, 0x0000000695800000| Complete 
|  85|0x0000000695c00000, 0x0000000696000000, 0x0000000696000000|100%| E|CS|TAMS 0x0000000695c00000, 0x0000000695c00000| Complete 
|  86|0x0000000696000000, 0x0000000696400000, 0x0000000696400000|100%| E|CS|TAMS 0x0000000696000000, 0x0000000696000000| Complete 
|  87|0x0000000696400000, 0x0000000696800000, 0x0000000696800000|100%| E|CS|TAMS 0x0000000696400000, 0x0000000696400000| Complete 
|  88|0x0000000696800000, 0x0000000696c00000, 0x0000000696c00000|100%| E|CS|TAMS 0x0000000696800000, 0x0000000696800000| Complete 
|  89|0x0000000696c00000, 0x0000000697000000, 0x0000000697000000|100%| E|CS|TAMS 0x0000000696c00000, 0x0000000696c00000| Complete 
|  90|0x0000000697000000, 0x0000000697400000, 0x0000000697400000|100%| E|CS|TAMS 0x0000000697000000, 0x0000000697000000| Complete 
|  91|0x0000000697400000, 0x0000000697800000, 0x0000000697800000|100%| E|CS|TAMS 0x0000000697400000, 0x0000000697400000| Complete 
|  92|0x0000000697800000, 0x0000000697c00000, 0x0000000697c00000|100%| E|CS|TAMS 0x0000000697800000, 0x0000000697800000| Complete 
|  93|0x0000000697c00000, 0x0000000698000000, 0x0000000698000000|100%| E|CS|TAMS 0x0000000697c00000, 0x0000000697c00000| Complete 
|  94|0x0000000698000000, 0x0000000698400000, 0x0000000698400000|100%| E|CS|TAMS 0x0000000698000000, 0x0000000698000000| Complete 
|  95|0x0000000698400000, 0x0000000698800000, 0x0000000698800000|100%| E|CS|TAMS 0x0000000698400000, 0x0000000698400000| Complete 

Card table byte_map: [0x00000240cfaf0000,0x00000240d06f0000] _byte_map_base: 0x00000240cc6ec000

Marking Bits (Prev, Next): (CMBitMap*) 0x00000240ba673740, (CMBitMap*) 0x00000240ba673780
 Prev Bits: [0x00000240d12f0000, 0x00000240d72d0000)
 Next Bits: [0x00000240d72d0000, 0x00000240dd2b0000)

Polling page: 0x00000240ba6b0000

Metaspace:

Usage:
  Non-class:     11.73 MB used.
      Class:    859.14 KB used.
       Both:     12.57 MB used.

Virtual space:
  Non-class space:       64.00 MB reserved,      11.81 MB ( 18%) committed,  1 nodes.
      Class space:        1.00 GB reserved,     960.00 KB ( <1%) committed,  1 nodes.
             Both:        1.06 GB reserved,      12.75 MB (  1%) committed. 

Chunk freelists:
   Non-Class:  4.11 MB
       Class:  15.08 MB
        Both:  19.19 MB

MaxMetaspaceSize: unlimited
CompressedClassSpaceSize: 1.00 GB
Initial GC threshold: 21.00 MB
Current GC threshold: 21.00 MB
CDS: off
MetaspaceReclaimPolicy: balanced
 - commit_granule_bytes: 65536.
 - commit_granule_words: 8192.
 - virtual_space_node_default_size: 8388608.
 - enlarge_chunks_in_place: 1.
 - new_chunks_are_fully_committed: 0.
 - uncommit_free_chunks: 1.
 - use_allocation_guard: 0.
 - handle_deallocations: 1.


Internal statistics:

num_allocs_failed_limit: 0.
num_arena_births: 68.
num_arena_deaths: 0.
num_vsnodes_births: 2.
num_vsnodes_deaths: 0.
num_space_committed: 202.
num_space_uncommitted: 0.
num_chunks_returned_to_freelist: 0.
num_chunks_taken_from_freelist: 254.
num_chunk_merges: 0.
num_chunk_splits: 175.
num_chunks_enlarged: 136.
num_inconsistent_stats: 0.

CodeHeap 'non-profiled nmethods': size=120000Kb used=607Kb max_used=607Kb free=119392Kb
 bounds [0x00000240c6f40000, 0x00000240c71b0000, 0x00000240ce470000]
CodeHeap 'profiled nmethods': size=120000Kb used=1899Kb max_used=1899Kb free=118100Kb
 bounds [0x00000240bf470000, 0x00000240bf6e0000, 0x00000240c69a0000]
CodeHeap 'non-nmethods': size=5760Kb used=1679Kb max_used=1725Kb free=4080Kb
 bounds [0x00000240c69a0000, 0x00000240c6c10000, 0x00000240c6f40000]
 total_blobs=2175 nmethods=1038 adapters=1050
 compilation: enabled
              stopped_count=0, restarted_count=0
 full_count=0

Compilation events (20 events):
Event: 7.369 Thread 0x00000240e408f140 nmethod 1026 0x00000240c6fd6790 code [0x00000240c6fd6920, 0x00000240c6fd69f8]
Event: 7.369 Thread 0x00000240e408f140 1027       1       entities.Entity::setRoughnessMap (6 bytes)
Event: 7.369 Thread 0x00000240e408f140 nmethod 1027 0x00000240c6fd6a90 code [0x00000240c6fd6c20, 0x00000240c6fd6cf8]
Event: 7.369 Thread 0x00000240e408f140 1028       1       entities.Entity::setMetallicMap (6 bytes)
Event: 7.369 Thread 0x00000240e408f140 nmethod 1028 0x00000240c6fd6d90 code [0x00000240c6fd6f20, 0x00000240c6fd6ff8]
Event: 7.369 Thread 0x00000240e408f140 1029       1       entities.Entity::setReflectivity (6 bytes)
Event: 7.369 Thread 0x00000240e408f140 nmethod 1029 0x00000240c6fd7090 code [0x00000240c6fd7220, 0x00000240c6fd72f8]
Event: 7.369 Thread 0x00000240e408f140 1030       1       entities.Entity::setShineDamper (6 bytes)
Event: 7.369 Thread 0x00000240e408f140 nmethod 1030 0x00000240c6fd7390 code [0x00000240c6fd7520, 0x00000240c6fd75f8]
Event: 7.369 Thread 0x00000240e408f140 1033       3       java.util.random.RandomGenerator::nextFloat (10 bytes)
Event: 7.370 Thread 0x00000240e408f140 nmethod 1033 0x00000240bf649310 code [0x00000240bf649520, 0x00000240bf649b78]
Event: 7.370 Thread 0x00000240e408f140 1034       3       jdk.internal.util.random.RandomSupport::checkBound (25 bytes)
Event: 7.370 Thread 0x00000240e408e790 nmethod 1037 0x00000240c6fd7690 code [0x00000240c6fd7800, 0x00000240c6fd78f8]
Event: 7.370 Thread 0x00000240e408e790 1038       4       java.util.Random::nextInt (74 bytes)
Event: 7.370 Thread 0x00000240e408f140 nmethod 1034 0x00000240bf649d90 code [0x00000240bf649f60, 0x00000240bf64a1e8]
Event: 7.370 Thread 0x00000240e408f140 1035       3       jdk.internal.util.random.RandomSupport::boundedNextFloat (29 bytes)
Event: 7.370 Thread 0x00000240e408f140 nmethod 1035 0x00000240bf64a290 code [0x00000240bf64a480, 0x00000240bf64a868]
Event: 7.370 Thread 0x00000240e408f140 1036       3       java.util.Random::nextFloat (11 bytes)
Event: 7.370 Thread 0x00000240e408f140 nmethod 1036 0x00000240bf64aa10 code [0x00000240bf64abe0, 0x00000240bf64ad28]
Event: 7.371 Thread 0x00000240e408e790 nmethod 1038 0x00000240c6fd7a10 code [0x00000240c6fd7ba0, 0x00000240c6fd7d58]

GC Heap History (8 events):
Event: 2.247 GC heap before
{Heap before GC invocations=0 (full 0):
 garbage-first heap   total 393216K, used 32768K [0x0000000680800000, 0x0000000800000000)
  region size 4096K, 5 young (20480K), 0 survivors (0K)
 Metaspace       used 12763K, committed 12928K, reserved 1114112K
  class space    used 856K, committed 960K, reserved 1048576K
}
Event: 2.249 GC heap after
{Heap after GC invocations=1 (full 0):
 garbage-first heap   total 393216K, used 14617K [0x0000000680800000, 0x0000000800000000)
  region size 4096K, 1 young (4096K), 1 survivors (4096K)
 Metaspace       used 12763K, committed 12928K, reserved 1114112K
  class space    used 856K, committed 960K, reserved 1048576K
}
Event: 2.309 GC heap before
{Heap before GC invocations=1 (full 0):
 garbage-first heap   total 393216K, used 43289K [0x0000000680800000, 0x0000000800000000)
  region size 4096K, 8 young (32768K), 1 survivors (4096K)
 Metaspace       used 12786K, committed 12992K, reserved 1114112K
  class space    used 856K, committed 960K, reserved 1048576K
}
Event: 2.311 GC heap after
{Heap after GC invocations=2 (full 0):
 garbage-first heap   total 393216K, used 15325K [0x0000000680800000, 0x0000000800000000)
  region size 4096K, 1 young (4096K), 1 survivors (4096K)
 Metaspace       used 12786K, committed 12992K, reserved 1114112K
  class space    used 856K, committed 960K, reserved 1048576K
}
Event: 6.553 GC heap before
{Heap before GC invocations=2 (full 0):
 garbage-first heap   total 393216K, used 244701K [0x0000000680800000, 0x0000000800000000)
  region size 4096K, 57 young (233472K), 1 survivors (4096K)
 Metaspace       used 12832K, committed 12992K, reserved 1114112K
  class space    used 856K, committed 960K, reserved 1048576K
}
Event: 6.559 GC heap after
{Heap after GC invocations=3 (full 0):
 garbage-first heap   total 393216K, used 20933K [0x0000000680800000, 0x0000000800000000)
  region size 4096K, 2 young (8192K), 2 survivors (8192K)
 Metaspace       used 12832K, committed 12992K, reserved 1114112K
  class space    used 856K, committed 960K, reserved 1048576K
}
Event: 6.671 GC heap before
{Heap before GC invocations=3 (full 0):
 garbage-first heap   total 393216K, used 246213K [0x0000000680800000, 0x0000000800000000)
  region size 4096K, 57 young (233472K), 2 survivors (8192K)
 Metaspace       used 12832K, committed 12992K, reserved 1114112K
  class space    used 856K, committed 960K, reserved 1048576K
}
Event: 6.680 GC heap after
{Heap after GC invocations=4 (full 0):
 garbage-first heap   total 393216K, used 29303K [0x0000000680800000, 0x0000000800000000)
  region size 4096K, 4 young (16384K), 4 survivors (16384K)
 Metaspace       used 12832K, committed 12992K, reserved 1114112K
  class space    used 856K, committed 960K, reserved 1048576K
}

Dll operation events (9 events):
Event: 0.010 Loaded shared library C:\Users\alex\.p2\pool\plugins\org.eclipse.justj.openjdk.hotspot.jre.full.win32.x86_64_17.0.7.v20230425-1502\jre\bin\java.dll
Event: 0.153 Loaded shared library C:\Users\alex\.p2\pool\plugins\org.eclipse.justj.openjdk.hotspot.jre.full.win32.x86_64_17.0.7.v20230425-1502\jre\bin\net.dll
Event: 0.155 Loaded shared library C:\Users\alex\.p2\pool\plugins\org.eclipse.justj.openjdk.hotspot.jre.full.win32.x86_64_17.0.7.v20230425-1502\jre\bin\nio.dll
Event: 0.163 Loaded shared library C:\Users\alex\.p2\pool\plugins\org.eclipse.justj.openjdk.hotspot.jre.full.win32.x86_64_17.0.7.v20230425-1502\jre\bin\zip.dll
Event: 0.239 Loaded shared library C:\Users\alex\.p2\pool\plugins\org.eclipse.justj.openjdk.hotspot.jre.full.win32.x86_64_17.0.7.v20230425-1502\jre\bin\jimage.dll
Event: 0.266 Loaded shared library C:\Users\alex\AppData\Local\Temp\lwjgl_alex\3.3.4+7\x64\lwjgl.dll
Event: 0.660 Loaded shared library C:\Users\alex\AppData\Local\Temp\lwjgl_alex\3.3.4+7\x64\lwjgl_opengl.dll
Event: 0.731 Loaded shared library C:\Users\alex\.p2\pool\plugins\org.eclipse.justj.openjdk.hotspot.jre.full.win32.x86_64_17.0.7.v20230425-1502\jre\bin\verify.dll
Event: 1.010 Loaded shared library C:\Users\alex\AppData\Local\Temp\lwjgl_alex\3.3.4+7\x64\lwjgl_stb.dll

Deoptimization events (20 events):
Event: 6.393 Thread 0x00000240ba5e7e10 DEOPT PACKING pc=0x00000240bf62de29 sp=0x000000e53e6fe700
Event: 6.393 Thread 0x00000240ba5e7e10 DEOPT UNPACKING pc=0x00000240c69f7143 sp=0x000000e53e6fdb28 mode 0
Event: 6.423 Thread 0x00000240ba5e7e10 DEOPT PACKING pc=0x00000240bf60ab21 sp=0x000000e53e6fed40
Event: 6.423 Thread 0x00000240ba5e7e10 DEOPT UNPACKING pc=0x00000240c69f7143 sp=0x000000e53e6fe488 mode 0
Event: 6.776 Thread 0x00000240ba5e7e10 Uncommon trap: trap_request=0xffffff45 fr.pc=0x00000240c6fc0320 relative=0x0000000000001000
Event: 6.776 Thread 0x00000240ba5e7e10 Uncommon trap: reason=unstable_if action=reinterpret pc=0x00000240c6fc0320 method=loaders.ObjLoader.loadObj(Ljava/lang/String;)Ltoolbox/Mesh; @ 274 c2
Event: 6.776 Thread 0x00000240ba5e7e10 DEOPT PACKING pc=0x00000240c6fc0320 sp=0x000000e53e6fefb0
Event: 6.776 Thread 0x00000240ba5e7e10 DEOPT UNPACKING pc=0x00000240c69f69a3 sp=0x000000e53e6fef98 mode 2
Event: 6.799 Thread 0x00000240ba5e7e10 DEOPT PACKING pc=0x00000240bf641597 sp=0x000000e53e6fedf0
Event: 6.799 Thread 0x00000240ba5e7e10 DEOPT UNPACKING pc=0x00000240c69f7143 sp=0x000000e53e6fe480 mode 0
Event: 6.803 Thread 0x00000240ba5e7e10 Uncommon trap: trap_request=0xffffff45 fr.pc=0x00000240c6fd1a8c relative=0x0000000000000c8c
Event: 6.803 Thread 0x00000240ba5e7e10 Uncommon trap: reason=unstable_if action=reinterpret pc=0x00000240c6fd1a8c method=loaders.ObjLoader.loadObj(Ljava/lang/String;)Ltoolbox/Mesh; @ 574 c2
Event: 6.803 Thread 0x00000240ba5e7e10 DEOPT PACKING pc=0x00000240c6fd1a8c sp=0x000000e53e6fefd0
Event: 6.803 Thread 0x00000240ba5e7e10 DEOPT UNPACKING pc=0x00000240c69f69a3 sp=0x000000e53e6fef90 mode 2
Event: 6.837 Thread 0x00000240ba5e7e10 DEOPT PACKING pc=0x00000240bf5ff026 sp=0x000000e53e6fee30
Event: 6.837 Thread 0x00000240ba5e7e10 DEOPT UNPACKING pc=0x00000240c69f7143 sp=0x000000e53e6fe480 mode 0
Event: 6.838 Thread 0x00000240ba5e7e10 Uncommon trap: trap_request=0xffffff45 fr.pc=0x00000240c6fd59dc relative=0x000000000000031c
Event: 6.838 Thread 0x00000240ba5e7e10 Uncommon trap: reason=unstable_if action=reinterpret pc=0x00000240c6fd59dc method=loaders.ObjLoader.loadObj(Ljava/lang/String;)Ltoolbox/Mesh; @ 1095 c2
Event: 6.838 Thread 0x00000240ba5e7e10 DEOPT PACKING pc=0x00000240c6fd59dc sp=0x000000e53e6ff040
Event: 6.838 Thread 0x00000240ba5e7e10 DEOPT UNPACKING pc=0x00000240c69f69a3 sp=0x000000e53e6fef90 mode 2

Classes unloaded (0 events):
No events

Classes redefined (0 events):
No events

Internal exceptions (20 events):
Event: 0.229 Thread 0x00000240ba5e7e10 Exception <a 'java/lang/NoSuchMethodError'{0x00000006986d65e0}: 'java.lang.Object java.lang.invoke.DirectMethodHandle$Holder.invokeStatic(java.lang.Object, java.lang.Object, int)'> (0x00000006986d65e0) 
thrown [s\src\hotspot\share\interpreter\linkResolver.cpp, line 759]
Event: 0.230 Thread 0x00000240ba5e7e10 Exception <a 'java/lang/NoSuchMethodError'{0x00000006986e2350}: 'void java.lang.invoke.DelegatingMethodHandle$Holder.delegate(java.lang.Object, java.lang.Object, int, java.lang.Object)'> (0x00000006986e2350) 
thrown [s\src\hotspot\share\interpreter\linkResolver.cpp, line 759]
Event: 0.230 Thread 0x00000240ba5e7e10 Exception <a 'java/lang/NoSuchMethodError'{0x00000006986e6590}: 'int java.lang.invoke.DirectMethodHandle$Holder.invokeSpecial(java.lang.Object, java.lang.Object, java.lang.Object)'> (0x00000006986e6590) 
thrown [s\src\hotspot\share\interpreter\linkResolver.cpp, line 759]
Event: 0.272 Thread 0x00000240ba5e7e10 Exception <a 'sun/nio/fs/WindowsException'{0x0000000698766138}> (0x0000000698766138) 
thrown [s\src\hotspot\share\prims\jni.cpp, line 516]
Event: 0.272 Thread 0x00000240ba5e7e10 Exception <a 'sun/nio/fs/WindowsException'{0x0000000698766678}> (0x0000000698766678) 
thrown [s\src\hotspot\share\prims\jni.cpp, line 516]
Event: 0.293 Thread 0x00000240ba5e7e10 Exception <a 'sun/nio/fs/WindowsException'{0x0000000698053080}> (0x0000000698053080) 
thrown [s\src\hotspot\share\prims\jni.cpp, line 516]
Event: 0.293 Thread 0x00000240ba5e7e10 Exception <a 'sun/nio/fs/WindowsException'{0x00000006980533d8}> (0x00000006980533d8) 
thrown [s\src\hotspot\share\prims\jni.cpp, line 516]
Event: 0.297 Thread 0x00000240ba5e7e10 Exception <a 'java/lang/NoSuchMethodError'{0x0000000698065580}: 'java.lang.Object java.lang.invoke.DirectMethodHandle$Holder.invokeStaticInit(java.lang.Object)'> (0x0000000698065580) 
thrown [s\src\hotspot\share\interpreter\linkResolver.cpp, line 759]
Event: 0.302 Thread 0x00000240ba5e7e10 Exception <a 'java/lang/NoSuchMethodError'{0x00000006980a2658}: 'int java.lang.invoke.DirectMethodHandle$Holder.invokeStaticInit(java.lang.Object, java.lang.Object, int, long)'> (0x00000006980a2658) 
thrown [s\src\hotspot\share\interpreter\linkResolver.cpp, line 759]
Event: 0.303 Thread 0x00000240ba5e7e10 Exception <a 'java/lang/NoSuchMethodError'{0x00000006980a7f20}: 'java.lang.Object java.lang.invoke.DirectMethodHandle$Holder.newInvokeSpecial(java.lang.Object, java.lang.Object, int)'> (0x00000006980a7f20) 
thrown [s\src\hotspot\share\interpreter\linkResolver.cpp, line 759]
Event: 0.305 Thread 0x00000240ba5e7e10 Exception <a 'java/lang/NoSuchMethodError'{0x00000006980b6f78}: 'int java.lang.invoke.DirectMethodHandle$Holder.invokeStaticInit(java.lang.Object, java.lang.Object, long, long)'> (0x00000006980b6f78) 
thrown [s\src\hotspot\share\interpreter\linkResolver.cpp, line 759]
Event: 0.306 Thread 0x00000240ba5e7e10 Exception <a 'java/lang/NoSuchMethodError'{0x00000006980bd178}: 'java.lang.Object java.lang.invoke.DirectMethodHandle$Holder.newInvokeSpecial(java.lang.Object, java.lang.Object, long)'> (0x00000006980bd178) 
thrown [s\src\hotspot\share\interpreter\linkResolver.cpp, line 759]
Event: 0.307 Thread 0x00000240ba5e7e10 Exception <a 'java/lang/NoSuchMethodError'{0x00000006980c14d0}: 'java.lang.Object java.lang.invoke.Invokers$Holder.linkToTargetMethod(java.lang.Object, long, java.lang.Object)'> (0x00000006980c14d0) 
thrown [s\src\hotspot\share\interpreter\linkResolver.cpp, line 759]
Event: 0.307 Thread 0x00000240ba5e7e10 Exception <a 'java/lang/NoSuchMethodError'{0x00000006980c8be8}: 'int java.lang.invoke.DirectMethodHandle$Holder.invokeStaticInit(java.lang.Object, java.lang.Object, java.lang.Object, long)'> (0x00000006980c8be8) 
thrown [s\src\hotspot\share\interpreter\linkResolver.cpp, line 759]
Event: 0.659 Thread 0x00000240ba5e7e10 Exception <a 'sun/nio/fs/WindowsException'{0x0000000698165708}> (0x0000000698165708) 
thrown [s\src\hotspot\share\prims\jni.cpp, line 516]
Event: 0.659 Thread 0x00000240ba5e7e10 Exception <a 'sun/nio/fs/WindowsException'{0x0000000698165a98}> (0x0000000698165a98) 
thrown [s\src\hotspot\share\prims\jni.cpp, line 516]
Event: 0.663 Thread 0x00000240ba5e7e10 Exception <a 'sun/nio/fs/WindowsException'{0x0000000698172df8}> (0x0000000698172df8) 
thrown [s\src\hotspot\share\prims\jni.cpp, line 516]
Event: 0.663 Thread 0x00000240ba5e7e10 Exception <a 'sun/nio/fs/WindowsException'{0x00000006981730c8}> (0x00000006981730c8) 
thrown [s\src\hotspot\share\prims\jni.cpp, line 516]
Event: 1.009 Thread 0x00000240ba5e7e10 Exception <a 'sun/nio/fs/WindowsException'{0x0000000697922628}> (0x0000000697922628) 
thrown [s\src\hotspot\share\prims\jni.cpp, line 516]
Event: 1.009 Thread 0x00000240ba5e7e10 Exception <a 'sun/nio/fs/WindowsException'{0x0000000697922998}> (0x0000000697922998) 
thrown [s\src\hotspot\share\prims\jni.cpp, line 516]

VM Operations (16 events):
Event: 0.169 Executing VM operation: HandshakeAllThreads
Event: 0.170 Executing VM operation: HandshakeAllThreads done
Event: 1.172 Executing VM operation: Cleanup
Event: 1.172 Executing VM operation: Cleanup done
Event: 2.173 Executing VM operation: Cleanup
Event: 2.173 Executing VM operation: Cleanup done
Event: 2.247 Executing VM operation: G1CollectForAllocation
Event: 2.249 Executing VM operation: G1CollectForAllocation done
Event: 2.309 Executing VM operation: G1CollectForAllocation
Event: 2.311 Executing VM operation: G1CollectForAllocation done
Event: 3.312 Executing VM operation: Cleanup
Event: 3.313 Executing VM operation: Cleanup done
Event: 6.553 Executing VM operation: G1CollectForAllocation
Event: 6.559 Executing VM operation: G1CollectForAllocation done
Event: 6.671 Executing VM operation: G1CollectForAllocation
Event: 6.680 Executing VM operation: G1CollectForAllocation done

Events (20 events):
Event: 1.057 loading class jdk/internal/math/FloatingDecimal$ASCIIToBinaryConverter
Event: 1.057 loading class jdk/internal/math/FloatingDecimal$ASCIIToBinaryConverter done
Event: 1.057 loading class jdk/internal/math/FloatingDecimal$PreparedASCIIToBinaryBuffer done
Event: 1.057 loading class jdk/internal/math/FloatingDecimal$ASCIIToBinaryBuffer
Event: 1.057 loading class jdk/internal/math/FloatingDecimal$ASCIIToBinaryBuffer done
Event: 1.080 Thread 0x00000240eb0c5c70 Thread added: 0x00000240eb0c5c70
Event: 1.259 Thread 0x00000240eb0c5c70 Thread exited: 0x00000240eb0c5c70
Event: 1.423 Thread 0x00000240eaecce90 Thread exited: 0x00000240eaecce90
Event: 2.244 loading class jdk/internal/math/FDBigInteger
Event: 2.244 loading class jdk/internal/math/FDBigInteger done
Event: 2.246 Thread 0x00000240eb0d5cb0 Thread added: 0x00000240eb0d5cb0
Event: 2.256 Thread 0x00000240eb3d6560 Thread added: 0x00000240eb3d6560
Event: 3.385 Thread 0x00000240eb3d6560 Thread exited: 0x00000240eb3d6560
Event: 4.055 Thread 0x00000240eb0d5cb0 Thread exited: 0x00000240eb0d5cb0
Event: 4.197 loading class java/util/function/BiFunction
Event: 4.197 loading class java/util/function/BiFunction done
Event: 6.350 Thread 0x00000240eb3d6560 Thread added: 0x00000240eb3d6560
Event: 6.620 Thread 0x00000240eb3d6560 Thread exited: 0x00000240eb3d6560
Event: 7.367 loading class jdk/internal/util/random/RandomSupport
Event: 7.368 loading class jdk/internal/util/random/RandomSupport done


Dynamic libraries:
0x00007ff7117a0000 - 0x00007ff7117ae000 	C:\Users\alex\.p2\pool\plugins\org.eclipse.justj.openjdk.hotspot.jre.full.win32.x86_64_17.0.7.v20230425-1502\jre\bin\javaw.exe
0x00007ffd7da50000 - 0x00007ffd7dc48000 	C:\WINDOWS\SYSTEM32\ntdll.dll
0x00007ffd7bb90000 - 0x00007ffd7bc52000 	C:\WINDOWS\System32\KERNEL32.DLL
0x00007ffd7b620000 - 0x00007ffd7b91f000 	C:\WINDOWS\System32\KERNELBASE.dll
0x00007ffd7b920000 - 0x00007ffd7ba20000 	C:\WINDOWS\System32\ucrtbase.dll
0x00007ffd3d0e0000 - 0x00007ffd3d0f7000 	C:\Users\alex\.p2\pool\plugins\org.eclipse.justj.openjdk.hotspot.jre.full.win32.x86_64_17.0.7.v20230425-1502\jre\bin\jli.dll
0x00007ffd7d810000 - 0x00007ffd7d9ad000 	C:\WINDOWS\System32\USER32.dll
0x00007ffd7ba90000 - 0x00007ffd7bab2000 	C:\WINDOWS\System32\win32u.dll
0x00007ffd7cd30000 - 0x00007ffd7cd5b000 	C:\WINDOWS\System32\GDI32.dll
0x00007ffd7b480000 - 0x00007ffd7b597000 	C:\WINDOWS\System32\gdi32full.dll
0x00007ffd7b140000 - 0x00007ffd7b1dd000 	C:\WINDOWS\System32\msvcp_win.dll
0x00007ffd37b40000 - 0x00007ffd37b59000 	C:\Users\alex\.p2\pool\plugins\org.eclipse.justj.openjdk.hotspot.jre.full.win32.x86_64_17.0.7.v20230425-1502\jre\bin\VCRUNTIME140.dll
0x00007ffd65e50000 - 0x00007ffd660ea000 	C:\WINDOWS\WinSxS\amd64_microsoft.windows.common-controls_6595b64144ccf1df_6.0.19041.4355_none_60b8b9eb71f62e16\COMCTL32.dll
0x00007ffd7bcc0000 - 0x00007ffd7bd5e000 	C:\WINDOWS\System32\msvcrt.dll
0x00007ffd7ce90000 - 0x00007ffd7cebf000 	C:\WINDOWS\System32\IMM32.DLL
0x00007ffd76750000 - 0x00007ffd7675c000 	C:\Users\alex\.p2\pool\plugins\org.eclipse.justj.openjdk.hotspot.jre.full.win32.x86_64_17.0.7.v20230425-1502\jre\bin\vcruntime140_1.dll
0x00007ffd263e0000 - 0x00007ffd26471000 	C:\Users\alex\.p2\pool\plugins\org.eclipse.justj.openjdk.hotspot.jre.full.win32.x86_64_17.0.7.v20230425-1502\jre\bin\msvcp140.dll
0x00007ffcdb1b0000 - 0x00007ffcdbdf8000 	C:\Users\alex\.p2\pool\plugins\org.eclipse.justj.openjdk.hotspot.jre.full.win32.x86_64_17.0.7.v20230425-1502\jre\bin\server\jvm.dll
0x00007ffd7bd70000 - 0x00007ffd7be21000 	C:\WINDOWS\System32\ADVAPI32.dll
0x00007ffd7cc90000 - 0x00007ffd7cd2f000 	C:\WINDOWS\System32\sechost.dll
0x00007ffd7cd60000 - 0x00007ffd7ce83000 	C:\WINDOWS\System32\RPCRT4.dll
0x00007ffd7b5f0000 - 0x00007ffd7b617000 	C:\WINDOWS\System32\bcrypt.dll
0x00007ffd6a070000 - 0x00007ffd6a079000 	C:\WINDOWS\SYSTEM32\WSOCK32.dll
0x00007ffd6aaf0000 - 0x00007ffd6ab17000 	C:\WINDOWS\SYSTEM32\WINMM.dll
0x00007ffd7be30000 - 0x00007ffd7be9b000 	C:\WINDOWS\System32\WS2_32.dll
0x00007ffd72bd0000 - 0x00007ffd72bda000 	C:\WINDOWS\SYSTEM32\VERSION.dll
0x00007ffd78fe0000 - 0x00007ffd78ff2000 	C:\WINDOWS\SYSTEM32\kernel.appcore.dll
0x00007ffd482e0000 - 0x00007ffd482ea000 	C:\Users\alex\.p2\pool\plugins\org.eclipse.justj.openjdk.hotspot.jre.full.win32.x86_64_17.0.7.v20230425-1502\jre\bin\jimage.dll
0x00007ffd68430000 - 0x00007ffd68614000 	C:\WINDOWS\SYSTEM32\DBGHELP.DLL
0x00007ffd43000000 - 0x00007ffd43034000 	C:\WINDOWS\SYSTEM32\dbgcore.DLL
0x00007ffd7b340000 - 0x00007ffd7b3c2000 	C:\WINDOWS\System32\bcryptPrimitives.dll
0x00007ffd38fb0000 - 0x00007ffd38fd5000 	C:\Users\alex\.p2\pool\plugins\org.eclipse.justj.openjdk.hotspot.jre.full.win32.x86_64_17.0.7.v20230425-1502\jre\bin\java.dll
0x00007ffd43040000 - 0x00007ffd43058000 	C:\Users\alex\.p2\pool\plugins\org.eclipse.justj.openjdk.hotspot.jre.full.win32.x86_64_17.0.7.v20230425-1502\jre\bin\zip.dll
0x00007ffd7cec0000 - 0x00007ffd7d62e000 	C:\WINDOWS\System32\SHELL32.dll
0x00007ffd791e0000 - 0x00007ffd79984000 	C:\WINDOWS\SYSTEM32\windows.storage.dll
0x00007ffd7c270000 - 0x00007ffd7c5c5000 	C:\WINDOWS\System32\combase.dll
0x00007ffd7ab70000 - 0x00007ffd7ab9f000 	C:\WINDOWS\SYSTEM32\Wldp.dll
0x00007ffd7d630000 - 0x00007ffd7d6fd000 	C:\WINDOWS\System32\OLEAUT32.dll
0x00007ffd7cbe0000 - 0x00007ffd7cc8d000 	C:\WINDOWS\System32\SHCORE.dll
0x00007ffd7c5d0000 - 0x00007ffd7c625000 	C:\WINDOWS\System32\shlwapi.dll
0x00007ffd7b070000 - 0x00007ffd7b094000 	C:\WINDOWS\SYSTEM32\profapi.dll
0x00007ffd38f90000 - 0x00007ffd38fa9000 	C:\Users\alex\.p2\pool\plugins\org.eclipse.justj.openjdk.hotspot.jre.full.win32.x86_64_17.0.7.v20230425-1502\jre\bin\net.dll
0x00007ffd73570000 - 0x00007ffd7367d000 	C:\WINDOWS\SYSTEM32\WINHTTP.dll
0x00007ffd7a8d0000 - 0x00007ffd7a93a000 	C:\WINDOWS\system32\mswsock.dll
0x00007ffd38f70000 - 0x00007ffd38f85000 	C:\Users\alex\.p2\pool\plugins\org.eclipse.justj.openjdk.hotspot.jre.full.win32.x86_64_17.0.7.v20230425-1502\jre\bin\nio.dll
0x00007ffd26240000 - 0x00007ffd262bb000 	C:\Users\alex\AppData\Local\Temp\lwjgl_alex\3.3.4+7\x64\lwjgl.dll
0x00007ffd25da0000 - 0x00007ffd25e25000 	C:\Users\alex\AppData\Local\Temp\lwjgl_alex\3.3.4+7\x64\glfw.dll
0x00007ffd2be70000 - 0x00007ffd2beb5000 	C:\WINDOWS\SYSTEM32\dinput8.dll
0x00007ffd2ddf0000 - 0x00007ffd2de01000 	C:\WINDOWS\SYSTEM32\xinput1_4.dll
0x00007ffd7b5a0000 - 0x00007ffd7b5ee000 	C:\WINDOWS\System32\cfgmgr32.dll
0x00007ffd7aed0000 - 0x00007ffd7af03000 	C:\WINDOWS\SYSTEM32\DEVOBJ.dll
0x00007ffd78ce0000 - 0x00007ffd78d0f000 	C:\WINDOWS\SYSTEM32\dwmapi.dll
0x00007ffd6f6d0000 - 0x00007ffd6f822000 	C:\WINDOWS\SYSTEM32\inputhost.dll
0x00007ffd76c70000 - 0x00007ffd76dc7000 	C:\WINDOWS\SYSTEM32\wintypes.dll
0x00007ffd76ae0000 - 0x00007ffd76bd6000 	C:\WINDOWS\SYSTEM32\PROPSYS.dll
0x00007ffd75600000 - 0x00007ffd7595b000 	C:\WINDOWS\SYSTEM32\CoreUIComponents.dll
0x00007ffd77be0000 - 0x00007ffd77cd2000 	C:\WINDOWS\SYSTEM32\CoreMessaging.dll
0x00007ffd7a3d0000 - 0x00007ffd7a403000 	C:\WINDOWS\SYSTEM32\ntmarta.dll
0x00007ffd78a50000 - 0x00007ffd78aee000 	C:\WINDOWS\system32\uxtheme.dll
0x00007ffd7c070000 - 0x00007ffd7c185000 	C:\WINDOWS\System32\MSCTF.dll
0x00007ffd228d0000 - 0x00007ffd229f8000 	C:\WINDOWS\SYSTEM32\opengl32.dll
0x00007ffd2d0c0000 - 0x00007ffd2d0ec000 	C:\WINDOWS\SYSTEM32\GLU32.dll
0x00007ffd7bae0000 - 0x00007ffd7bb89000 	C:\WINDOWS\System32\clbcatq.dll
0x00007ffcb8f50000 - 0x00007ffcbbf0f000 	C:\WINDOWS\System32\DriverStore\FileRepository\nvgbdi.inf_amd64_4a2574804558c4b2\nvoglv64.dll
0x00007ffd7c630000 - 0x00007ffd7caa1000 	C:\WINDOWS\System32\SETUPAPI.dll
0x00007ffd7cab0000 - 0x00007ffd7cbdb000 	C:\WINDOWS\System32\ole32.dll
0x00007ffd76420000 - 0x00007ffd76434000 	C:\WINDOWS\SYSTEM32\WTSAPI32.dll
0x00007ffd7aac0000 - 0x00007ffd7aacc000 	C:\WINDOWS\SYSTEM32\CRYPTBASE.DLL
0x00007ffd7ad00000 - 0x00007ffd7ad12000 	C:\WINDOWS\SYSTEM32\msasn1.dll
0x00007ffd72b90000 - 0x00007ffd72bc1000 	C:\WINDOWS\SYSTEM32\cryptnet.dll
0x00007ffd7b1e0000 - 0x00007ffd7b33c000 	C:\WINDOWS\System32\CRYPT32.dll
0x00007ffd6fb00000 - 0x00007ffd6fc47000 	C:\WINDOWS\SYSTEM32\drvstore.dll
0x00007ffd7ba20000 - 0x00007ffd7ba89000 	C:\WINDOWS\System32\WINTRUST.dll
0x00007ffd776d0000 - 0x00007ffd7770b000 	C:\WINDOWS\SYSTEM32\dxcore.dll
0x00007ffd0ae80000 - 0x00007ffd0b145000 	C:\WINDOWS\system32\nvspcap64.dll
0x00007ffd7a6d0000 - 0x00007ffd7a71b000 	C:\WINDOWS\SYSTEM32\powrprof.dll
0x00007ffd7a540000 - 0x00007ffd7a552000 	C:\WINDOWS\SYSTEM32\UMPDC.dll
0x00007ffd79e00000 - 0x00007ffd79e5b000 	C:\WINDOWS\SYSTEM32\WINSTA.dll
0x00007ffd6f830000 - 0x00007ffd6f929000 	C:\WINDOWS\SYSTEM32\textinputframework.dll
0x00007ffd25d30000 - 0x00007ffd25d91000 	C:\Users\alex\AppData\Local\Temp\lwjgl_alex\3.3.4+7\x64\lwjgl_opengl.dll
0x00007ffd3cfd0000 - 0x00007ffd3cfe0000 	C:\Users\alex\.p2\pool\plugins\org.eclipse.justj.openjdk.hotspot.jre.full.win32.x86_64_17.0.7.v20230425-1502\jre\bin\verify.dll
0x00007ffd21500000 - 0x00007ffd215a0000 	C:\Users\alex\AppData\Local\Temp\lwjgl_alex\3.3.4+7\x64\lwjgl_stb.dll

dbghelp: loaded successfully - version: 4.0.5 - missing functions: none
symbol engine: initialized successfully - sym options: 0x614 - pdb path: .;C:\Users\alex\.p2\pool\plugins\org.eclipse.justj.openjdk.hotspot.jre.full.win32.x86_64_17.0.7.v20230425-1502\jre\bin;C:\WINDOWS\SYSTEM32;C:\WINDOWS\WinSxS\amd64_microsoft.windows.common-controls_6595b64144ccf1df_6.0.19041.4355_none_60b8b9eb71f62e16;C:\Users\alex\.p2\pool\plugins\org.eclipse.justj.openjdk.hotspot.jre.full.win32.x86_64_17.0.7.v20230425-1502\jre\bin\server;C:\Users\alex\AppData\Local\Temp\lwjgl_alex\3.3.4+7\x64;C:\WINDOWS\System32\DriverStore\FileRepository\nvgbdi.inf_amd64_4a2574804558c4b2

VM Arguments:
jvm_args: -Dfile.encoding=UTF-8 -XX:+ShowCodeDetailsInExceptionMessages 
java_command: main.Main
java_class_path (initial): D:\Code Space\Java\CurrentRenderingPipeline\bin;D:\Code Space\Java\CurrentRenderingPipeline\lib\jars\jbullet.jar;D:\Code Space\Java\CurrentRenderingPipeline\lib\jars\jinput-2.0.10.jar;D:\Code Space\Java\CurrentRenderingPipeline\lib\jars\joml-1.10.7.jar;D:\Code Space\Java\CurrentRenderingPipeline\lib\jars\joml-1.10.7-javadoc.jar;D:\Code Space\Java\CurrentRenderingPipeline\lib\jars\joml-1.10.7-sources.jar;D:\Code Space\Java\CurrentRenderingPipeline\lib\jars\lwjgl_util.jar;D:\Code Space\Java\CurrentRenderingPipeline\lib\jars\lwjgl.jar;D:\Code Space\Java\CurrentRenderingPipeline\lib\jars\lwjgl-assimp.jar;D:\Code Space\Java\CurrentRenderingPipeline\lib\jars\lwjgl-assimp-javadoc.jar;D:\Code Space\Java\CurrentRenderingPipeline\lib\jars\lwjgl-assimp-natives-windows.jar;D:\Code Space\Java\CurrentRenderingPipeline\lib\jars\lwjgl-assimp-sources.jar;D:\Code Space\Java\CurrentRenderingPipeline\lib\jars\lwjgl-glfw.jar;D:\Code Space\Java\CurrentRenderingPipeline\lib\jars\lwjgl-glfw-javadoc.jar;D:\Code Space\Java\CurrentRenderingPipeline\lib\jars\lwjgl-glfw-natives-windows.jar;D:\Code Space\Java\CurrentRenderingPipeline\lib\jars\lwjgl-glfw-sources.jar;D:\Code Space\Java\CurrentRenderingPipeline\lib\jars\lwjgl-javadoc.jar;D:\Code Space\Java\CurrentRenderingPipeline\lib\jars\lwjgl-natives-windows.jar;D:\Code Space\Java\CurrentRenderingPipeline\lib\jars\lwjgl-openal.jar;D:\Code Space\Java\CurrentRenderingPipeline\lib\jars\lwjgl-openal-javadoc.jar;D:\Code Space\Java\CurrentRenderingPipeline\lib\jars\lwjgl-openal-natives-windows.jar;D:\Code Space\Java\CurrentRenderingPipeline\lib\jars\lwjgl-openal-sources.jar;D:\Code Space\Java\CurrentRenderingPipeline\lib\jars\lwjgl-opengl.jar;D:\Code Space\Java\CurrentRenderingPipeline\lib\jars\lwjgl-opengl-javadoc.jar;D:\Code Space\Java\CurrentRenderingPipeline\lib\jars\lwjgl-opengl-natives-windows.jar;D:\Code Space\Java\CurrentRenderingPipeline\lib\jars\lwjgl-opengl-sources.jar;D:\Code Space\Java\CurrentRenderingPipeline
Launcher Type: SUN_STANDARD

[Global flags]
     intx CICompilerCount                          = 4                                         {product} {ergonomic}
     uint ConcGCThreads                            = 2                                         {product} {ergonomic}
     uint G1ConcRefinementThreads                  = 8                                         {product} {ergonomic}
   size_t G1HeapRegionSize                         = 4194304                                   {product} {ergonomic}
    uintx GCDrainStackTargetSize                   = 64                                        {product} {ergonomic}
   size_t InitialHeapSize                          = 402653184                                 {product} {ergonomic}
   size_t MarkStackSize                            = 4194304                                   {product} {ergonomic}
   size_t MaxHeapSize                              = 6434062336                                {product} {ergonomic}
   size_t MaxNewSize                               = 3858759680                                {product} {ergonomic}
   size_t MinHeapDeltaBytes                        = 4194304                                   {product} {ergonomic}
   size_t MinHeapSize                              = 8388608                                   {product} {ergonomic}
    uintx NonNMethodCodeHeapSize                   = 5839372                                {pd product} {ergonomic}
    uintx NonProfiledCodeHeapSize                  = 122909434                              {pd product} {ergonomic}
    uintx ProfiledCodeHeapSize                     = 122909434                              {pd product} {ergonomic}
    uintx ReservedCodeCacheSize                    = 251658240                              {pd product} {ergonomic}
     bool SegmentedCodeCache                       = true                                      {product} {ergonomic}
     bool ShowCodeDetailsInExceptionMessages       = true                                   {manageable} {command line}
   size_t SoftMaxHeapSize                          = 6434062336                             {manageable} {ergonomic}
     bool UseCompressedClassPointers               = true                           {product lp64_product} {ergonomic}
     bool UseCompressedOops                        = true                           {product lp64_product} {ergonomic}
     bool UseG1GC                                  = true                                      {product} {ergonomic}
     bool UseLargePagesIndividualAllocation        = false                                  {pd product} {ergonomic}

Logging:
Log output configuration:
 #0: stdout all=warning uptime,level,tags
 #1: stderr all=off uptime,level,tags

Environment Variables:
JAVA_HOME=C:\Program Files\Java\jre1.8.0_281\lib
CLASSPATH=C:\Users\Sunbond\Documents\apache-tomcat-8.5.65\lib\servlet-api.jar
PATH=C:/Users/alex/.p2/pool/plugins/org.eclipse.justj.openjdk.hotspot.jre.full.win32.x86_64_17.0.7.v20230425-1502/jre/bin/server;C:/Users/alex/.p2/pool/plugins/org.eclipse.justj.openjdk.hotspot.jre.full.win32.x86_64_17.0.7.v20230425-1502/jre/bin;C:\Python312\Scripts\;C:\Python312\;C:\Program Files\Eclipse Adoptium\jdk-21.0.1.12-hotspot\bin;C:\Python311\Scripts\;C:\Python311\;C:\Program Files\Zulu\zulu-17\bin\;C:\Program Files\Eclipse Foundation\jdk-8.0.302.8-hotspot\bin;C:\PROGRAM FILES (X86)\COMMON FILES\ORACLE\JAVA\JAVAPATH;C:\WINDOWS\SYSTEM32;C:\WINDOWS;C:\WINDOWS\SYSTEM32\WBEM;C:\WINDOWS\SYSTEM32\WINDOWSPOWERSHELL\V1.0\;C:\WINDOWS\SYSTEM32\OPENSSH\;C:\PROGRAM FILES\NVIDIA CORPORATION\NVIDIA NVDLISR;C:\PROGRAM FILES (X86)\NVIDIA CORPORATION\PHYSX\COMMON;C:\PROGRAM FILES\DOTNET\;C:\USERDATA\GIT\CMD;C:\PROGRAM FILES\MICROSOFT SQL SERVER\130\TOOLS\BINN\;C:\PROGRAM FILES\MICROSOFT SQL SERVER\CLIENT SDK\ODBC\170\TOOLS\BINN\;C:\PROGRAM FILES\AZURE DATA STUDIO\BIN;C:\PROGRAM FILES (X86)\MICROSOFT SQL SERVER\150\DTS\BINN\;C:\PROGRAM FILES (X86)\MICROSOFT SQL SERVER\150\TOOLS\BINN\;C:\PROGRAM FILES\MICROSOFT SQL SERVER\150\TOOLS\BINN\;C:\PROGRAM FILES\MICROSOFT SQL SERVER\150\DTS\BINN\;C:\PROGRAM FILES\MICROSOFT SQL SERVER\120\TOOLS\BINN\;C:\MAMP\BIN\PHP\PHP7.4.1\PHP.EXE;C:\MAMP\BIN\PHP\PHP7.4.1\;C:\ProgramData\chocolatey\bin;C:\UserData\Git\cmd;C:\Program Files\sfdx\bin;C:\Program Files\Java\jdk1.8.0_281\lib;C:\Program Files\Java\jre1.8.0_281\lib;C:\MinGW\bin;D:\Code Space\NodeJS\;D:\Android Studio\SDKs\platform-tools;D:\Android Studio\SDKs\emulator;C:\Users\alex\AppData\Local\Microsoft\WindowsApps;C:\Users\alex\AppData\Local\Programs\Microsoft VS Code\bin;C:\Users\alex\AppData\Local\sfdx\client\bin;C:\Users\alex\AppData\Local\GitHubDesktop\bin;C:\Users\alex\.dotnet\tools;C:\Program Files\Java\jre1.8.0_281\lib;C:\Program Files\Java\jdk1.8.0_281\lib;C:\MinGW\bin;C:\Program Files\heroku\bin;C:\Users\alex\AppData\Local\sf\client\bin;C:\Program Files\sf\bin;C:\Users\alex\AppDat
USERNAME=alex
OS=Windows_NT
PROCESSOR_IDENTIFIER=Intel64 Family 6 Model 158 Stepping 9, GenuineIntel
TMP=C:\Users\alex\AppData\Local\Temp
TEMP=C:\Users\alex\AppData\Local\Temp



---------------  S Y S T E M  ---------------

OS:
 Windows 10 , 64 bit Build 19041 (10.0.19041.5198)
OS uptime: 3 days 23:50 hours

CPU: total 8 (initial active 8) (4 cores per cpu, 2 threads per core) family 6 model 158 stepping 9 microcode 0xb4, cx8, cmov, fxsr, ht, mmx, 3dnowpref, sse, sse2, sse3, ssse3, sse4.1, sse4.2, popcnt, lzcnt, tsc, tscinvbit, avx, avx2, aes, erms, clmul, bmi1, bmi2, rtm, adx, fma, vzeroupper, clflush, clflushopt

Memory: 4k page, system-wide physical 24540M (5223M free)
TotalPageFile size 51164M (AvailPageFile size 11993M)
current process WorkingSet (physical memory assigned to process): 475M, peak: 539M
current process commit charge ("private bytes"): 1409M, peak: 1435M

vm_info: OpenJDK 64-Bit Server VM (17.0.7+7) for windows-amd64 JRE (17.0.7+7), built on Apr 18 2023 22:10:42 by "temurin" with MS VC++ 16.7 (VS2019)

END.
