#
# A fatal error has been detected by the Java Runtime Environment:
#
#  EXCEPTION_ACCESS_VIOLATION (0xc0000005) at pc=0x00007ff80769d770, pid=12748, tid=28960
#
# JRE version: OpenJDK Runtime Environment Temurin-17.0.7+7 (17.0.7+7) (build 17.0.7+7)
# Java VM: OpenJDK 64-Bit Server VM Temurin-17.0.7+7 (17.0.7+7, mixed mode, tiered, compressed oops, compressed class ptrs, g1 gc, windows-amd64)
# Problematic frame:
# C  [nvoglv64.dll+0x127d770]
#
# No core dump will be written. Minidumps are not enabled by default on client versions of Windows
#
# If you would like to submit a bug report, please visit:
#   https://github.com/adoptium/adoptium-support/issues
# The crash happened outside the Java Virtual Machine in native code.
# See problematic frame for where to report the bug.
#

---------------  S U M M A R Y ------------

Command Line: -Dfile.encoding=UTF-8 -XX:+ShowCodeDetailsInExceptionMessages main.Main

Host: Intel(R) Core(TM) i7-7700 CPU @ 3.60GHz, 8 cores, 23G,  Windows 10 , 64 bit Build 19041 (10.0.19041.5198)
Time: Fri Jan 31 16:55:25 2025 US Mountain Standard Time elapsed time: 2.153294 seconds (0d 0h 0m 2s)

---------------  T H R E A D  ---------------

Current thread (0x000001b56e7c82d0):  JavaThread "main" [_thread_in_native, id=28960, stack(0x000000b54bf00000,0x000000b54c000000)]

Stack: [0x000000b54bf00000,0x000000b54c000000],  sp=0x000000b54bfff348,  free space=1020k
Native frames: (J=compiled Java code, j=interpreted, Vv=VM code, C=native code)
C  [nvoglv64.dll+0x127d770]

Java frames: (J=compiled Java code, j=interpreted, Vv=VM code)
j  org.lwjgl.opengl.GL11C.nglDrawElements(IIIJ)V+0
j  org.lwjgl.opengl.GL11C.glDrawElements(IIIJ)V+4
j  org.lwjgl.opengl.GL11.glDrawElements(IIIJ)V+4
j  shadows.ShadowMapRenderer.renderShadowMapForLight(Lentities/Light;Ljava/util/List;)V+686
j  renderer.MasterRenderer.render(Ljava/util/List;Ljava/util/List;Lentities/Camera;)V+30
j  main.Main.loop()V+303
j  main.Main.run()V+5
j  main.Main.main([Ljava/lang/String;)V+7
v  ~StubRoutines::call_stub

siginfo: EXCEPTION_ACCESS_VIOLATION (0xc0000005), reading address 0x0000000000000000


Register to memory mapping:

RIP=0x00007ff80769d770 nvoglv64.dll
RAX=0x0000000000022006 is an unknown value
RBX=0x000001b520010be0 points into unknown readable memory: 0x0000000400022006 | 06 20 02 00 04 00 00 00
RCX=0x000001b520010bfc points into unknown readable memory: 03 1f 00 00
RDX=0x0 is NULL
RSP=0x000000b54bfff348 is pointing into the stack for thread: 0x000001b56e7c82d0
RBP=0x0000000000000044 is an unknown value
RSI=0x0000000000000006 is an unknown value
RDI=0x000001b51b0e4080 points into unknown readable memory: 0x0000000000000000 | 00 00 00 00 00 00 00 00
R8 =0x0000000000000018 is an unknown value
R9 =0x000001b520010be0 points into unknown readable memory: 0x0000000400022006 | 06 20 02 00 04 00 00 00
R10=0x0 is NULL
R11=0x000001b520010bfc points into unknown readable memory: 03 1f 00 00
R12=0x0000000000000004 is an unknown value
R13=0x0000000000001405 is an unknown value
R14=0x0000000000000018 is an unknown value
R15=0x0 is NULL


Registers:
RAX=0x0000000000022006, RBX=0x000001b520010be0, RCX=0x000001b520010bfc, RDX=0x0000000000000000
RSP=0x000000b54bfff348, RBP=0x0000000000000044, RSI=0x0000000000000006, RDI=0x000001b51b0e4080
R8 =0x0000000000000018, R9 =0x000001b520010be0, R10=0x0000000000000000, R11=0x000001b520010bfc
R12=0x0000000000000004, R13=0x0000000000001405, R14=0x0000000000000018, R15=0x0000000000000000
RIP=0x00007ff80769d770, EFLAGS=0x0000000000010283

Top of Stack: (sp=0x000000b54bfff348)
0x000000b54bfff348:   00007ff806ccc19c 00000008000cc250
0x000000b54bfff358:   000001b515895dd0 000000b54bfff470
0x000000b54bfff368:   00007fffc2e03d92 000000000017555d
0x000000b54bfff378:   000001b50755bb30 000001b56e7c82d0
0x000000b54bfff388:   000001b56e7c82d0 000001b515895dd0
0x000000b54bfff398:   000001b56e7c82d0 000001b5075394fe
0x000000b54bfff3a8:   000001b50753d48e 000001b56e7c82d0
0x000000b54bfff3b8:   000001b515895dd0 0000000000000000
0x000000b54bfff3c8:   000001b5075394fe 00000008000cc250
0x000000b54bfff3d8:   000001b50753d621 000000b54bfff470
0x000000b54bfff3e8:   000000b54bfff400 000000b54bfff4b0
0x000000b54bfff3f8:   000001b515895dd0 000001b500001405
0x000000b54bfff408:   0000000000000000 3ff0000000000000
0x000000b54bfff418:   000001b56e7c82d0 000001b50753d2f6
0x000000b54bfff428:   000000b54bfff428 000001b515895dd0
0x000000b54bfff438:   000000b54bfff4b0 000001b5158a0428 

Instructions: (pc=0x00007ff80769d770)
0x00007ff80769d670:   33 c0 c3 1b c0 83 d8 ff c3 90 49 c1 e9 02 74 37
0x00007ff80769d680:   48 8b 01 48 3b 04 11 75 5b 48 8b 41 08 48 3b 44
0x00007ff80769d690:   11 08 75 4c 48 8b 41 10 48 3b 44 11 10 75 3d 48
0x00007ff80769d6a0:   8b 41 18 48 3b 44 11 18 75 2e 48 83 c1 20 49 ff
0x00007ff80769d6b0:   c9 75 cd 49 83 e0 1f 4d 8b c8 49 c1 e9 03 74 9b
0x00007ff80769d6c0:   48 8b 01 48 3b 04 11 75 1b 48 83 c1 08 49 ff c9
0x00007ff80769d6d0:   75 ee 49 83 e0 07 eb 83 48 83 c1 08 48 83 c1 08
0x00007ff80769d6e0:   48 83 c1 08 48 8b 0c 0a 48 0f c8 48 0f c9 48 3b
0x00007ff80769d6f0:   c1 1b c0 83 d8 ff c3 cc cc cc cc cc cc cc cc cc
0x00007ff80769d700:   cc cc cc cc cc cc 66 66 0f 1f 84 00 00 00 00 00
0x00007ff80769d710:   57 56 49 8b c3 48 8b f9 49 8b c8 49 8b f2 f3 a4
0x00007ff80769d720:   5e 5f c3 cc cc cc cc cc cc 0f 1f 80 00 00 00 00
0x00007ff80769d730:   4c 8b d9 4c 8b d2 49 83 f8 10 76 54 49 83 f8 20
0x00007ff80769d740:   76 2e 48 2b d1 73 0d 4b 8d 04 10 48 3b c8 0f 82
0x00007ff80769d750:   dc 02 00 00 49 81 f8 80 00 00 00 0f 86 0f 02 00
0x00007ff80769d760:   00 f6 05 18 e0 b7 01 02 0f 84 52 01 00 00 eb a0
0x00007ff80769d770:   0f 10 02 42 0f 10 4c 02 f0 0f 11 01 42 0f 11 4c
0x00007ff80769d780:   01 f0 48 8b c1 c3 66 66 0f 1f 84 00 00 00 00 00
0x00007ff80769d790:   48 8b c1 4c 8d 0d 66 28 d8 fe 43 8b 8c 81 10 7a
0x00007ff80769d7a0:   f6 02 49 03 c9 ff e1 66 0f 1f 84 00 00 00 00 00
0x00007ff80769d7b0:   c3 0f b7 0a 66 89 08 c3 48 8b 0a 48 89 08 c3 0f
0x00007ff80769d7c0:   b7 0a 44 0f b6 42 02 66 89 08 44 88 40 02 c3 0f
0x00007ff80769d7d0:   b6 0a 88 08 c3 f3 0f 6f 02 f3 0f 7f 00 c3 66 90
0x00007ff80769d7e0:   4c 8b 02 0f b7 4a 08 44 0f b6 4a 0a 4c 89 00 66
0x00007ff80769d7f0:   89 48 08 44 88 48 0a c3 8b 0a 89 08 c3 0f 1f 00
0x00007ff80769d800:   8b 0a 44 0f b6 42 04 89 08 44 88 40 04 c3 66 90
0x00007ff80769d810:   8b 0a 44 0f b7 42 04 89 08 66 44 89 40 04 c3 90
0x00007ff80769d820:   8b 0a 44 0f b7 42 04 44 0f b6 4a 06 89 08 66 44
0x00007ff80769d830:   89 40 04 44 88 48 06 c3 4c 8b 02 8b 4a 08 44 0f
0x00007ff80769d840:   b6 4a 0c 4c 89 00 89 48 08 44 88 48 0c c3 66 90
0x00007ff80769d850:   4c 8b 02 0f b6 4a 08 4c 89 00 88 48 08 c3 66 90
0x00007ff80769d860:   4c 8b 02 0f b7 4a 08 4c 89 00 66 89 48 08 c3 90 


Stack slot to memory mapping:
stack at sp + 0 slots: 0x00007ff806ccc19c nvoglv64.dll
stack at sp + 1 slots: 0x00000008000cc250 is a pointer to class: 
org.lwjgl.system.MemoryStack {0x00000008000cc258}
 - instance size:     5
 - klass size:        181
 - access:            public synchronized 
 - state:             fully_initialized
 - name:              'org/lwjgl/system/MemoryStack'
 - super:             'org/lwjgl/system/Pointer$Default'
 - sub:               'org/lwjgl/system/MemoryStack$DebugMemoryStack'   
 - arrays:            NULL
 - methods:           Array<T>(0x000001b5156334c0)
 - method ordering:   Array<T>(0x000001b515000018)
 - default_methods:   Array<T>(0x0000000000000000)
 - local interfaces:  Array<T>(0x000001b5156333f0)
 - trans. interfaces: Array<T>(0x000001b515640478)
 - constants:         constant pool [810]/operands[7] {0x000001b515631938} for 'org/lwjgl/system/MemoryStack' cache=0x000001b515640dd8
 - class loader data:  loader data: 0x000001b5191a9660 for instance a 'jdk/internal/loader/ClassLoaders$AppClassLoader'{0x0000000681401be0}
 - source file:       'MemoryStack.java'
 - class annotations:       Array<T>(0x0000000000000000)
 - class type annotations:  Array<T>(0x0000000000000000)
 - field annotations:       Array<T>(0x000001b515633410)
 - field type annotations:  Array<T>(0x0000000000000000)
 - inner classes:     Array<T>(0x000001b515640430)
 - nest members:     Array<T>(0x000001b515000028)
 - permitted subclasses:     Array<T>(0x000001b515000028)
 - java mirror:       a 'java/lang/Class'{0x000000068152f700} = 'org/lwjgl/system/MemoryStack'
 - vtable length      115  (start addr: 0x00000008000cc418)
 - itable length      8 (start addr: 0x00000008000cc7b0)
 - ---- static fields (2 words):
 - private static final 'DEFAULT_STACK_SIZE' 'I' @116 
 - private static final 'DEFAULT_STACK_FRAMES' 'I' @120 
 - private static final 'TLS' 'Ljava/lang/ThreadLocal;' @112 
 - ---- non-static fields (7 words):
 - protected 'address' 'J' @16 
 - private final 'size' 'I' @12 
 - private 'pointer' 'I' @24 
 - protected 'frameIndex' 'I' @28 
 - private final 'container' 'Ljava/nio/ByteBuffer;' @32 
 - private 'frames' '[I' @36 
 - non-static oop maps: 32-36 
stack at sp + 2 slots: {method} {0x000001b515895dd8} 'nglDrawElements' '(IIIJ)V' in 'org/lwjgl/opengl/GL11C'
stack at sp + 3 slots: 0x000000b54bfff470 is pointing into the stack for thread: 0x000001b56e7c82d0
stack at sp + 4 slots: 0x00007fffc2e03d92 jvm.dll
stack at sp + 5 slots: 0x000000000017555d is an unknown value
stack at sp + 6 slots: 0x000001b50755bb30 is at code_begin+4400 in 
[CodeBlob (0x000001b50755a990)]
Framesize: 0
BufferBlob (0x000001b50755a990) used for native signature handlers
stack at sp + 7 slots: 0x000001b56e7c82d0 is a thread


---------------  P R O C E S S  ---------------

Threads class SMR info:
_java_thread_list=0x000001b5206735a0, length=14, elements={
0x000001b56e7c82d0, 0x000001b51905b980, 0x000001b51905ca00, 0x000001b5190b32a0,
0x000001b5190b4c70, 0x000001b5190b8640, 0x000001b5190c2c90, 0x000001b5190c6400,
0x000001b5190c6db0, 0x000001b5190c96c0, 0x000001b51923cb50, 0x000001b519275010,
0x000001b5202a58c0, 0x000001b5202a4990
}

Java Threads: ( => current thread )
=>0x000001b56e7c82d0 JavaThread "main" [_thread_in_native, id=28960, stack(0x000000b54bf00000,0x000000b54c000000)]
  0x000001b51905b980 JavaThread "Reference Handler" daemon [_thread_blocked, id=27176, stack(0x000000b54c600000,0x000000b54c700000)]
  0x000001b51905ca00 JavaThread "Finalizer" daemon [_thread_blocked, id=1316, stack(0x000000b54c700000,0x000000b54c800000)]
  0x000001b5190b32a0 JavaThread "Signal Dispatcher" daemon [_thread_blocked, id=24280, stack(0x000000b54c800000,0x000000b54c900000)]
  0x000001b5190b4c70 JavaThread "Attach Listener" daemon [_thread_blocked, id=30784, stack(0x000000b54c900000,0x000000b54ca00000)]
  0x000001b5190b8640 JavaThread "Service Thread" daemon [_thread_blocked, id=26676, stack(0x000000b54ca00000,0x000000b54cb00000)]
  0x000001b5190c2c90 JavaThread "Monitor Deflation Thread" daemon [_thread_blocked, id=24236, stack(0x000000b54cb00000,0x000000b54cc00000)]
  0x000001b5190c6400 JavaThread "C2 CompilerThread0" daemon [_thread_blocked, id=28064, stack(0x000000b54cc00000,0x000000b54cd00000)]
  0x000001b5190c6db0 JavaThread "C1 CompilerThread0" daemon [_thread_blocked, id=30620, stack(0x000000b54cd00000,0x000000b54ce00000)]
  0x000001b5190c96c0 JavaThread "Sweeper thread" daemon [_thread_blocked, id=27840, stack(0x000000b54ce00000,0x000000b54cf00000)]
  0x000001b51923cb50 JavaThread "Notification Thread" daemon [_thread_blocked, id=10972, stack(0x000000b54cf00000,0x000000b54d000000)]
  0x000001b519275010 JavaThread "Common-Cleaner" daemon [_thread_blocked, id=29304, stack(0x000000b54d100000,0x000000b54d200000)]
  0x000001b5202a58c0 JavaThread "C2 CompilerThread1" daemon [_thread_blocked, id=26960, stack(0x000000b54d800000,0x000000b54d900000)]
  0x000001b5202a4990 JavaThread "C2 CompilerThread2" daemon [_thread_blocked, id=3372, stack(0x000000b54e000000,0x000000b54e100000)]

Other Threads:
  0x000001b519058cf0 VMThread "VM Thread" [stack: 0x000000b54c500000,0x000000b54c600000] [id=31496]
  0x000001b51925f040 WatcherThread [stack: 0x000000b54d000000,0x000000b54d100000] [id=11504]
  0x000001b56e853e90 GCTaskThread "GC Thread#0" [stack: 0x000000b54c000000,0x000000b54c100000] [id=22620]
  0x000001b5205e7dd0 GCTaskThread "GC Thread#1" [stack: 0x000000b54d900000,0x000000b54da00000] [id=30232]
  0x000001b5206ce3d0 GCTaskThread "GC Thread#2" [stack: 0x000000b54da00000,0x000000b54db00000] [id=25528]
  0x000001b5206a8150 GCTaskThread "GC Thread#3" [stack: 0x000000b54db00000,0x000000b54dc00000] [id=3508]
  0x000001b5206a8400 GCTaskThread "GC Thread#4" [stack: 0x000000b54dc00000,0x000000b54dd00000] [id=26336]
  0x000001b5206e3550 GCTaskThread "GC Thread#5" [stack: 0x000000b54dd00000,0x000000b54de00000] [id=8264]
  0x000001b520763e10 GCTaskThread "GC Thread#6" [stack: 0x000000b54de00000,0x000000b54df00000] [id=27308]
  0x000001b5206a1ea0 GCTaskThread "GC Thread#7" [stack: 0x000000b54df00000,0x000000b54e000000] [id=16688]
  0x000001b56e861530 ConcurrentGCThread "G1 Main Marker" [stack: 0x000000b54c100000,0x000000b54c200000] [id=26952]
  0x000001b56e861f40 ConcurrentGCThread "G1 Conc#0" [stack: 0x000000b54c200000,0x000000b54c300000] [id=28116]
  0x000001b57ec4fea0 ConcurrentGCThread "G1 Refine#0" [stack: 0x000000b54c300000,0x000000b54c400000] [id=29248]
  0x000001b57ec507d0 ConcurrentGCThread "G1 Service" [stack: 0x000000b54c400000,0x000000b54c500000] [id=5540]

Threads with active compile tasks:

VM state: not at safepoint (normal execution)

VM Mutex/Monitor currently owned by a thread: None

Heap address: 0x0000000680800000, size: 6136 MB, Compressed Oops mode: Zero based, Oop shift amount: 3

CDS archive(s) not mapped
Compressed class space mapped at: 0x0000000800000000-0x0000000840000000, reserved size: 1073741824
Narrow klass base: 0x0000000800000000, Narrow klass shift: 0, Narrow klass range: 0x40000000

GC Precious Log:
 CPUs: 8 total, 8 available
 Memory: 24540M
 Large Page Support: Disabled
 NUMA Support: Disabled
 Compressed Oops: Enabled (Zero based)
 Heap Region Size: 4M
 Heap Min Capacity: 8M
 Heap Initial Capacity: 384M
 Heap Max Capacity: 6136M
 Pre-touch: Disabled
 Parallel Workers: 8
 Concurrent Workers: 2
 Concurrent Refinement Workers: 8
 Periodic GC: Disabled

Heap:
 garbage-first heap   total 393216K, used 31595K [0x0000000680800000, 0x0000000800000000)
  region size 4096K, 6 young (24576K), 1 survivors (4096K)
 Metaspace       used 12799K, committed 12992K, reserved 1114112K
  class space    used 855K, committed 960K, reserved 1048576K

Heap Regions: E=young(eden), S=young(survivor), O=old, HS=humongous(starts), HC=humongous(continues), CS=collection set, F=free, OA=open archive, CA=closed archive, TAMS=top-at-mark-start (previous, next)
|   0|0x0000000680800000, 0x0000000680c00000, 0x0000000680c00000|100%|HS|  |TAMS 0x0000000680800000, 0x0000000680800000| Complete 
|   1|0x0000000680c00000, 0x0000000681000000, 0x0000000681000000|100%|HC|  |TAMS 0x0000000680c00000, 0x0000000680c00000| Complete 
|   2|0x0000000681000000, 0x0000000681400000, 0x0000000681400000|100%|HC|  |TAMS 0x0000000681000000, 0x0000000681000000| Complete 
|   3|0x0000000681400000, 0x0000000681632400, 0x0000000681800000| 54%| O|  |TAMS 0x0000000681400000, 0x0000000681400000| Untracked 
|   4|0x0000000681800000, 0x0000000681800000, 0x0000000681c00000|  0%| F|  |TAMS 0x0000000681800000, 0x0000000681800000| Untracked 
|   5|0x0000000681c00000, 0x0000000681c00000, 0x0000000682000000|  0%| F|  |TAMS 0x0000000681c00000, 0x0000000681c00000| Untracked 
|   6|0x0000000682000000, 0x0000000682000000, 0x0000000682400000|  0%| F|  |TAMS 0x0000000682000000, 0x0000000682000000| Untracked 
|   7|0x0000000682400000, 0x0000000682400000, 0x0000000682800000|  0%| F|  |TAMS 0x0000000682400000, 0x0000000682400000| Untracked 
|   8|0x0000000682800000, 0x0000000682800000, 0x0000000682c00000|  0%| F|  |TAMS 0x0000000682800000, 0x0000000682800000| Untracked 
|   9|0x0000000682c00000, 0x0000000682c00000, 0x0000000683000000|  0%| F|  |TAMS 0x0000000682c00000, 0x0000000682c00000| Untracked 
|  10|0x0000000683000000, 0x0000000683000000, 0x0000000683400000|  0%| F|  |TAMS 0x0000000683000000, 0x0000000683000000| Untracked 
|  11|0x0000000683400000, 0x0000000683400000, 0x0000000683800000|  0%| F|  |TAMS 0x0000000683400000, 0x0000000683400000| Untracked 
|  12|0x0000000683800000, 0x0000000683800000, 0x0000000683c00000|  0%| F|  |TAMS 0x0000000683800000, 0x0000000683800000| Untracked 
|  13|0x0000000683c00000, 0x0000000683c00000, 0x0000000684000000|  0%| F|  |TAMS 0x0000000683c00000, 0x0000000683c00000| Untracked 
|  14|0x0000000684000000, 0x0000000684000000, 0x0000000684400000|  0%| F|  |TAMS 0x0000000684000000, 0x0000000684000000| Untracked 
|  15|0x0000000684400000, 0x0000000684400000, 0x0000000684800000|  0%| F|  |TAMS 0x0000000684400000, 0x0000000684400000| Untracked 
|  16|0x0000000684800000, 0x0000000684800000, 0x0000000684c00000|  0%| F|  |TAMS 0x0000000684800000, 0x0000000684800000| Untracked 
|  17|0x0000000684c00000, 0x0000000684c00000, 0x0000000685000000|  0%| F|  |TAMS 0x0000000684c00000, 0x0000000684c00000| Untracked 
|  18|0x0000000685000000, 0x0000000685000000, 0x0000000685400000|  0%| F|  |TAMS 0x0000000685000000, 0x0000000685000000| Untracked 
|  19|0x0000000685400000, 0x0000000685400000, 0x0000000685800000|  0%| F|  |TAMS 0x0000000685400000, 0x0000000685400000| Untracked 
|  20|0x0000000685800000, 0x0000000685800000, 0x0000000685c00000|  0%| F|  |TAMS 0x0000000685800000, 0x0000000685800000| Untracked 
|  21|0x0000000685c00000, 0x0000000685c00000, 0x0000000686000000|  0%| F|  |TAMS 0x0000000685c00000, 0x0000000685c00000| Untracked 
|  22|0x0000000686000000, 0x0000000686000000, 0x0000000686400000|  0%| F|  |TAMS 0x0000000686000000, 0x0000000686000000| Untracked 
|  23|0x0000000686400000, 0x0000000686400000, 0x0000000686800000|  0%| F|  |TAMS 0x0000000686400000, 0x0000000686400000| Untracked 
|  24|0x0000000686800000, 0x0000000686800000, 0x0000000686c00000|  0%| F|  |TAMS 0x0000000686800000, 0x0000000686800000| Untracked 
|  25|0x0000000686c00000, 0x0000000686c00000, 0x0000000687000000|  0%| F|  |TAMS 0x0000000686c00000, 0x0000000686c00000| Untracked 
|  26|0x0000000687000000, 0x0000000687000000, 0x0000000687400000|  0%| F|  |TAMS 0x0000000687000000, 0x0000000687000000| Untracked 
|  27|0x0000000687400000, 0x0000000687400000, 0x0000000687800000|  0%| F|  |TAMS 0x0000000687400000, 0x0000000687400000| Untracked 
|  28|0x0000000687800000, 0x0000000687800000, 0x0000000687c00000|  0%| F|  |TAMS 0x0000000687800000, 0x0000000687800000| Untracked 
|  29|0x0000000687c00000, 0x0000000687c00000, 0x0000000688000000|  0%| F|  |TAMS 0x0000000687c00000, 0x0000000687c00000| Untracked 
|  30|0x0000000688000000, 0x0000000688000000, 0x0000000688400000|  0%| F|  |TAMS 0x0000000688000000, 0x0000000688000000| Untracked 
|  31|0x0000000688400000, 0x0000000688400000, 0x0000000688800000|  0%| F|  |TAMS 0x0000000688400000, 0x0000000688400000| Untracked 
|  32|0x0000000688800000, 0x0000000688800000, 0x0000000688c00000|  0%| F|  |TAMS 0x0000000688800000, 0x0000000688800000| Untracked 
|  33|0x0000000688c00000, 0x0000000688c00000, 0x0000000689000000|  0%| F|  |TAMS 0x0000000688c00000, 0x0000000688c00000| Untracked 
|  34|0x0000000689000000, 0x0000000689000000, 0x0000000689400000|  0%| F|  |TAMS 0x0000000689000000, 0x0000000689000000| Untracked 
|  35|0x0000000689400000, 0x0000000689400000, 0x0000000689800000|  0%| F|  |TAMS 0x0000000689400000, 0x0000000689400000| Untracked 
|  36|0x0000000689800000, 0x0000000689800000, 0x0000000689c00000|  0%| F|  |TAMS 0x0000000689800000, 0x0000000689800000| Untracked 
|  37|0x0000000689c00000, 0x0000000689c00000, 0x000000068a000000|  0%| F|  |TAMS 0x0000000689c00000, 0x0000000689c00000| Untracked 
|  38|0x000000068a000000, 0x000000068a000000, 0x000000068a400000|  0%| F|  |TAMS 0x000000068a000000, 0x000000068a000000| Untracked 
|  39|0x000000068a400000, 0x000000068a400000, 0x000000068a800000|  0%| F|  |TAMS 0x000000068a400000, 0x000000068a400000| Untracked 
|  40|0x000000068a800000, 0x000000068a800000, 0x000000068ac00000|  0%| F|  |TAMS 0x000000068a800000, 0x000000068a800000| Untracked 
|  41|0x000000068ac00000, 0x000000068ac00000, 0x000000068b000000|  0%| F|  |TAMS 0x000000068ac00000, 0x000000068ac00000| Untracked 
|  42|0x000000068b000000, 0x000000068b000000, 0x000000068b400000|  0%| F|  |TAMS 0x000000068b000000, 0x000000068b000000| Untracked 
|  43|0x000000068b400000, 0x000000068b400000, 0x000000068b800000|  0%| F|  |TAMS 0x000000068b400000, 0x000000068b400000| Untracked 
|  44|0x000000068b800000, 0x000000068b800000, 0x000000068bc00000|  0%| F|  |TAMS 0x000000068b800000, 0x000000068b800000| Untracked 
|  45|0x000000068bc00000, 0x000000068bc00000, 0x000000068c000000|  0%| F|  |TAMS 0x000000068bc00000, 0x000000068bc00000| Untracked 
|  46|0x000000068c000000, 0x000000068c000000, 0x000000068c400000|  0%| F|  |TAMS 0x000000068c000000, 0x000000068c000000| Untracked 
|  47|0x000000068c400000, 0x000000068c400000, 0x000000068c800000|  0%| F|  |TAMS 0x000000068c400000, 0x000000068c400000| Untracked 
|  48|0x000000068c800000, 0x000000068c800000, 0x000000068cc00000|  0%| F|  |TAMS 0x000000068c800000, 0x000000068c800000| Untracked 
|  49|0x000000068cc00000, 0x000000068cc00000, 0x000000068d000000|  0%| F|  |TAMS 0x000000068cc00000, 0x000000068cc00000| Untracked 
|  50|0x000000068d000000, 0x000000068d000000, 0x000000068d400000|  0%| F|  |TAMS 0x000000068d000000, 0x000000068d000000| Untracked 
|  51|0x000000068d400000, 0x000000068d400000, 0x000000068d800000|  0%| F|  |TAMS 0x000000068d400000, 0x000000068d400000| Untracked 
|  52|0x000000068d800000, 0x000000068d800000, 0x000000068dc00000|  0%| F|  |TAMS 0x000000068d800000, 0x000000068d800000| Untracked 
|  53|0x000000068dc00000, 0x000000068dc00000, 0x000000068e000000|  0%| F|  |TAMS 0x000000068dc00000, 0x000000068dc00000| Untracked 
|  54|0x000000068e000000, 0x000000068e000000, 0x000000068e400000|  0%| F|  |TAMS 0x000000068e000000, 0x000000068e000000| Untracked 
|  55|0x000000068e400000, 0x000000068e400000, 0x000000068e800000|  0%| F|  |TAMS 0x000000068e400000, 0x000000068e400000| Untracked 
|  56|0x000000068e800000, 0x000000068e800000, 0x000000068ec00000|  0%| F|  |TAMS 0x000000068e800000, 0x000000068e800000| Untracked 
|  57|0x000000068ec00000, 0x000000068ec00000, 0x000000068f000000|  0%| F|  |TAMS 0x000000068ec00000, 0x000000068ec00000| Untracked 
|  58|0x000000068f000000, 0x000000068f000000, 0x000000068f400000|  0%| F|  |TAMS 0x000000068f000000, 0x000000068f000000| Untracked 
|  59|0x000000068f400000, 0x000000068f400000, 0x000000068f800000|  0%| F|  |TAMS 0x000000068f400000, 0x000000068f400000| Untracked 
|  60|0x000000068f800000, 0x000000068f800000, 0x000000068fc00000|  0%| F|  |TAMS 0x000000068f800000, 0x000000068f800000| Untracked 
|  61|0x000000068fc00000, 0x000000068fc00000, 0x0000000690000000|  0%| F|  |TAMS 0x000000068fc00000, 0x000000068fc00000| Untracked 
|  62|0x0000000690000000, 0x0000000690000000, 0x0000000690400000|  0%| F|  |TAMS 0x0000000690000000, 0x0000000690000000| Untracked 
|  63|0x0000000690400000, 0x0000000690400000, 0x0000000690800000|  0%| F|  |TAMS 0x0000000690400000, 0x0000000690400000| Untracked 
|  64|0x0000000690800000, 0x0000000690800000, 0x0000000690c00000|  0%| F|  |TAMS 0x0000000690800000, 0x0000000690800000| Untracked 
|  65|0x0000000690c00000, 0x0000000690c00000, 0x0000000691000000|  0%| F|  |TAMS 0x0000000690c00000, 0x0000000690c00000| Untracked 
|  66|0x0000000691000000, 0x0000000691000000, 0x0000000691400000|  0%| F|  |TAMS 0x0000000691000000, 0x0000000691000000| Untracked 
|  67|0x0000000691400000, 0x0000000691400000, 0x0000000691800000|  0%| F|  |TAMS 0x0000000691400000, 0x0000000691400000| Untracked 
|  68|0x0000000691800000, 0x0000000691800000, 0x0000000691c00000|  0%| F|  |TAMS 0x0000000691800000, 0x0000000691800000| Untracked 
|  69|0x0000000691c00000, 0x0000000691c00000, 0x0000000692000000|  0%| F|  |TAMS 0x0000000691c00000, 0x0000000691c00000| Untracked 
|  70|0x0000000692000000, 0x0000000692000000, 0x0000000692400000|  0%| F|  |TAMS 0x0000000692000000, 0x0000000692000000| Untracked 
|  71|0x0000000692400000, 0x0000000692400000, 0x0000000692800000|  0%| F|  |TAMS 0x0000000692400000, 0x0000000692400000| Untracked 
|  72|0x0000000692800000, 0x0000000692800000, 0x0000000692c00000|  0%| F|  |TAMS 0x0000000692800000, 0x0000000692800000| Untracked 
|  73|0x0000000692c00000, 0x0000000692c00000, 0x0000000693000000|  0%| F|  |TAMS 0x0000000692c00000, 0x0000000692c00000| Untracked 
|  74|0x0000000693000000, 0x0000000693000000, 0x0000000693400000|  0%| F|  |TAMS 0x0000000693000000, 0x0000000693000000| Untracked 
|  75|0x0000000693400000, 0x0000000693400000, 0x0000000693800000|  0%| F|  |TAMS 0x0000000693400000, 0x0000000693400000| Untracked 
|  76|0x0000000693800000, 0x0000000693800000, 0x0000000693c00000|  0%| F|  |TAMS 0x0000000693800000, 0x0000000693800000| Untracked 
|  77|0x0000000693c00000, 0x0000000693c00000, 0x0000000694000000|  0%| F|  |TAMS 0x0000000693c00000, 0x0000000693c00000| Untracked 
|  78|0x0000000694000000, 0x0000000694000000, 0x0000000694400000|  0%| F|  |TAMS 0x0000000694000000, 0x0000000694000000| Untracked 
|  79|0x0000000694400000, 0x0000000694400000, 0x0000000694800000|  0%| F|  |TAMS 0x0000000694400000, 0x0000000694400000| Untracked 
|  80|0x0000000694800000, 0x0000000694800000, 0x0000000694c00000|  0%| F|  |TAMS 0x0000000694800000, 0x0000000694800000| Untracked 
|  81|0x0000000694c00000, 0x0000000694c00000, 0x0000000695000000|  0%| F|  |TAMS 0x0000000694c00000, 0x0000000694c00000| Untracked 
|  82|0x0000000695000000, 0x0000000695000000, 0x0000000695400000|  0%| F|  |TAMS 0x0000000695000000, 0x0000000695000000| Untracked 
|  83|0x0000000695400000, 0x0000000695400000, 0x0000000695800000|  0%| F|  |TAMS 0x0000000695400000, 0x0000000695400000| Untracked 
|  84|0x0000000695800000, 0x0000000695800000, 0x0000000695c00000|  0%| F|  |TAMS 0x0000000695800000, 0x0000000695800000| Untracked 
|  85|0x0000000695c00000, 0x0000000695c00000, 0x0000000696000000|  0%| F|  |TAMS 0x0000000695c00000, 0x0000000695c00000| Untracked 
|  86|0x0000000696000000, 0x0000000696000000, 0x0000000696400000|  0%| F|  |TAMS 0x0000000696000000, 0x0000000696000000| Untracked 
|  87|0x0000000696400000, 0x00000006964a8838, 0x0000000696800000| 16%| S|CS|TAMS 0x0000000696400000, 0x0000000696400000| Complete 
|  88|0x0000000696800000, 0x0000000696800000, 0x0000000696c00000|  0%| F|  |TAMS 0x0000000696800000, 0x0000000696800000| Untracked 
|  89|0x0000000696c00000, 0x0000000696c00000, 0x0000000697000000|  0%| F|  |TAMS 0x0000000696c00000, 0x0000000696c00000| Untracked 
|  90|0x0000000697000000, 0x0000000697000000, 0x0000000697400000|  0%| F|  |TAMS 0x0000000697000000, 0x0000000697000000| Untracked 
|  91|0x0000000697400000, 0x0000000697600800, 0x0000000697800000| 50%| E|  |TAMS 0x0000000697400000, 0x0000000697400000| Complete 
|  92|0x0000000697800000, 0x0000000697c00000, 0x0000000697c00000|100%| E|CS|TAMS 0x0000000697800000, 0x0000000697800000| Complete 
|  93|0x0000000697c00000, 0x0000000698000000, 0x0000000698000000|100%| E|CS|TAMS 0x0000000697c00000, 0x0000000697c00000| Complete 
|  94|0x0000000698000000, 0x0000000698400000, 0x0000000698400000|100%| E|CS|TAMS 0x0000000698000000, 0x0000000698000000| Complete 
|  95|0x0000000698400000, 0x0000000698800000, 0x0000000698800000|100%| E|CS|TAMS 0x0000000698400000, 0x0000000698400000| Complete 

Card table byte_map: [0x000001b574ce0000,0x000001b5758e0000] _byte_map_base: 0x000001b5718dc000

Marking Bits (Prev, Next): (CMBitMap*) 0x000001b56e8544a0, (CMBitMap*) 0x000001b56e8544e0
 Prev Bits: [0x000001b5764e0000, 0x000001b57c4c0000)
 Next Bits: [0x000001b50f000000, 0x000001b514fe0000)

Polling page: 0x000001b56e890000

Metaspace:

Usage:
  Non-class:     11.66 MB used.
      Class:    855.23 KB used.
       Both:     12.50 MB used.

Virtual space:
  Non-class space:       64.00 MB reserved,      11.75 MB ( 18%) committed,  1 nodes.
      Class space:        1.00 GB reserved,     960.00 KB ( <1%) committed,  1 nodes.
             Both:        1.06 GB reserved,      12.69 MB (  1%) committed. 

Chunk freelists:
   Non-Class:  4.14 MB
       Class:  15.08 MB
        Both:  19.22 MB

MaxMetaspaceSize: unlimited
CompressedClassSpaceSize: 1.00 GB
Initial GC threshold: 21.00 MB
Current GC threshold: 21.00 MB
CDS: off
MetaspaceReclaimPolicy: balanced
 - commit_granule_bytes: 65536.
 - commit_granule_words: 8192.
 - virtual_space_node_default_size: 8388608.
 - enlarge_chunks_in_place: 1.
 - new_chunks_are_fully_committed: 0.
 - uncommit_free_chunks: 1.
 - use_allocation_guard: 0.
 - handle_deallocations: 1.


Internal statistics:

num_allocs_failed_limit: 0.
num_arena_births: 68.
num_arena_deaths: 0.
num_vsnodes_births: 2.
num_vsnodes_deaths: 0.
num_space_committed: 201.
num_space_uncommitted: 0.
num_chunks_returned_to_freelist: 0.
num_chunks_taken_from_freelist: 255.
num_chunk_merges: 0.
num_chunk_splits: 173.
num_chunks_enlarged: 133.
num_inconsistent_stats: 0.

CodeHeap 'non-profiled nmethods': size=120000Kb used=424Kb max_used=424Kb free=119575Kb
 bounds [0x000001b507ad0000, 0x000001b507d40000, 0x000001b50f000000]
CodeHeap 'profiled nmethods': size=120000Kb used=1595Kb max_used=1595Kb free=118405Kb
 bounds [0x000001b500000000, 0x000001b500270000, 0x000001b507530000]
CodeHeap 'non-nmethods': size=5760Kb used=1680Kb max_used=1729Kb free=4079Kb
 bounds [0x000001b507530000, 0x000001b5077a0000, 0x000001b507ad0000]
 total_blobs=2076 nmethods=940 adapters=1049
 compilation: enabled
              stopped_count=0, restarted_count=0
 full_count=0

Compilation events (20 events):
Event: 2.138 Thread 0x000001b5190c6db0  928       1       entities.Entity::setReflectivity (6 bytes)
Event: 2.138 Thread 0x000001b5202a4990  937       4       java.util.Random::next (47 bytes)
Event: 2.138 Thread 0x000001b5190c6db0 nmethod 928 0x000001b507b37f10 code [0x000001b507b380a0, 0x000001b507b38178]
Event: 2.138 Thread 0x000001b5190c6db0  929       1       entities.Entity::setShineDamper (6 bytes)
Event: 2.138 Thread 0x000001b5190c6db0 nmethod 929 0x000001b507b38210 code [0x000001b507b383a0, 0x000001b507b38478]
Event: 2.138 Thread 0x000001b5190c6db0  930       1       entities.Entity::setMetallicMap (6 bytes)
Event: 2.138 Thread 0x000001b5190c6db0 nmethod 930 0x000001b507b38510 code [0x000001b507b386a0, 0x000001b507b38778]
Event: 2.138 Thread 0x000001b5190c6db0  931       1       entities.Entity::setAoMap (6 bytes)
Event: 2.138 Thread 0x000001b5202a58c0 nmethod 935 0x000001b507b38810 code [0x000001b507b38980, 0x000001b507b38a58]
Event: 2.138 Thread 0x000001b5190c6db0 nmethod 931 0x000001b507b38b90 code [0x000001b507b38d20, 0x000001b507b38df8]
Event: 2.138 Thread 0x000001b5190c6db0  932       1       entities.Entity::setRoughnessMap (6 bytes)
Event: 2.138 Thread 0x000001b5190c6db0 nmethod 932 0x000001b507b38e90 code [0x000001b507b39020, 0x000001b507b390f8]
Event: 2.138 Thread 0x000001b5202a4990 nmethod 937 0x000001b507b39190 code [0x000001b507b39300, 0x000001b507b393f8]
Event: 2.139 Thread 0x000001b5190c6400 nmethod 936 0x000001b507b39510 code [0x000001b507b396a0, 0x000001b507b39858]
Event: 2.139 Thread 0x000001b5190c6400  938       4       entities.Entity::<init> (56 bytes)
Event: 2.140 Thread 0x000001b5190c6db0  939       3       java.lang.System$2::findBootstrapClassOrNull (5 bytes)
Event: 2.140 Thread 0x000001b5190c6db0 nmethod 939 0x000001b50018e310 code [0x000001b50018e4c0, 0x000001b50018e6d8]
Event: 2.140 Thread 0x000001b5190c6db0  940       3       java.lang.ClassLoader::findBootstrapClassOrNull (14 bytes)
Event: 2.140 Thread 0x000001b5190c6db0 nmethod 940 0x000001b50018e810 code [0x000001b50018e9c0, 0x000001b50018eb78]
Event: 2.142 Thread 0x000001b5190c6400 nmethod 938 0x000001b507b39a10 code [0x000001b507b39ba0, 0x000001b507b3a058]

GC Heap History (4 events):
Event: 1.943 GC heap before
{Heap before GC invocations=0 (full 0):
 garbage-first heap   total 393216K, used 32768K [0x0000000680800000, 0x0000000800000000)
  region size 4096K, 5 young (20480K), 0 survivors (0K)
 Metaspace       used 12732K, committed 12928K, reserved 1114112K
  class space    used 853K, committed 960K, reserved 1048576K
}
Event: 1.946 GC heap after
{Heap after GC invocations=1 (full 0):
 garbage-first heap   total 393216K, used 14685K [0x0000000680800000, 0x0000000800000000)
  region size 4096K, 1 young (4096K), 1 survivors (4096K)
 Metaspace       used 12732K, committed 12928K, reserved 1114112K
  class space    used 853K, committed 960K, reserved 1048576K
}
Event: 1.991 GC heap before
{Heap before GC invocations=1 (full 0):
 garbage-first heap   total 393216K, used 43357K [0x0000000680800000, 0x0000000800000000)
  region size 4096K, 8 young (32768K), 1 survivors (4096K)
 Metaspace       used 12748K, committed 12992K, reserved 1114112K
  class space    used 853K, committed 960K, reserved 1048576K
}
Event: 1.993 GC heap after
{Heap after GC invocations=2 (full 0):
 garbage-first heap   total 393216K, used 15211K [0x0000000680800000, 0x0000000800000000)
  region size 4096K, 1 young (4096K), 1 survivors (4096K)
 Metaspace       used 12748K, committed 12992K, reserved 1114112K
  class space    used 853K, committed 960K, reserved 1048576K
}

Dll operation events (9 events):
Event: 0.006 Loaded shared library C:\Users\alex\.p2\pool\plugins\org.eclipse.justj.openjdk.hotspot.jre.full.win32.x86_64_17.0.7.v20230425-1502\jre\bin\java.dll
Event: 0.114 Loaded shared library C:\Users\alex\.p2\pool\plugins\org.eclipse.justj.openjdk.hotspot.jre.full.win32.x86_64_17.0.7.v20230425-1502\jre\bin\net.dll
Event: 0.115 Loaded shared library C:\Users\alex\.p2\pool\plugins\org.eclipse.justj.openjdk.hotspot.jre.full.win32.x86_64_17.0.7.v20230425-1502\jre\bin\nio.dll
Event: 0.121 Loaded shared library C:\Users\alex\.p2\pool\plugins\org.eclipse.justj.openjdk.hotspot.jre.full.win32.x86_64_17.0.7.v20230425-1502\jre\bin\zip.dll
Event: 0.178 Loaded shared library C:\Users\alex\.p2\pool\plugins\org.eclipse.justj.openjdk.hotspot.jre.full.win32.x86_64_17.0.7.v20230425-1502\jre\bin\jimage.dll
Event: 0.200 Loaded shared library C:\Users\alex\AppData\Local\Temp\lwjgl_alex\3.3.4+7\x64\lwjgl.dll
Event: 0.584 Loaded shared library C:\Users\alex\AppData\Local\Temp\lwjgl_alex\3.3.4+7\x64\lwjgl_opengl.dll
Event: 0.679 Loaded shared library C:\Users\alex\.p2\pool\plugins\org.eclipse.justj.openjdk.hotspot.jre.full.win32.x86_64_17.0.7.v20230425-1502\jre\bin\verify.dll
Event: 0.829 Loaded shared library C:\Users\alex\AppData\Local\Temp\lwjgl_alex\3.3.4+7\x64\lwjgl_stb.dll

Deoptimization events (18 events):
Event: 0.212 Thread 0x000001b56e7c82d0 DEOPT PACKING pc=0x000001b5000163e7 sp=0x000000b54bffd170
Event: 0.212 Thread 0x000001b56e7c82d0 DEOPT UNPACKING pc=0x000001b507587143 sp=0x000000b54bffc590 mode 0
Event: 0.217 Thread 0x000001b56e7c82d0 DEOPT PACKING pc=0x000001b5000075d1 sp=0x000000b54bffe380
Event: 0.217 Thread 0x000001b56e7c82d0 DEOPT UNPACKING pc=0x000001b507587143 sp=0x000000b54bffd7f8 mode 0
Event: 0.594 Thread 0x000001b56e7c82d0 Uncommon trap: trap_request=0xffffff54 fr.pc=0x000001b507af1d60 relative=0x0000000000000060
Event: 0.594 Thread 0x000001b56e7c82d0 Uncommon trap: reason=speculate_null_assert action=make_not_entrant pc=0x000001b507af1d60 method=sun.misc.Unsafe.putLong(Ljava/lang/Object;JJ)V @ 7 c2
Event: 0.594 Thread 0x000001b56e7c82d0 DEOPT PACKING pc=0x000001b507af1d60 sp=0x000000b54bfff260
Event: 0.594 Thread 0x000001b56e7c82d0 DEOPT UNPACKING pc=0x000001b5075869a3 sp=0x000000b54bfff1d8 mode 2
Event: 0.600 Thread 0x000001b56e7c82d0 Uncommon trap: trap_request=0xffffff54 fr.pc=0x000001b507af3a5c relative=0x000000000000005c
Event: 0.600 Thread 0x000001b56e7c82d0 Uncommon trap: reason=speculate_null_assert action=make_not_entrant pc=0x000001b507af3a5c method=sun.misc.Unsafe.getLong(Ljava/lang/Object;J)J @ 5 c2
Event: 0.600 Thread 0x000001b56e7c82d0 DEOPT PACKING pc=0x000001b507af3a5c sp=0x000000b54bfff3c0
Event: 0.600 Thread 0x000001b56e7c82d0 DEOPT UNPACKING pc=0x000001b5075869a3 sp=0x000000b54bfff348 mode 2
Event: 1.028 Thread 0x000001b56e7c82d0 DEOPT PACKING pc=0x000001b5000328be sp=0x000000b54bffeed0
Event: 1.028 Thread 0x000001b56e7c82d0 DEOPT UNPACKING pc=0x000001b507587143 sp=0x000000b54bffe370 mode 0
Event: 2.143 Thread 0x000001b56e7c82d0 Uncommon trap: trap_request=0xffffff45 fr.pc=0x000001b507b2be60 relative=0x0000000000000060
Event: 2.143 Thread 0x000001b56e7c82d0 Uncommon trap: reason=unstable_if action=reinterpret pc=0x000001b507b2be60 method=java.util.ArrayList$Itr.hasNext()Z @ 11 c2
Event: 2.143 Thread 0x000001b56e7c82d0 DEOPT PACKING pc=0x000001b507b2be60 sp=0x000000b54bfff630
Event: 2.143 Thread 0x000001b56e7c82d0 DEOPT UNPACKING pc=0x000001b5075869a3 sp=0x000000b54bfff5c8 mode 2

Classes unloaded (0 events):
No events

Classes redefined (0 events):
No events

Internal exceptions (20 events):
Event: 0.171 Thread 0x000001b56e7c82d0 Exception <a 'java/lang/NoSuchMethodError'{0x00000006986d4510}: 'java.lang.Object java.lang.invoke.DirectMethodHandle$Holder.invokeStatic(java.lang.Object, java.lang.Object, int)'> (0x00000006986d4510) 
thrown [s\src\hotspot\share\interpreter\linkResolver.cpp, line 759]
Event: 0.172 Thread 0x000001b56e7c82d0 Exception <a 'java/lang/NoSuchMethodError'{0x00000006986e0280}: 'void java.lang.invoke.DelegatingMethodHandle$Holder.delegate(java.lang.Object, java.lang.Object, int, java.lang.Object)'> (0x00000006986e0280) 
thrown [s\src\hotspot\share\interpreter\linkResolver.cpp, line 759]
Event: 0.172 Thread 0x000001b56e7c82d0 Exception <a 'java/lang/NoSuchMethodError'{0x00000006986e44c0}: 'int java.lang.invoke.DirectMethodHandle$Holder.invokeSpecial(java.lang.Object, java.lang.Object, java.lang.Object)'> (0x00000006986e44c0) 
thrown [s\src\hotspot\share\interpreter\linkResolver.cpp, line 759]
Event: 0.203 Thread 0x000001b56e7c82d0 Exception <a 'sun/nio/fs/WindowsException'{0x0000000698763f08}> (0x0000000698763f08) 
thrown [s\src\hotspot\share\prims\jni.cpp, line 516]
Event: 0.204 Thread 0x000001b56e7c82d0 Exception <a 'sun/nio/fs/WindowsException'{0x0000000698764448}> (0x0000000698764448) 
thrown [s\src\hotspot\share\prims\jni.cpp, line 516]
Event: 0.220 Thread 0x000001b56e7c82d0 Exception <a 'sun/nio/fs/WindowsException'{0x0000000698050638}> (0x0000000698050638) 
thrown [s\src\hotspot\share\prims\jni.cpp, line 516]
Event: 0.220 Thread 0x000001b56e7c82d0 Exception <a 'sun/nio/fs/WindowsException'{0x0000000698050990}> (0x0000000698050990) 
thrown [s\src\hotspot\share\prims\jni.cpp, line 516]
Event: 0.224 Thread 0x000001b56e7c82d0 Exception <a 'java/lang/NoSuchMethodError'{0x000000069806af68}: 'java.lang.Object java.lang.invoke.DirectMethodHandle$Holder.invokeStaticInit(java.lang.Object)'> (0x000000069806af68) 
thrown [s\src\hotspot\share\interpreter\linkResolver.cpp, line 759]
Event: 0.228 Thread 0x000001b56e7c82d0 Exception <a 'java/lang/NoSuchMethodError'{0x000000069809fd08}: 'int java.lang.invoke.DirectMethodHandle$Holder.invokeStaticInit(java.lang.Object, java.lang.Object, int, long)'> (0x000000069809fd08) 
thrown [s\src\hotspot\share\interpreter\linkResolver.cpp, line 759]
Event: 0.228 Thread 0x000001b56e7c82d0 Exception <a 'java/lang/NoSuchMethodError'{0x00000006980a55d0}: 'java.lang.Object java.lang.invoke.DirectMethodHandle$Holder.newInvokeSpecial(java.lang.Object, java.lang.Object, int)'> (0x00000006980a55d0) 
thrown [s\src\hotspot\share\interpreter\linkResolver.cpp, line 759]
Event: 0.230 Thread 0x000001b56e7c82d0 Exception <a 'java/lang/NoSuchMethodError'{0x00000006980b4628}: 'int java.lang.invoke.DirectMethodHandle$Holder.invokeStaticInit(java.lang.Object, java.lang.Object, long, long)'> (0x00000006980b4628) 
thrown [s\src\hotspot\share\interpreter\linkResolver.cpp, line 759]
Event: 0.231 Thread 0x000001b56e7c82d0 Exception <a 'java/lang/NoSuchMethodError'{0x00000006980ba738}: 'java.lang.Object java.lang.invoke.DirectMethodHandle$Holder.newInvokeSpecial(java.lang.Object, java.lang.Object, long)'> (0x00000006980ba738) 
thrown [s\src\hotspot\share\interpreter\linkResolver.cpp, line 759]
Event: 0.231 Thread 0x000001b56e7c82d0 Exception <a 'java/lang/NoSuchMethodError'{0x00000006980bea28}: 'java.lang.Object java.lang.invoke.Invokers$Holder.linkToTargetMethod(java.lang.Object, long, java.lang.Object)'> (0x00000006980bea28) 
thrown [s\src\hotspot\share\interpreter\linkResolver.cpp, line 759]
Event: 0.232 Thread 0x000001b56e7c82d0 Exception <a 'java/lang/NoSuchMethodError'{0x00000006980c6140}: 'int java.lang.invoke.DirectMethodHandle$Holder.invokeStaticInit(java.lang.Object, java.lang.Object, java.lang.Object, long)'> (0x00000006980c6140) 
thrown [s\src\hotspot\share\interpreter\linkResolver.cpp, line 759]
Event: 0.582 Thread 0x000001b56e7c82d0 Exception <a 'sun/nio/fs/WindowsException'{0x0000000698162da0}> (0x0000000698162da0) 
thrown [s\src\hotspot\share\prims\jni.cpp, line 516]
Event: 0.582 Thread 0x000001b56e7c82d0 Exception <a 'sun/nio/fs/WindowsException'{0x0000000698163130}> (0x0000000698163130) 
thrown [s\src\hotspot\share\prims\jni.cpp, line 516]
Event: 0.586 Thread 0x000001b56e7c82d0 Exception <a 'sun/nio/fs/WindowsException'{0x0000000698170240}> (0x0000000698170240) 
thrown [s\src\hotspot\share\prims\jni.cpp, line 516]
Event: 0.587 Thread 0x000001b56e7c82d0 Exception <a 'sun/nio/fs/WindowsException'{0x0000000698170510}> (0x0000000698170510) 
thrown [s\src\hotspot\share\prims\jni.cpp, line 516]
Event: 0.827 Thread 0x000001b56e7c82d0 Exception <a 'sun/nio/fs/WindowsException'{0x00000006978c00b8}> (0x00000006978c00b8) 
thrown [s\src\hotspot\share\prims\jni.cpp, line 516]
Event: 0.827 Thread 0x000001b56e7c82d0 Exception <a 'sun/nio/fs/WindowsException'{0x00000006978c0428}> (0x00000006978c0428) 
thrown [s\src\hotspot\share\prims\jni.cpp, line 516]

VM Operations (8 events):
Event: 0.127 Executing VM operation: HandshakeAllThreads
Event: 0.127 Executing VM operation: HandshakeAllThreads done
Event: 1.141 Executing VM operation: Cleanup
Event: 1.141 Executing VM operation: Cleanup done
Event: 1.943 Executing VM operation: G1CollectForAllocation
Event: 1.946 Executing VM operation: G1CollectForAllocation done
Event: 1.991 Executing VM operation: G1CollectForAllocation
Event: 1.993 Executing VM operation: G1CollectForAllocation done

Events (20 events):
Event: 0.994 loading class jdk/internal/math/FloatingDecimal$BinaryToASCIIConverter done
Event: 0.994 loading class jdk/internal/math/FloatingDecimal$ExceptionalBinaryToASCIIBuffer done
Event: 0.994 loading class jdk/internal/math/FloatingDecimal$BinaryToASCIIBuffer
Event: 0.995 loading class jdk/internal/math/FloatingDecimal$BinaryToASCIIBuffer done
Event: 0.995 loading class jdk/internal/math/FloatingDecimal$1
Event: 0.995 loading class jdk/internal/math/FloatingDecimal$1 done
Event: 0.995 loading class jdk/internal/math/FloatingDecimal$PreparedASCIIToBinaryBuffer
Event: 0.995 loading class jdk/internal/math/FloatingDecimal$ASCIIToBinaryConverter
Event: 0.995 loading class jdk/internal/math/FloatingDecimal$ASCIIToBinaryConverter done
Event: 0.995 loading class jdk/internal/math/FloatingDecimal$PreparedASCIIToBinaryBuffer done
Event: 0.995 loading class jdk/internal/math/FloatingDecimal$ASCIIToBinaryBuffer
Event: 0.995 loading class jdk/internal/math/FloatingDecimal$ASCIIToBinaryBuffer done
Event: 1.004 Thread 0x000001b5202a53b0 Thread added: 0x000001b5202a53b0
Event: 1.010 Thread 0x000001b5202a6d00 Thread added: 0x000001b5202a6d00
Event: 1.175 Thread 0x000001b5202a6d00 Thread exited: 0x000001b5202a6d00
Event: 1.175 Thread 0x000001b5202a53b0 Thread exited: 0x000001b5202a53b0
Event: 1.938 loading class jdk/internal/math/FDBigInteger
Event: 1.938 loading class jdk/internal/math/FDBigInteger done
Event: 1.940 Thread 0x000001b5202a58c0 Thread added: 0x000001b5202a58c0
Event: 1.946 Thread 0x000001b5202a4990 Thread added: 0x000001b5202a4990


Dynamic libraries:
0x00007ff7162f0000 - 0x00007ff7162fe000 	C:\Users\alex\.p2\pool\plugins\org.eclipse.justj.openjdk.hotspot.jre.full.win32.x86_64_17.0.7.v20230425-1502\jre\bin\javaw.exe
0x00007ff8645f0000 - 0x00007ff8647e8000 	C:\WINDOWS\SYSTEM32\ntdll.dll
0x00007ff863b20000 - 0x00007ff863be2000 	C:\WINDOWS\System32\KERNEL32.DLL
0x00007ff862060000 - 0x00007ff86235f000 	C:\WINDOWS\System32\KERNELBASE.dll
0x00007ff861f60000 - 0x00007ff862060000 	C:\WINDOWS\System32\ucrtbase.dll
0x00007ff84aaa0000 - 0x00007ff84aab7000 	C:\Users\alex\.p2\pool\plugins\org.eclipse.justj.openjdk.hotspot.jre.full.win32.x86_64_17.0.7.v20230425-1502\jre\bin\jli.dll
0x00007ff84aa80000 - 0x00007ff84aa99000 	C:\Users\alex\.p2\pool\plugins\org.eclipse.justj.openjdk.hotspot.jre.full.win32.x86_64_17.0.7.v20230425-1502\jre\bin\VCRUNTIME140.dll
0x00007ff863610000 - 0x00007ff8637ad000 	C:\WINDOWS\System32\USER32.dll
0x00007ff862550000 - 0x00007ff862572000 	C:\WINDOWS\System32\win32u.dll
0x00007ff861130000 - 0x00007ff8613ca000 	C:\WINDOWS\WinSxS\amd64_microsoft.windows.common-controls_6595b64144ccf1df_6.0.19041.4355_none_60b8b9eb71f62e16\COMCTL32.dll
0x00007ff863cc0000 - 0x00007ff863ceb000 	C:\WINDOWS\System32\GDI32.dll
0x00007ff8625d0000 - 0x00007ff8626e7000 	C:\WINDOWS\System32\gdi32full.dll
0x00007ff862900000 - 0x00007ff86299e000 	C:\WINDOWS\System32\msvcrt.dll
0x00007ff861d70000 - 0x00007ff861e0d000 	C:\WINDOWS\System32\msvcp_win.dll
0x00007ff863560000 - 0x00007ff86358f000 	C:\WINDOWS\System32\IMM32.DLL
0x00007ff85ec20000 - 0x00007ff85ec2c000 	C:\Users\alex\.p2\pool\plugins\org.eclipse.justj.openjdk.hotspot.jre.full.win32.x86_64_17.0.7.v20230425-1502\jre\bin\vcruntime140_1.dll
0x00007ff82ead0000 - 0x00007ff82eb61000 	C:\Users\alex\.p2\pool\plugins\org.eclipse.justj.openjdk.hotspot.jre.full.win32.x86_64_17.0.7.v20230425-1502\jre\bin\msvcp140.dll
0x00007fffc2a80000 - 0x00007fffc36c8000 	C:\Users\alex\.p2\pool\plugins\org.eclipse.justj.openjdk.hotspot.jre.full.win32.x86_64_17.0.7.v20230425-1502\jre\bin\server\jvm.dll
0x00007ff863cf0000 - 0x00007ff863da1000 	C:\WINDOWS\System32\ADVAPI32.dll
0x00007ff863230000 - 0x00007ff8632cf000 	C:\WINDOWS\System32\sechost.dll
0x00007ff862f00000 - 0x00007ff863023000 	C:\WINDOWS\System32\RPCRT4.dll
0x00007ff861e80000 - 0x00007ff861ea7000 	C:\WINDOWS\System32\bcrypt.dll
0x00007ff8592a0000 - 0x00007ff8592aa000 	C:\WINDOWS\SYSTEM32\VERSION.dll
0x00007ff857c40000 - 0x00007ff857c49000 	C:\WINDOWS\SYSTEM32\WSOCK32.dll
0x00007ff851210000 - 0x00007ff851237000 	C:\WINDOWS\SYSTEM32\WINMM.dll
0x00007ff864540000 - 0x00007ff8645ab000 	C:\WINDOWS\System32\WS2_32.dll
0x00007ff85f590000 - 0x00007ff85f5a2000 	C:\WINDOWS\SYSTEM32\kernel.appcore.dll
0x00007ff857c30000 - 0x00007ff857c3a000 	C:\Users\alex\.p2\pool\plugins\org.eclipse.justj.openjdk.hotspot.jre.full.win32.x86_64_17.0.7.v20230425-1502\jre\bin\jimage.dll
0x00007ff861770000 - 0x00007ff861954000 	C:\WINDOWS\SYSTEM32\DBGHELP.DLL
0x00007ff861500000 - 0x00007ff861534000 	C:\WINDOWS\SYSTEM32\dbgcore.DLL
0x00007ff862360000 - 0x00007ff8623e2000 	C:\WINDOWS\System32\bcryptPrimitives.dll
0x00007ff857bc0000 - 0x00007ff857be5000 	C:\Users\alex\.p2\pool\plugins\org.eclipse.justj.openjdk.hotspot.jre.full.win32.x86_64_17.0.7.v20230425-1502\jre\bin\java.dll
0x00007ff850e70000 - 0x00007ff850e88000 	C:\Users\alex\.p2\pool\plugins\org.eclipse.justj.openjdk.hotspot.jre.full.win32.x86_64_17.0.7.v20230425-1502\jre\bin\zip.dll
0x00007ff863dd0000 - 0x00007ff86453e000 	C:\WINDOWS\System32\SHELL32.dll
0x00007ff85f790000 - 0x00007ff85ff34000 	C:\WINDOWS\SYSTEM32\windows.storage.dll
0x00007ff8637b0000 - 0x00007ff863b05000 	C:\WINDOWS\System32\combase.dll
0x00007ff861090000 - 0x00007ff8610bf000 	C:\WINDOWS\SYSTEM32\Wldp.dll
0x00007ff862e30000 - 0x00007ff862efd000 	C:\WINDOWS\System32\OLEAUT32.dll
0x00007ff8634b0000 - 0x00007ff86355d000 	C:\WINDOWS\System32\SHCORE.dll
0x00007ff863c60000 - 0x00007ff863cb5000 	C:\WINDOWS\System32\shlwapi.dll
0x00007ff861ca0000 - 0x00007ff861cc4000 	C:\WINDOWS\SYSTEM32\profapi.dll
0x00007ff8507c0000 - 0x00007ff8507d9000 	C:\Users\alex\.p2\pool\plugins\org.eclipse.justj.openjdk.hotspot.jre.full.win32.x86_64_17.0.7.v20230425-1502\jre\bin\net.dll
0x00007ff859960000 - 0x00007ff859a6d000 	C:\WINDOWS\SYSTEM32\WINHTTP.dll
0x00007ff860f60000 - 0x00007ff860fca000 	C:\WINDOWS\system32\mswsock.dll
0x00007ff84bb50000 - 0x00007ff84bb65000 	C:\Users\alex\.p2\pool\plugins\org.eclipse.justj.openjdk.hotspot.jre.full.win32.x86_64_17.0.7.v20230425-1502\jre\bin\nio.dll
0x00007ff8172d0000 - 0x00007ff81734b000 	C:\Users\alex\AppData\Local\Temp\lwjgl_alex\3.3.4+7\x64\lwjgl.dll
0x00007ff8170f0000 - 0x00007ff817175000 	C:\Users\alex\AppData\Local\Temp\lwjgl_alex\3.3.4+7\x64\glfw.dll
0x00007ff8225c0000 - 0x00007ff822605000 	C:\WINDOWS\SYSTEM32\dinput8.dll
0x00007ff84a340000 - 0x00007ff84a351000 	C:\WINDOWS\SYSTEM32\xinput1_4.dll
0x00007ff862580000 - 0x00007ff8625ce000 	C:\WINDOWS\System32\cfgmgr32.dll
0x00007ff861b00000 - 0x00007ff861b33000 	C:\WINDOWS\SYSTEM32\DEVOBJ.dll
0x00007ff85f380000 - 0x00007ff85f3af000 	C:\WINDOWS\SYSTEM32\dwmapi.dll
0x00007ff855dd0000 - 0x00007ff855f22000 	C:\WINDOWS\SYSTEM32\inputhost.dll
0x00007ff85d310000 - 0x00007ff85d467000 	C:\WINDOWS\SYSTEM32\wintypes.dll
0x00007ff85e280000 - 0x00007ff85e372000 	C:\WINDOWS\SYSTEM32\CoreMessaging.dll
0x00007ff85d180000 - 0x00007ff85d276000 	C:\WINDOWS\SYSTEM32\PROPSYS.dll
0x00007ff85d600000 - 0x00007ff85d95b000 	C:\WINDOWS\SYSTEM32\CoreUIComponents.dll
0x00007ff861aa0000 - 0x00007ff861ad3000 	C:\WINDOWS\SYSTEM32\ntmarta.dll
0x00007ff85f0f0000 - 0x00007ff85f18e000 	C:\WINDOWS\system32\uxtheme.dll
0x00007ff863030000 - 0x00007ff863145000 	C:\WINDOWS\System32\MSCTF.dll
0x00007ff8100f0000 - 0x00007ff810218000 	C:\WINDOWS\SYSTEM32\opengl32.dll
0x00007ff847bb0000 - 0x00007ff847bdc000 	C:\WINDOWS\SYSTEM32\GLU32.dll
0x00007ff863400000 - 0x00007ff8634a9000 	C:\WINDOWS\System32\clbcatq.dll
0x00007ff806420000 - 0x00007ff8093df000 	C:\WINDOWS\System32\DriverStore\FileRepository\nvgbdi.inf_amd64_4a2574804558c4b2\nvoglv64.dll
0x00007ff8629b0000 - 0x00007ff862e21000 	C:\WINDOWS\System32\SETUPAPI.dll
0x00007ff8632d0000 - 0x00007ff8633fb000 	C:\WINDOWS\System32\ole32.dll
0x00007ff85cb20000 - 0x00007ff85cb34000 	C:\WINDOWS\SYSTEM32\WTSAPI32.dll
0x00007ff861050000 - 0x00007ff86105c000 	C:\WINDOWS\SYSTEM32\CRYPTBASE.DLL
0x00007ff8614e0000 - 0x00007ff8614f2000 	C:\WINDOWS\SYSTEM32\msasn1.dll
0x00007ff8591b0000 - 0x00007ff8591e1000 	C:\WINDOWS\SYSTEM32\cryptnet.dll
0x00007ff8623f0000 - 0x00007ff86254c000 	C:\WINDOWS\System32\CRYPT32.dll
0x00007ff856170000 - 0x00007ff8562b7000 	C:\WINDOWS\SYSTEM32\drvstore.dll
0x00007ff861e10000 - 0x00007ff861e79000 	C:\WINDOWS\System32\WINTRUST.dll
0x00007ff85da30000 - 0x00007ff85da6b000 	C:\WINDOWS\SYSTEM32\dxcore.dll
0x00007fffee8a0000 - 0x00007fffeeb65000 	C:\WINDOWS\system32\nvspcap64.dll
0x00007ff861960000 - 0x00007ff8619ab000 	C:\WINDOWS\SYSTEM32\powrprof.dll
0x00007ff8614c0000 - 0x00007ff8614d2000 	C:\WINDOWS\SYSTEM32\UMPDC.dll
0x00007ff8603f0000 - 0x00007ff86044b000 	C:\WINDOWS\SYSTEM32\WINSTA.dll
0x00007ff855f30000 - 0x00007ff856029000 	C:\WINDOWS\SYSTEM32\textinputframework.dll
0x00007ff817080000 - 0x00007ff8170e1000 	C:\Users\alex\AppData\Local\Temp\lwjgl_alex\3.3.4+7\x64\lwjgl_opengl.dll
0x00007ff857ba0000 - 0x00007ff857bb0000 	C:\Users\alex\.p2\pool\plugins\org.eclipse.justj.openjdk.hotspot.jre.full.win32.x86_64_17.0.7.v20230425-1502\jre\bin\verify.dll
0x00007ff816bf0000 - 0x00007ff816c90000 	C:\Users\alex\AppData\Local\Temp\lwjgl_alex\3.3.4+7\x64\lwjgl_stb.dll

dbghelp: loaded successfully - version: 4.0.5 - missing functions: none
symbol engine: initialized successfully - sym options: 0x614 - pdb path: .;C:\Users\alex\.p2\pool\plugins\org.eclipse.justj.openjdk.hotspot.jre.full.win32.x86_64_17.0.7.v20230425-1502\jre\bin;C:\WINDOWS\SYSTEM32;C:\WINDOWS\WinSxS\amd64_microsoft.windows.common-controls_6595b64144ccf1df_6.0.19041.4355_none_60b8b9eb71f62e16;C:\Users\alex\.p2\pool\plugins\org.eclipse.justj.openjdk.hotspot.jre.full.win32.x86_64_17.0.7.v20230425-1502\jre\bin\server;C:\Users\alex\AppData\Local\Temp\lwjgl_alex\3.3.4+7\x64;C:\WINDOWS\System32\DriverStore\FileRepository\nvgbdi.inf_amd64_4a2574804558c4b2

VM Arguments:
jvm_args: -Dfile.encoding=UTF-8 -XX:+ShowCodeDetailsInExceptionMessages 
java_command: main.Main
java_class_path (initial): D:\Code Space\Java\CurrentRenderingPipeline\bin;D:\Code Space\Java\CurrentRenderingPipeline\lib\jars\jbullet.jar;D:\Code Space\Java\CurrentRenderingPipeline\lib\jars\jinput-2.0.10.jar;D:\Code Space\Java\CurrentRenderingPipeline\lib\jars\joml-1.10.7.jar;D:\Code Space\Java\CurrentRenderingPipeline\lib\jars\joml-1.10.7-javadoc.jar;D:\Code Space\Java\CurrentRenderingPipeline\lib\jars\joml-1.10.7-sources.jar;D:\Code Space\Java\CurrentRenderingPipeline\lib\jars\lwjgl_util.jar;D:\Code Space\Java\CurrentRenderingPipeline\lib\jars\lwjgl.jar;D:\Code Space\Java\CurrentRenderingPipeline\lib\jars\lwjgl-assimp.jar;D:\Code Space\Java\CurrentRenderingPipeline\lib\jars\lwjgl-assimp-javadoc.jar;D:\Code Space\Java\CurrentRenderingPipeline\lib\jars\lwjgl-assimp-natives-windows.jar;D:\Code Space\Java\CurrentRenderingPipeline\lib\jars\lwjgl-assimp-sources.jar;D:\Code Space\Java\CurrentRenderingPipeline\lib\jars\lwjgl-glfw.jar;D:\Code Space\Java\CurrentRenderingPipeline\lib\jars\lwjgl-glfw-javadoc.jar;D:\Code Space\Java\CurrentRenderingPipeline\lib\jars\lwjgl-glfw-natives-windows.jar;D:\Code Space\Java\CurrentRenderingPipeline\lib\jars\lwjgl-glfw-sources.jar;D:\Code Space\Java\CurrentRenderingPipeline\lib\jars\lwjgl-javadoc.jar;D:\Code Space\Java\CurrentRenderingPipeline\lib\jars\lwjgl-natives-windows.jar;D:\Code Space\Java\CurrentRenderingPipeline\lib\jars\lwjgl-openal.jar;D:\Code Space\Java\CurrentRenderingPipeline\lib\jars\lwjgl-openal-javadoc.jar;D:\Code Space\Java\CurrentRenderingPipeline\lib\jars\lwjgl-openal-natives-windows.jar;D:\Code Space\Java\CurrentRenderingPipeline\lib\jars\lwjgl-openal-sources.jar;D:\Code Space\Java\CurrentRenderingPipeline\lib\jars\lwjgl-opengl.jar;D:\Code Space\Java\CurrentRenderingPipeline\lib\jars\lwjgl-opengl-javadoc.jar;D:\Code Space\Java\CurrentRenderingPipeline\lib\jars\lwjgl-opengl-natives-windows.jar;D:\Code Space\Java\CurrentRenderingPipeline\lib\jars\lwjgl-opengl-sources.jar;D:\Code Space\Java\CurrentRenderingPipeline
Launcher Type: SUN_STANDARD

[Global flags]
     intx CICompilerCount                          = 4                                         {product} {ergonomic}
     uint ConcGCThreads                            = 2                                         {product} {ergonomic}
     uint G1ConcRefinementThreads                  = 8                                         {product} {ergonomic}
   size_t G1HeapRegionSize                         = 4194304                                   {product} {ergonomic}
    uintx GCDrainStackTargetSize                   = 64                                        {product} {ergonomic}
   size_t InitialHeapSize                          = 402653184                                 {product} {ergonomic}
   size_t MarkStackSize                            = 4194304                                   {product} {ergonomic}
   size_t MaxHeapSize                              = 6434062336                                {product} {ergonomic}
   size_t MaxNewSize                               = 3858759680                                {product} {ergonomic}
   size_t MinHeapDeltaBytes                        = 4194304                                   {product} {ergonomic}
   size_t MinHeapSize                              = 8388608                                   {product} {ergonomic}
    uintx NonNMethodCodeHeapSize                   = 5839372                                {pd product} {ergonomic}
    uintx NonProfiledCodeHeapSize                  = 122909434                              {pd product} {ergonomic}
    uintx ProfiledCodeHeapSize                     = 122909434                              {pd product} {ergonomic}
    uintx ReservedCodeCacheSize                    = 251658240                              {pd product} {ergonomic}
     bool SegmentedCodeCache                       = true                                      {product} {ergonomic}
     bool ShowCodeDetailsInExceptionMessages       = true                                   {manageable} {command line}
   size_t SoftMaxHeapSize                          = 6434062336                             {manageable} {ergonomic}
     bool UseCompressedClassPointers               = true                           {product lp64_product} {ergonomic}
     bool UseCompressedOops                        = true                           {product lp64_product} {ergonomic}
     bool UseG1GC                                  = true                                      {product} {ergonomic}
     bool UseLargePagesIndividualAllocation        = false                                  {pd product} {ergonomic}

Logging:
Log output configuration:
 #0: stdout all=warning uptime,level,tags
 #1: stderr all=off uptime,level,tags

Environment Variables:
JAVA_HOME=C:\Program Files\Java\jre1.8.0_281\lib
CLASSPATH=C:\Users\Sunbond\Documents\apache-tomcat-8.5.65\lib\servlet-api.jar
PATH=C:/Users/alex/.p2/pool/plugins/org.eclipse.justj.openjdk.hotspot.jre.full.win32.x86_64_17.0.7.v20230425-1502/jre/bin/server;C:/Users/alex/.p2/pool/plugins/org.eclipse.justj.openjdk.hotspot.jre.full.win32.x86_64_17.0.7.v20230425-1502/jre/bin;C:\Python312\Scripts\;C:\Python312\;C:\Program Files\Eclipse Adoptium\jdk-21.0.1.12-hotspot\bin;C:\Python311\Scripts\;C:\Python311\;C:\Program Files\Zulu\zulu-17\bin\;C:\Program Files\Eclipse Foundation\jdk-8.0.302.8-hotspot\bin;C:\PROGRAM FILES (X86)\COMMON FILES\ORACLE\JAVA\JAVAPATH;C:\WINDOWS\SYSTEM32;C:\WINDOWS;C:\WINDOWS\SYSTEM32\WBEM;C:\WINDOWS\SYSTEM32\WINDOWSPOWERSHELL\V1.0\;C:\WINDOWS\SYSTEM32\OPENSSH\;C:\PROGRAM FILES\NVIDIA CORPORATION\NVIDIA NVDLISR;C:\PROGRAM FILES (X86)\NVIDIA CORPORATION\PHYSX\COMMON;C:\PROGRAM FILES\DOTNET\;C:\USERDATA\GIT\CMD;C:\PROGRAM FILES\MICROSOFT SQL SERVER\130\TOOLS\BINN\;C:\PROGRAM FILES\MICROSOFT SQL SERVER\CLIENT SDK\ODBC\170\TOOLS\BINN\;C:\PROGRAM FILES\AZURE DATA STUDIO\BIN;C:\PROGRAM FILES (X86)\MICROSOFT SQL SERVER\150\DTS\BINN\;C:\PROGRAM FILES (X86)\MICROSOFT SQL SERVER\150\TOOLS\BINN\;C:\PROGRAM FILES\MICROSOFT SQL SERVER\150\TOOLS\BINN\;C:\PROGRAM FILES\MICROSOFT SQL SERVER\150\DTS\BINN\;C:\PROGRAM FILES\MICROSOFT SQL SERVER\120\TOOLS\BINN\;C:\MAMP\BIN\PHP\PHP7.4.1\PHP.EXE;C:\MAMP\BIN\PHP\PHP7.4.1\;C:\ProgramData\chocolatey\bin;C:\UserData\Git\cmd;C:\Program Files\sfdx\bin;C:\Program Files\Java\jdk1.8.0_281\lib;C:\Program Files\Java\jre1.8.0_281\lib;C:\MinGW\bin;D:\Code Space\NodeJS\;D:\Android Studio\SDKs\platform-tools;D:\Android Studio\SDKs\emulator;C:\Users\alex\AppData\Local\Microsoft\WindowsApps;C:\Users\alex\AppData\Local\Programs\Microsoft VS Code\bin;C:\Users\alex\AppData\Local\sfdx\client\bin;C:\Users\alex\AppData\Local\GitHubDesktop\bin;C:\Users\alex\.dotnet\tools;C:\Program Files\Java\jre1.8.0_281\lib;C:\Program Files\Java\jdk1.8.0_281\lib;C:\MinGW\bin;C:\Program Files\heroku\bin;C:\Users\alex\AppData\Local\sf\client\bin;C:\Program Files\sf\bin;C:\Users\alex\AppDat
USERNAME=alex
OS=Windows_NT
PROCESSOR_IDENTIFIER=Intel64 Family 6 Model 158 Stepping 9, GenuineIntel
TMP=C:\Users\alex\AppData\Local\Temp
TEMP=C:\Users\alex\AppData\Local\Temp



---------------  S Y S T E M  ---------------

OS:
 Windows 10 , 64 bit Build 19041 (10.0.19041.5198)
OS uptime: 2 days 8:01 hours

CPU: total 8 (initial active 8) (4 cores per cpu, 2 threads per core) family 6 model 158 stepping 9 microcode 0xb4, cx8, cmov, fxsr, ht, mmx, 3dnowpref, sse, sse2, sse3, ssse3, sse4.1, sse4.2, popcnt, lzcnt, tsc, tscinvbit, avx, avx2, aes, erms, clmul, bmi1, bmi2, rtm, adx, fma, vzeroupper, clflush, clflushopt

Memory: 4k page, system-wide physical 24540M (3923M free)
TotalPageFile size 53212M (AvailPageFile size 12767M)
current process WorkingSet (physical memory assigned to process): 184M, peak: 349M
current process commit charge ("private bytes"): 843M, peak: 880M

vm_info: OpenJDK 64-Bit Server VM (17.0.7+7) for windows-amd64 JRE (17.0.7+7), built on Apr 18 2023 22:10:42 by "temurin" with MS VC++ 16.7 (VS2019)

END.
